wandb: Currently logged in as: s204775. Use `wandb login --relogin` to force relogin
wandb: wandb version 0.16.1 is available!  To upgrade, please run:
wandb:  $ pip install wandb --upgrade
wandb: Tracking run with wandb version 0.15.12
wandb: Run data is saved locally in /home/cat/s204775/projects/Bachelor_project/ML/regression/mlr/smogn/wandb/run-20231208_194132-sx4l1vgs
wandb: Run `wandb offline` to turn off syncing.
wandb: Syncing run 12/08/2023_19:41
wandb: ⭐️ View project at https://wandb.ai/s204775/bsc_project
wandb: 🚀 View run at https://wandb.ai/s204775/bsc_project/runs/sx4l1vgs
wandb: Waiting for W&B process to finish... (success).
wandb: 
wandb: Run history:
wandb: rmse ▁
wandb: 
wandb: Run summary:
wandb: rmse 17.87625
wandb: 
wandb: 🚀 View run 12/08/2023_19:41 at: https://wandb.ai/s204775/bsc_project/runs/sx4l1vgs
wandb: Synced 6 W&B file(s), 0 media file(s), 0 artifact file(s) and 1 other file(s)
wandb: Find logs at: ./wandb/run-20231208_194132-sx4l1vgs/logs
RMSE: 17.876251389393385
[(33.22182310556977, 34.24342931243784, 1.0216062068680714), (36.920943836984236, 39.0927205027026, 2.1717766657183617), (44.04083789827561, 41.32817412333736, 2.7126637749382496), (41.12216169460146, 42.24075795306887, 1.118596258467413), (41.02696782079684, 43.46689655172414, 2.4399287309272992), (45.5070684568862, 45.16958198373067, 0.33748647315552915), (38.15289811238321, 50.445986124876114, 12.293088012492902), (36.7760116448562, 50.099800399201605, 13.323788754345408), (34.3250771579213, 50.54757665677547, 16.22249949885417), (45.65306564794949, 44.99176856879165, 0.6612970791578405), (34.63329929862107, 50.71276535838828, 16.079466059767213), (40.67388719485413, 44.646674490051126, 3.9727872951969943), (48.783547538483674, 40.24653173593084, 8.537015802552837), (121.83485335131934, 0.0, 121.83485335131934), (25.645367176165735, 0.0, 25.645367176165735), (5.038503755996061, 0.0, 5.038503755996061), (-24.59249053047688, 0.0, 24.59249053047688), (170.132742159536, 0.0, 170.132742159536), (36.63642140094532, 0.0, 36.63642140094532), (47.89134128870754, 40.4, 7.491341288707538), (21.950310298142483, 50.2, 28.24968970185752), (34.17500048555689, 50.9, 16.724999514443105), (38.146196053335075, 50.0, 11.853803946664925), (31.031968362654226, 39.0, 7.968031637345774), (38.68526085589082, 23.8, 14.885260855890817), (-5.251058938392106, 8.3, 13.551058938392107), (45.364018108669654, 45.1, 0.2640181086696529), (44.32190132535217, 44.7, 0.37809867464783053), (42.522951764217794, 42.3, 0.22295176421779672), (33.43249584634066, 34.6, 1.167504153659344), (24.39702050384875, 13.4, 10.99702050384875), (43.47134068932897, 13.0, 30.47134068932897), (17.212109996939603, 17.8, 0.587890003060398), (21.78087649104674, 9.9, 11.88087649104674), (19.525939621846078, 16.6, 2.9259396218460765), (35.35284513765305, 16.2, 19.15284513765305)]
