wandb: Currently logged in as: s204775. Use `wandb login --relogin` to force relogin
wandb: wandb version 0.16.1 is available!  To upgrade, please run:
wandb:  $ pip install wandb --upgrade
wandb: Tracking run with wandb version 0.15.12
wandb: Run data is saved locally in /home/cat/s204775/projects/Bachelor_project/ML/regression/mlr/smogn/wandb/run-20231208_191752-tau4inwt
wandb: Run `wandb offline` to turn off syncing.
wandb: Syncing run 12/08/2023_19:17
wandb: ⭐️ View project at https://wandb.ai/s204775/bsc_project
wandb: 🚀 View run at https://wandb.ai/s204775/bsc_project/runs/tau4inwt
wandb: Waiting for W&B process to finish... (success).
wandb: 
wandb: Run history:
wandb: rmse ▁
wandb: 
wandb: Run summary:
wandb: rmse 19.49278
wandb: 
wandb: 🚀 View run 12/08/2023_19:17 at: https://wandb.ai/s204775/bsc_project/runs/tau4inwt
wandb: Synced 6 W&B file(s), 0 media file(s), 0 artifact file(s) and 1 other file(s)
wandb: Find logs at: ./wandb/run-20231208_191752-tau4inwt/logs
RMSE: 19.492781814347598
[(40.57090298972029, 35.855181493702574, 4.715721496017714), (44.287761629317345, 39.39702549452019, 4.890736134797152), (32.29705827258584, 45.74992412611317, 13.452865853527328), (43.49415490804426, 46.423829398054366, 2.9296744900101075), (50.954287724656815, 52.21907864728592, 1.2647909226291034), (43.292632472932276, 62.9562692137455, 19.663636740813224), (42.16332794017578, 94.35, 52.18667205982421), (45.763829252764474, 63.44523246650907, 17.681403213744595), (49.20212087526376, 63.44523246650907, 14.24311159124531), (42.61223980672197, 37.71428571428572, 4.897954092436251), (32.68536682267829, 45.21670814486831, 12.531341322190023), (50.7026410065196, 51.87586839675608, 1.1732273902364838), (49.701455745374844, 64.06704246902353, 14.36558672364869), (131.27877216905307, 0.0, 131.27877216905307), (-33.16770778338562, 0.0, 33.16770778338562), (-25.65670247135604, 0.0, 25.65670247135604), (-9.552293090006305, 0.0, 9.552293090006305), (1.1651238253716834, 1.3, 0.1348761746283167), (3.7754822542960547, 0.0, 3.7754822542960547), (17.161624893650064, 8.9, 8.261624893650064), (21.844819630441375, 5.7, 16.144819630441376), (22.75264757438416, 11.4, 11.352647574384159), (27.903538934854453, 36.0, 8.096461065145547), (43.56001038835174, 46.3, 2.739989611648255), (37.66185111650067, 6.4, 31.261851116500672), (42.82169046572971, 7.6, 35.22169046572971), (32.99553124868288, 8.1, 24.89553124868288), (49.649002302143444, 64.0, 14.350997697856556), (29.225082592895376, 62.9, 33.67491740710462), (43.263033472975856, 62.9, 19.636966527024143), (36.728037929639584, 45.6, 8.871962070360418), (46.99187378000817, 39.6, 7.391873780008169), (51.07024913228729, 13.8, 37.27024913228729), (70.25603046245374, 10.5, 59.75603046245374), (53.298978961533926, 52.4, 0.8989789615339276), (49.64900230214343, 64.0, 14.35099769785657)]
