wandb: Currently logged in as: s204775. Use `wandb login --relogin` to force relogin
wandb: wandb version 0.16.1 is available!  To upgrade, please run:
wandb:  $ pip install wandb --upgrade
wandb: Tracking run with wandb version 0.15.12
wandb: Run data is saved locally in /home/cat/s204775/projects/Bachelor_project/ML/regression/mlr/smogn/wandb/run-20231208_194149-8uniej0f
wandb: Run `wandb offline` to turn off syncing.
wandb: Syncing run 12/08/2023_19:41
wandb: ⭐️ View project at https://wandb.ai/s204775/bsc_project
wandb: 🚀 View run at https://wandb.ai/s204775/bsc_project/runs/8uniej0f
wandb: Waiting for W&B process to finish... (success).
wandb: 
wandb: Run history:
wandb: rmse ▁
wandb: 
wandb: Run summary:
wandb: rmse 11.38738
wandb: 
wandb: 🚀 View run 12/08/2023_19:41 at: https://wandb.ai/s204775/bsc_project/runs/8uniej0f
wandb: Synced 6 W&B file(s), 0 media file(s), 0 artifact file(s) and 1 other file(s)
wandb: Find logs at: ./wandb/run-20231208_194149-8uniej0f/logs
RMSE: 11.38738341676286
[(70.7570471757272, 83.07195195195196, 12.314904776224765), (3.1418799397332577, 15.09196081809752, 11.950080878364263), (10.286307057828253, 6.1344, 4.151907057828253), (30.147378897835694, 13.769767923273175, 16.37761097456252), (-1.067139949759678, 14.680178173349908, 15.747318123109586), (2.819030831743305, 5.360578621404174, 2.5415477896608687), (9.072641065564028, 5.728695652173912, 3.3439454133901156), (68.6405236965293, 80.43629583592295, 11.795772139393648), (92.8357137724986, 84.20699881376038, 8.628714958738215), (39.23647248451536, 81.5, 42.26352751548464), (92.93791087563602, 87.1, 5.837910875636027), (17.231344361738536, 7.1, 10.131344361738536), (5.212380477175202, 2.1, 3.112380477175202), (-13.38870882401315, 0.0, 13.38870882401315), (32.53637842156823, 13.9, 18.63637842156823), (68.81411837974963, 79.4, 10.585881620250376), (7.030874434552942, 1.1, 5.930874434552942), (2.6957187266976064, 1.9, 0.7957187266976065), (-16.634337909184183, 2.6, 19.234337909184184), (43.12002510537974, 6.4, 36.72002510537974), (12.747848904563455, 0.9, 11.847848904563454), (-2.8345853594319976, 2.1, 4.934585359431997), (16.008354989404438, 6.1, 9.908354989404438), (17.63375325777656, 7.7, 9.933753257776562), (-4.444613957375623, 13.9, 18.34461395737562), (8.076373171199577, 14.5, 6.423626828800423), (8.935769405984018, 5.4, 3.535769405984018), (1.7707074169292696, 2.2, 0.4292925830707306)]
