wandb: Currently logged in as: s204775. Use `wandb login --relogin` to force relogin
wandb: wandb version 0.16.1 is available!  To upgrade, please run:
wandb:  $ pip install wandb --upgrade
wandb: Tracking run with wandb version 0.15.12
wandb: Run data is saved locally in /home/cat/s204775/projects/Bachelor_project/ML/regression/mlr/smogn/wandb/run-20231208_194137-405c066k
wandb: Run `wandb offline` to turn off syncing.
wandb: Syncing run 12/08/2023_19:41
wandb: ⭐️ View project at https://wandb.ai/s204775/bsc_project
wandb: 🚀 View run at https://wandb.ai/s204775/bsc_project/runs/405c066k
wandb: Waiting for W&B process to finish... (success).
wandb: 
wandb: Run history:
wandb: rmse ▁
wandb: 
wandb: Run summary:
wandb: rmse 7.44748
wandb: 
wandb: 🚀 View run 12/08/2023_19:41 at: https://wandb.ai/s204775/bsc_project/runs/405c066k
wandb: Synced 6 W&B file(s), 0 media file(s), 0 artifact file(s) and 1 other file(s)
wandb: Find logs at: ./wandb/run-20231208_194137-405c066k/logs
RMSE: 7.447475327824384
[(18.311278817091477, 14.976, 3.335278817091476), (21.438399319201665, 14.360209773610176, 7.0781895455914885), (13.779195043366613, 16.224, 2.444804956633387), (11.76799598632006, 15.496448297275323, 3.728452310955264), (22.116465084319643, 16.95746316051615, 5.159001923803494), (22.340004779500077, 17.039115488102343, 5.300889291397734), (21.878647806390006, 26.030125763993205, 4.151477957603198), (22.014307753438715, 25.91154705419546, 3.8972393007567447), (22.0114137997477, 39.0, 16.9885862002523), (23.054892048151174, 26.062375036742772, 3.0074829885915975), (22.344421468283528, 26.049904030710174, 3.7054825624266456), (22.871721767060833, 26.10799865021344, 3.2362768831526054), (27.232602545607904, 29.75775157085987, 2.5251490252519666), (27.081911185110286, 30.011821431524208, 2.9299102464139217), (21.43846646290362, 14.447332363758507, 6.991134099145112), (22.91520522923279, 26.049904030710174, 3.1346988014773842), (11.595413537815901, 15.766124956084106, 4.170711418268205), (-0.49270194135931433, 5.7, 6.1927019413593145), (-5.13174803164722, 0.0, 5.13174803164722), (16.61586920302983, 0.0, 16.61586920302983), (33.76958629822602, 0.0, 33.76958629822602), (5.419409091772678, 0.0, 5.419409091772678), (-9.27349810837363, 0.0, 9.27349810837363), (-0.587685114251272, 0.0, 0.587685114251272), (25.02322939553143, 0.0, 25.02322939553143), (8.344593921095665, 14.4, 6.055406078904335), (10.726560793944785, 16.9, 6.173439206055214), (14.173946233029639, 7.4, 6.773946233029639), (11.687554530871651, 12.2, 0.5124454691283482), (14.17996191456534, 3.3, 10.879961914565339), (4.877811932287202, 2.6, 2.2778119322872015), (20.07450938631645, 26.0, 5.92549061368355), (21.812890294654963, 26.0, 4.187109705345037), (18.471418863873524, 26.1, 7.628581136126478), (27.226869348646986, 29.9, 2.673130651353013), (12.698231096989218, 3.4, 9.298231096989218), (10.603379679847762, 15.6, 4.996620320152237), (-1.0977606562145183, 10.5, 11.597760656214518), (22.860914421789403, 10.9, 11.960914421789402), (23.5883661350028, 6.5, 17.0883661350028), (20.118779357169508, 6.6, 13.518779357169509)]
