wandb: Currently logged in as: s204775. Use `wandb login --relogin` to force relogin
wandb: wandb version 0.16.1 is available!  To upgrade, please run:
wandb:  $ pip install wandb --upgrade
wandb: Tracking run with wandb version 0.15.12
wandb: Run data is saved locally in /home/cat/s204775/projects/Bachelor_project/ML/regression/mlr/smogn/wandb/run-20231208_194250-85zumbnr
wandb: Run `wandb offline` to turn off syncing.
wandb: Syncing run 12/08/2023_19:42
wandb: ⭐️ View project at https://wandb.ai/s204775/bsc_project
wandb: 🚀 View run at https://wandb.ai/s204775/bsc_project/runs/85zumbnr
wandb: Waiting for W&B process to finish... (success).
wandb: 
wandb: Run history:
wandb: rmse ▁
wandb: 
wandb: Run summary:
wandb: rmse 6.8379
wandb: 
wandb: 🚀 View run 12/08/2023_19:42 at: https://wandb.ai/s204775/bsc_project/runs/85zumbnr
wandb: Synced 6 W&B file(s), 0 media file(s), 0 artifact file(s) and 1 other file(s)
wandb: Find logs at: ./wandb/run-20231208_194250-85zumbnr/logs
RMSE: 6.83789644714553
[(6.357256166058761, 11.332324383479596, 4.975068217420835), (14.801510687316004, 12.772587857293832, 2.0289228300221716), (17.86314494392645, 13.045210727969348, 4.817934215957102), (19.410111014214316, 12.993076923076922, 6.417034091137394), (13.288816211282153, 15.497370525855352, 2.208554314573199), (4.630029712201107, 15.171345260711869, 10.541315548510761), (12.81793569099392, 17.754153034567288, 4.936217343573368), (19.186342454866868, 19.225388601036272, 0.039046146169404494), (93.61241623899954, 95.24787401574804, 1.6354577767484955), (86.2546092005044, 95.20283561983636, 8.94822641933196), (106.24589598229045, 95.9504450176133, 10.295450964677144), (26.710299664249206, 20.130806916864728, 6.579492747384478), (28.008525276427136, 20.5, 7.508525276427136), (6.0906476773689775, 12.4, 6.309352322631023), (25.98706110420261, 10.2, 15.78706110420261), (82.3847290379515, 95.7, 13.315270962048501), (-28.719574242210705, 9.4, 38.1195742422107), (83.83529915171727, 94.8, 10.964700848282732), (0.07599324747354785, 6.8, 6.724006752526452), (22.092443785532183, 8.8, 13.292443785532182), (14.250566981864615, 12.7, 1.5505669818646162), (10.580559317291389, 15.6, 5.019440682708611), (14.526344108710674, 18.1, 3.5736558912893273), (15.946075907306955, 13.3, 2.6460759073069546), (6.18605680886575, 16.3, 10.11394319113425), (11.170821475991495, 8.7, 2.470821475991496), (7.81537766640912, 9.0, 1.1846223335908803), (11.757407310523462, 10.5, 1.2574073105234618), (11.33860576772723, 12.8, 1.4613942322727702), (4.090687805839437, 4.7, 0.6093121941605633), (7.666081937345766, 5.7, 1.9660819373457654), (19.175915224704625, 3.1, 16.075915224704623), (3.0223105164584325, 5.3, 2.2776894835415673)]
