wandb: Currently logged in as: s204775. Use `wandb login --relogin` to force relogin
wandb: wandb version 0.16.1 is available!  To upgrade, please run:
wandb:  $ pip install wandb --upgrade
wandb: Tracking run with wandb version 0.15.12
wandb: Run data is saved locally in /home/cat/s204775/projects/Bachelor_project/ML/regression/mlr/smogn/wandb/run-20231208_194152-kzt4psvl
wandb: Run `wandb offline` to turn off syncing.
wandb: Syncing run 12/08/2023_19:41
wandb: ⭐️ View project at https://wandb.ai/s204775/bsc_project
wandb: 🚀 View run at https://wandb.ai/s204775/bsc_project/runs/kzt4psvl
wandb: Waiting for W&B process to finish... (success).
wandb: 
wandb: Run history:
wandb: rmse ▁
wandb: 
wandb: Run summary:
wandb: rmse 9.03173
wandb: 
wandb: 🚀 View run 12/08/2023_19:41 at: https://wandb.ai/s204775/bsc_project/runs/kzt4psvl
wandb: Synced 6 W&B file(s), 0 media file(s), 0 artifact file(s) and 1 other file(s)
wandb: Find logs at: ./wandb/run-20231208_194152-kzt4psvl/logs
RMSE: 9.03173499607685
[(9.04781952345192, 14.168099896306948, 5.120280372855028), (9.212871467856644, 12.68720736422009, 3.4743358963634456), (9.96351370475395, 14.416587532014768, 4.453073827260818), (4.827222148092346, 14.347712117533018, 9.520489969440671), (10.412050325561268, 14.440804721014896, 4.028754395453628), (9.233932864059028, 13.844344577416916, 4.6104117133578875), (68.52037534146058, 77.25515489523507, 8.734779553774487), (67.50379218306813, 78.58845358744458, 11.084661404376448), (66.3716741875833, 80.42801616814992, 14.056341980566629), (79.72355847989368, 88.09334023945152, 8.369781759557839), (77.79587733736756, 88.61293674069603, 10.817059403328471), (77.29651850559029, 87.82166559174, 10.525147086149715), (99.56710716990077, 97.09293564914954, 2.474171520751227), (98.99537178484985, 96.51814111179844, 2.477230673051409), (96.61053390172322, 95.54542462470828, 1.0651092770149404), (103.62059524466224, 97.85079437555554, 5.769800869106703), (106.68628207315189, 96.44691275071764, 10.239369322434243), (101.1649950008206, 97.63495329448064, 3.530041706339958), (102.46979932561845, 96.859493733712, 5.610305591906453), (50.05506821526065, 0.8, 49.25506821526065), (20.258378387164953, 0.1, 20.15837838716495), (78.75218425744828, 88.4, 9.647815742551728), (98.49629877562683, 94.9, 3.5962987756268205), (103.3939345670893, 97.4, 5.993934567089298), (67.54755251025844, 78.4, 10.852447489741564), (52.72304754774905, 6.1, 46.623047547749046), (1.1994648892604687, 3.0, 1.8005351107395313), (19.478030581981187, 3.5, 15.978030581981187), (8.78258381828877, 4.6, 4.182583818288771), (11.842307720404136, 8.8, 3.0423077204041356), (14.21094370836957, 14.0, 0.21094370836956955), (11.40045569342692, 1.5, 9.90045569342692), (4.326889826546875, 1.4, 2.926889826546875), (13.279651344724186, 2.8, 10.479651344724186), (11.254381428138629, 2.7, 8.55438142813863), (8.797671140757018, 5.5, 3.297671140757018), (-7.992451890738835, 12.3, 20.292451890738835), (-3.4239153476620743, 9.7, 13.123915347662074), (7.3908425752759115, 13.6, 6.209157424724088), (2.5499742346237326, 9.4, 6.850025765376268), (5.668520783879018, 9.1, 3.431479216120982), (24.99998249719488, 10.1, 14.899982497194879), (6.917281205622487, 6.1, 0.8172812056224874), (10.844522913610831, 5.8, 5.044522913610831), (8.797671140756961, 5.5, 3.297671140756961)]
