wandb: Currently logged in as: s204775. Use `wandb login --relogin` to force relogin
wandb: wandb version 0.16.1 is available!  To upgrade, please run:
wandb:  $ pip install wandb --upgrade
wandb: Tracking run with wandb version 0.15.12
wandb: Run data is saved locally in /home/cat/s204775/projects/Bachelor_project/ML/regression/mlr/smogn/wandb/run-20231208_194146-quri5cec
wandb: Run `wandb offline` to turn off syncing.
wandb: Syncing run 12/08/2023_19:41
wandb: ⭐️ View project at https://wandb.ai/s204775/bsc_project
wandb: 🚀 View run at https://wandb.ai/s204775/bsc_project/runs/quri5cec
wandb: Waiting for W&B process to finish... (success).
wandb: 
wandb: Run history:
wandb: rmse ▁
wandb: 
wandb: Run summary:
wandb: rmse 1.7151
wandb: 
wandb: 🚀 View run 12/08/2023_19:41 at: https://wandb.ai/s204775/bsc_project/runs/quri5cec
wandb: Synced 6 W&B file(s), 0 media file(s), 0 artifact file(s) and 1 other file(s)
wandb: Find logs at: ./wandb/run-20231208_194146-quri5cec/logs
RMSE: 1.715098384711388
[(2.6370335635653674, 2.2889076824268964, 0.3481258811384711), (2.6182151742996034, 2.2840462280734237, 0.33416894622617965), (2.6423740336529242, 2.32179039260842, 0.3205836410445042), (2.617929159484934, 2.3283261559367947, 0.28960300354813917), (2.0011881690874738, 3.010791901261134, 1.0096037321736602), (1.9964597156109356, 3.0397414287635844, 1.0432817131526488), (2.039853598178148, 2.983057229444599, 0.9432036312664511), (1.9854948940556483, 3.0122975226616626, 1.0268026286060143), (2.941973985979148, 3.2921766452977983, 0.35020265931865024), (2.8669400339079054, 3.334274662270652, 0.4673346283627464), (2.907662484629359, 3.2711645068048893, 0.3635020221755303), (2.8679930864450114, 3.311155211011079, 0.44316212456606774), (2.9074278611042317, 4.491993359301065, 1.5845654981968336), (2.9218690212840777, 4.500147002198918, 1.57827798091484), (2.8877392024502644, 4.471382530721056, 1.5836433282707914), (2.9293167205121087, 4.493387272437892, 1.5640705519257834), (3.191637765681593, 4.6030760042936425, 1.4114382386120496), (3.1397191750868565, 4.549450549450549, 1.4097313743636928), (3.181325905772658, 4.61950661439423, 1.438180708621572), (3.1536555433099878, 4.6355089608122295, 1.4818534175022418), (2.9172548502404876, 3.3020979955051555, 0.3848431452646679), (2.920098332660567, 4.499307959940217, 1.57920962727965), (1.9976937282313685, 3.0, 1.0023062717686315), (1.4749392064082336, 0.0, 1.4749392064082336), (5.927739211619038, 0.0, 5.927739211619038), (-6.765362169830642, 0.0, 6.765362169830642), (1.3106859966801814, 0.0, 1.3106859966801814), (-2.4951099399655448, 0.0, 2.4951099399655448), (2.3092275073387114, 0.0, 2.3092275073387114), (13.273763131434587, 0.0, 13.273763131434587), (3.5765228422091546, 1.5, 2.0765228422091546), (1.899581542866688, 2.3, 0.4004184571333118), (1.8670876490102302, 4.5, 2.63291235098977), (2.14434738386106, 4.6, 2.4556526161389396), (2.2864765084845864, 3.3, 1.0135234915154134), (2.5620201018954596, 1.9, 0.6620201018954597), (3.25478669307417, 2.0, 1.2547866930741698), (2.698179565890932, 1.7, 0.998179565890932), (3.729215249052549, 1.9, 1.8292152490525493), (2.698422894355094, 0.6, 2.0984228943550938), (2.6819170352805877, 0.4, 2.2819170352805878), (1.8808940554576559, 1.3, 0.5808940554576558), (2.2466107515764477, 0.2, 2.0466107515764476), (1.8517831146371648, 0.4, 1.451783114637165), (-0.09399253679237773, 0.04, 0.13399253679237774), (2.325895710030327, 0.06, 2.265895710030327), (1.1931635312991347, 0.4, 0.7931635312991346), (2.334289551241385, 0.5, 1.834289551241385)]
