wandb: Currently logged in as: s204775. Use `wandb login --relogin` to force relogin
wandb: wandb version 0.16.0 is available!  To upgrade, please run:
wandb:  $ pip install wandb --upgrade
wandb: Tracking run with wandb version 0.15.12
wandb: Run data is saved locally in /home/cat/s204775/projects/Bachelor_project/ML/regression/wandb/run-20231109_144212-77q58vg2
wandb: Run `wandb offline` to turn off syncing.
wandb: Syncing run 11/09/2023_14:42
wandb: ⭐️ View project at https://wandb.ai/s204775/bsc_project
wandb: 🚀 View run at https://wandb.ai/s204775/bsc_project/runs/77q58vg2
wandb: Waiting for W&B process to finish... (success).
wandb: 
wandb: Run history:
wandb: rmse ▁
wandb: 
wandb: Run summary:
wandb: rmse 20.67032
wandb: 
wandb: 🚀 View run 11/09/2023_14:42 at: https://wandb.ai/s204775/bsc_project/runs/77q58vg2
wandb: Synced 6 W&B file(s), 0 media file(s), 0 artifact file(s) and 1 other file(s)
wandb: Find logs at: ./wandb/run-20231109_144212-77q58vg2/logs
wandb: - Waiting for wandb.init()...wandb: \ Waiting for wandb.init()...wandb: wandb version 0.16.0 is available!  To upgrade, please run:
wandb:  $ pip install wandb --upgrade
wandb: Tracking run with wandb version 0.15.12
wandb: Run data is saved locally in /home/cat/s204775/projects/Bachelor_project/ML/regression/wandb/run-20231109_144220-xrp1wx9a
wandb: Run `wandb offline` to turn off syncing.
wandb: Syncing run 11/09/2023_14:42
wandb: ⭐️ View project at https://wandb.ai/s204775/bsc_project
wandb: 🚀 View run at https://wandb.ai/s204775/bsc_project/runs/xrp1wx9a
wandb: Waiting for W&B process to finish... (success).
wandb: 
wandb: Run history:
wandb: rmse ▁
wandb: 
wandb: Run summary:
wandb: rmse 15.71978
wandb: 
wandb: 🚀 View run 11/09/2023_14:42 at: https://wandb.ai/s204775/bsc_project/runs/xrp1wx9a
wandb: Synced 6 W&B file(s), 0 media file(s), 0 artifact file(s) and 1 other file(s)
wandb: Find logs at: ./wandb/run-20231109_144220-xrp1wx9a/logs
wandb: - Waiting for wandb.init()...wandb: \ Waiting for wandb.init()...wandb: wandb version 0.16.0 is available!  To upgrade, please run:
wandb:  $ pip install wandb --upgrade
wandb: Tracking run with wandb version 0.15.12
wandb: Run data is saved locally in /home/cat/s204775/projects/Bachelor_project/ML/regression/wandb/run-20231109_144229-7buv4iws
wandb: Run `wandb offline` to turn off syncing.
wandb: Syncing run 11/09/2023_14:42
wandb: ⭐️ View project at https://wandb.ai/s204775/bsc_project
wandb: 🚀 View run at https://wandb.ai/s204775/bsc_project/runs/7buv4iws
wandb: Waiting for W&B process to finish... (success).
wandb: 
wandb: Run history:
wandb: rmse ▁
wandb: 
wandb: Run summary:
wandb: rmse 7.19054
wandb: 
wandb: 🚀 View run 11/09/2023_14:42 at: https://wandb.ai/s204775/bsc_project/runs/7buv4iws
wandb: Synced 6 W&B file(s), 0 media file(s), 0 artifact file(s) and 1 other file(s)
wandb: Find logs at: ./wandb/run-20231109_144229-7buv4iws/logs
wandb: - Waiting for wandb.init()...wandb: \ Waiting for wandb.init()...wandb: wandb version 0.16.0 is available!  To upgrade, please run:
wandb:  $ pip install wandb --upgrade
wandb: Tracking run with wandb version 0.15.12
wandb: Run data is saved locally in /home/cat/s204775/projects/Bachelor_project/ML/regression/wandb/run-20231109_144237-wtdwvmsv
wandb: Run `wandb offline` to turn off syncing.
wandb: Syncing run 11/09/2023_14:42
wandb: ⭐️ View project at https://wandb.ai/s204775/bsc_project
wandb: 🚀 View run at https://wandb.ai/s204775/bsc_project/runs/wtdwvmsv
wandb: Waiting for W&B process to finish... (success).
wandb: 
wandb: Run history:
wandb: rmse ▁
wandb: 
wandb: Run summary:
wandb: rmse 1.12538
wandb: 
wandb: 🚀 View run 11/09/2023_14:42 at: https://wandb.ai/s204775/bsc_project/runs/wtdwvmsv
wandb: Synced 6 W&B file(s), 0 media file(s), 0 artifact file(s) and 1 other file(s)
wandb: Find logs at: ./wandb/run-20231109_144237-wtdwvmsv/logs
wandb: - Waiting for wandb.init()...wandb: \ Waiting for wandb.init()...wandb: wandb version 0.16.0 is available!  To upgrade, please run:
wandb:  $ pip install wandb --upgrade
wandb: Tracking run with wandb version 0.15.12
wandb: Run data is saved locally in /home/cat/s204775/projects/Bachelor_project/ML/regression/wandb/run-20231109_144246-un0zi2qm
wandb: Run `wandb offline` to turn off syncing.
wandb: Syncing run 11/09/2023_14:42
wandb: ⭐️ View project at https://wandb.ai/s204775/bsc_project
wandb: 🚀 View run at https://wandb.ai/s204775/bsc_project/runs/un0zi2qm
wandb: Waiting for W&B process to finish... (success).
wandb: 
wandb: Run history:
wandb: rmse ▁
wandb: 
wandb: Run summary:
wandb: rmse 14.79849
wandb: 
wandb: 🚀 View run 11/09/2023_14:42 at: https://wandb.ai/s204775/bsc_project/runs/un0zi2qm
wandb: Synced 6 W&B file(s), 0 media file(s), 0 artifact file(s) and 1 other file(s)
wandb: Find logs at: ./wandb/run-20231109_144246-un0zi2qm/logs
wandb: - Waiting for wandb.init()...wandb: \ Waiting for wandb.init()...wandb: wandb version 0.16.0 is available!  To upgrade, please run:
wandb:  $ pip install wandb --upgrade
wandb: Tracking run with wandb version 0.15.12
wandb: Run data is saved locally in /home/cat/s204775/projects/Bachelor_project/ML/regression/wandb/run-20231109_144255-5qt14gxs
wandb: Run `wandb offline` to turn off syncing.
wandb: Syncing run 11/09/2023_14:42
wandb: ⭐️ View project at https://wandb.ai/s204775/bsc_project
wandb: 🚀 View run at https://wandb.ai/s204775/bsc_project/runs/5qt14gxs
wandb: Waiting for W&B process to finish... (success).
wandb: 
wandb: Run history:
wandb: rmse ▁
wandb: 
wandb: Run summary:
wandb: rmse 19.4643
wandb: 
wandb: 🚀 View run 11/09/2023_14:42 at: https://wandb.ai/s204775/bsc_project/runs/5qt14gxs
wandb: Synced 6 W&B file(s), 0 media file(s), 0 artifact file(s) and 1 other file(s)
wandb: Find logs at: ./wandb/run-20231109_144255-5qt14gxs/logs
wandb: - Waiting for wandb.init()...wandb: \ Waiting for wandb.init()...wandb: wandb version 0.16.0 is available!  To upgrade, please run:
wandb:  $ pip install wandb --upgrade
wandb: Tracking run with wandb version 0.15.12
wandb: Run data is saved locally in /home/cat/s204775/projects/Bachelor_project/ML/regression/wandb/run-20231109_144304-5ylscc3j
wandb: Run `wandb offline` to turn off syncing.
wandb: Syncing run 11/09/2023_14:42
wandb: ⭐️ View project at https://wandb.ai/s204775/bsc_project
wandb: 🚀 View run at https://wandb.ai/s204775/bsc_project/runs/5ylscc3j
wandb: Waiting for W&B process to finish... (success).
wandb: 
wandb: Run history:
wandb: rmse ▁
wandb: 
wandb: Run summary:
wandb: rmse 11.43742
wandb: 
wandb: 🚀 View run 11/09/2023_14:42 at: https://wandb.ai/s204775/bsc_project/runs/5ylscc3j
wandb: Synced 6 W&B file(s), 0 media file(s), 0 artifact file(s) and 1 other file(s)
wandb: Find logs at: ./wandb/run-20231109_144304-5ylscc3j/logs
RMSE: 20.670322580645156
[('Cu(p111)', 20.246666666666666, 33.3, 13.053333333333331), ('Ag(p111)', 21.35666666666667, 0.0, 21.35666666666667), ('Au(p111)', 21.35666666666667, 0.0, 21.35666666666667), ('Pt(p111)', 21.35666666666667, 0.0, 21.35666666666667), ('Sn(p111)', 21.35666666666667, 0.0, 21.35666666666667), ('In(p111)', 21.35666666666667, 0.0, 21.35666666666667), ('Pb(p111)', 21.35666666666667, 0.0, 21.35666666666667), ('Cd(p111)', 21.313333333333336, 1.3, 20.013333333333335), ('Fe(p111)', 21.35666666666667, 0.0, 21.35666666666667), ('Zn(p111)', 21.35666666666667, 0.0, 21.35666666666667), ('Cu(100)', 20.34333333333333, 30.4, 10.056666666666668), ('Cu(1111)', 21.06, 8.9, 12.159999999999998), ('Cu(911)', 21.166666666666664, 5.7, 15.466666666666665), ('Cu(711)', 21.189999999999998, 5.0, 16.189999999999998), ('Cu(511)', 20.97666666666667, 11.4, 9.57666666666667), ('Cu(311)', 20.15666666666667, 36.0, 15.84333333333333), ('Cu(111)', 19.813333333333333, 46.3, 26.486666666666665), ('Cu(810)', 21.143333333333334, 6.4, 14.743333333333334), ('Cu(610)', 21.103333333333335, 7.6, 13.503333333333336), ('Cu(510)', 21.086666666666666, 8.1, 12.986666666666666), ('Cu(310)', 20.766666666666666, 17.7, 3.0666666666666664), ('Cu(210)', 19.223333333333336, 64.0, 44.776666666666664), ('Cu(755)', 19.26, 62.9, 43.64), ('Cu(533)', 19.26, 62.9, 43.64), ('Cu(211)', 19.836666666666666, 45.6, 25.763333333333335), ('Cu(332)', 20.03666666666667, 39.6, 19.563333333333333), ('Cu(331)', 20.896666666666665, 13.8, 7.096666666666664), ('Cu(110)', 21.12666666666667, 6.9, 14.226666666666668), ('Cu(650)', 21.006666666666668, 10.5, 10.506666666666668), ('Cu(320)', 19.610000000000003, 52.4, 32.78999999999999), ('Cu(210)', 19.223333333333336, 64.0, 44.776666666666664)]
RMSE: 15.71978494623656
[('Cu(p111)', 18.943333333333335, 25.5, 6.556666666666665), ('Ag(p111)', 19.793333333333337, 0.0, 19.793333333333337), ('Au(p111)', 19.793333333333337, 0.0, 19.793333333333337), ('Pt(p111)', 19.793333333333337, 0.0, 19.793333333333337), ('Sn(p111)', 19.793333333333337, 0.0, 19.793333333333337), ('In(p111)', 19.793333333333337, 0.0, 19.793333333333337), ('Pb(p111)', 19.793333333333337, 0.0, 19.793333333333337), ('Cd(p111)', 19.793333333333337, 0.0, 19.793333333333337), ('Fe(p111)', 19.793333333333337, 0.0, 19.793333333333337), ('Zn(p111)', 19.793333333333337, 0.0, 19.793333333333337), ('Cu(100)', 18.44666666666667, 40.4, 21.95333333333333), ('Cu(1111)', 18.12, 50.2, 32.08), ('Cu(911)', 18.09666666666667, 50.9, 32.80333333333333), ('Cu(711)', 18.12666666666667, 50.0, 31.87333333333333), ('Cu(511)', 18.493333333333336, 39.0, 20.506666666666664), ('Cu(311)', 19.0, 23.8, 4.800000000000001), ('Cu(111)', 19.51666666666667, 8.3, 11.216666666666669), ('Cu(810)', 18.290000000000003, 45.1, 26.81), ('Cu(610)', 18.303333333333335, 44.7, 26.39666666666667), ('Cu(510)', 18.383333333333333, 42.3, 23.916666666666664), ('Cu(310)', 18.64, 34.6, 15.96), ('Cu(210)', 19.34666666666667, 13.4, 5.946666666666671), ('Cu(755)', 19.410000000000004, 11.5, 7.910000000000004), ('Cu(533)', 19.360000000000003, 13.0, 6.360000000000003), ('Cu(211)', 19.2, 17.8, 1.3999999999999986), ('Cu(332)', 19.463333333333335, 9.9, 9.563333333333334), ('Cu(331)', 19.240000000000002, 16.6, 2.6400000000000006), ('Cu(110)', 19.343333333333337, 13.5, 5.843333333333337), ('Cu(650)', 19.253333333333334, 16.2, 3.0533333333333346), ('Cu(320)', 19.336666666666666, 13.7, 5.636666666666667), ('Cu(210)', 19.34666666666667, 13.4, 5.946666666666671)]
RMSE: 7.190537634408602
[('Cu(p111)', 8.296666666666665, 5.7, 2.596666666666665), ('Ag(p111)', 8.486666666666666, 0.0, 8.486666666666666), ('Au(p111)', 8.486666666666666, 0.0, 8.486666666666666), ('Pt(p111)', 8.486666666666666, 0.0, 8.486666666666666), ('Sn(p111)', 8.486666666666666, 0.0, 8.486666666666666), ('In(p111)', 8.486666666666666, 0.0, 8.486666666666666), ('Pb(p111)', 8.486666666666666, 0.0, 8.486666666666666), ('Cd(p111)', 8.486666666666666, 0.0, 8.486666666666666), ('Fe(p111)', 8.486666666666666, 0.0, 8.486666666666666), ('Zn(p111)', 8.486666666666666, 0.0, 8.486666666666666), ('Cu(100)', 8.163333333333332, 9.7, 1.536666666666667), ('Cu(1111)', 8.006666666666666, 14.4, 6.393333333333334), ('Cu(911)', 7.923333333333333, 16.9, 8.976666666666667), ('Cu(711)', 8.24, 7.4, 0.8399999999999999), ('Cu(511)', 8.08, 12.2, 4.119999999999999), ('Cu(311)', 8.376666666666667, 3.3, 5.076666666666667), ('Cu(111)', 8.4, 2.6, 5.800000000000001), ('Cu(810)', 7.619999999999999, 26.0, 18.380000000000003), ('Cu(610)', 7.619999999999999, 26.0, 18.380000000000003), ('Cu(510)', 7.616666666666666, 26.1, 18.483333333333334), ('Cu(310)', 7.489999999999999, 29.9, 22.41), ('Cu(210)', 8.266666666666667, 6.6, 1.6666666666666679), ('Cu(755)', 8.309999999999999, 5.3, 3.009999999999999), ('Cu(533)', 8.423333333333334, 1.9, 6.523333333333333), ('Cu(211)', 8.373333333333333, 3.4, 4.973333333333333), ('Cu(332)', 8.25, 7.1, 1.1500000000000004), ('Cu(331)', 7.966666666666667, 15.6, 7.633333333333333), ('Cu(110)', 8.136666666666667, 10.5, 2.3633333333333333), ('Cu(650)', 8.123333333333333, 10.9, 2.7766666666666673), ('Cu(320)', 8.27, 6.5, 1.7699999999999996), ('Cu(210)', 8.266666666666667, 6.6, 1.6666666666666679)]
RMSE: 1.1253763440860214
[('Cu(p111)', 0.9866666666666665, 3.0, 2.0133333333333336), ('Ag(p111)', 1.0866666666666664, 0.0, 1.0866666666666664), ('Au(p111)', 1.0866666666666664, 0.0, 1.0866666666666664), ('Pt(p111)', 1.0866666666666664, 0.0, 1.0866666666666664), ('Sn(p111)', 1.0866666666666664, 0.0, 1.0866666666666664), ('In(p111)', 1.0866666666666664, 0.0, 1.0866666666666664), ('Pb(p111)', 1.0866666666666664, 0.0, 1.0866666666666664), ('Cd(p111)', 1.0866666666666664, 0.0, 1.0866666666666664), ('Fe(p111)', 1.0866666666666664, 0.0, 1.0866666666666664), ('Zn(p111)', 1.0866666666666664, 0.0, 1.0866666666666664), ('Cu(100)', 1.0366666666666664, 1.5, 0.4633333333333336), ('Cu(1111)', 1.0099999999999998, 2.3, 1.29), ('Cu(911)', 0.9366666666666664, 4.5, 3.5633333333333335), ('Cu(711)', 0.9333333333333332, 4.6, 3.6666666666666665), ('Cu(511)', 0.9766666666666665, 3.3, 2.3233333333333333), ('Cu(311)', 1.0366666666666664, 1.5, 0.4633333333333336), ('Cu(111)', 1.0866666666666664, 0.0, 1.0866666666666664), ('Cu(810)', 1.023333333333333, 1.9, 0.8766666666666669), ('Cu(610)', 1.0199999999999998, 2.0, 0.9800000000000002), ('Cu(510)', 1.0299999999999998, 1.7, 0.6700000000000002), ('Cu(310)', 1.0233333333333332, 1.9, 0.8766666666666667), ('Cu(210)', 1.0699999999999998, 0.5, 0.5699999999999998), ('Cu(755)', 1.0666666666666664, 0.6, 0.46666666666666645), ('Cu(533)', 1.0733333333333333, 0.4, 0.6733333333333332), ('Cu(211)', 1.0433333333333332, 1.3, 0.2566666666666668), ('Cu(332)', 1.0799999999999998, 0.2, 0.8799999999999999), ('Cu(331)', 1.0733333333333335, 0.4, 0.6733333333333335), ('Cu(110)', 1.0853333333333335, 0.04, 1.0453333333333334), ('Cu(650)', 1.0846666666666667, 0.06, 1.0246666666666666), ('Cu(320)', 1.0733333333333335, 0.4, 0.6733333333333335), ('Cu(210)', 1.07, 0.5, 0.5700000000000001)]
RMSE: 14.798494623655914
[('Cu(p111)', 11.723333333333333, 1.3, 10.423333333333332), ('Ag(p111)', 9.049999999999999, 81.5, 72.45), ('Au(p111)', 8.863333333333333, 87.1, 78.23666666666666), ('Pt(p111)', 11.766666666666664, 0.0, 11.766666666666664), ('Sn(p111)', 11.53, 7.1, 4.43), ('In(p111)', 11.696666666666665, 2.1, 9.596666666666666), ('Pb(p111)', 11.766666666666667, 0.0, 11.766666666666667), ('Cd(p111)', 11.303333333333333, 13.9, 2.5966666666666676), ('Fe(p111)', 11.766666666666667, 0.0, 11.766666666666667), ('Zn(p111)', 9.12, 79.4, 70.28), ('Cu(100)', 11.736666666666666, 0.9, 10.836666666666666), ('Cu(1111)', 11.706666666666665, 1.8, 9.906666666666665), ('Cu(911)', 11.766666666666664, 0.0, 11.766666666666664), ('Cu(711)', 11.729999999999997, 1.1, 10.629999999999997), ('Cu(511)', 11.70333333333333, 1.9, 9.80333333333333), ('Cu(311)', 11.679999999999998, 2.6, 9.079999999999998), ('Cu(111)', 11.553333333333331, 6.4, 5.153333333333331), ('Cu(810)', 11.719999999999997, 1.4, 10.319999999999997), ('Cu(610)', 11.736666666666663, 0.9, 10.836666666666662), ('Cu(510)', 11.696666666666665, 2.1, 9.596666666666666), ('Cu(310)', 11.766666666666667, 0.0, 11.766666666666667), ('Cu(210)', 11.693333333333332, 2.2, 9.493333333333332), ('Cu(755)', 11.62, 4.4, 7.219999999999999), ('Cu(533)', 11.666666666666666, 3.0, 8.666666666666666), ('Cu(211)', 11.696666666666665, 2.1, 9.596666666666666), ('Cu(332)', 11.563333333333333, 6.1, 5.463333333333333), ('Cu(331)', 11.51, 7.7, 3.8099999999999996), ('Cu(110)', 11.303333333333335, 13.9, 2.596666666666666), ('Cu(650)', 11.283333333333333, 14.5, 3.216666666666667), ('Cu(320)', 11.586666666666668, 5.4, 6.186666666666667), ('Cu(210)', 11.693333333333333, 2.2, 9.493333333333332)]
RMSE: 19.464301075268818
[('Cu(p111)', 17.030000000000005, 9.4, 7.630000000000004), ('Ag(p111)', 17.31666666666667, 0.8, 16.51666666666667), ('Au(p111)', 17.32, 0.7, 16.62), ('Pt(p111)', 17.34, 0.1, 17.24), ('Sn(p111)', 14.39666666666667, 88.4, 74.00333333333333), ('In(p111)', 14.180000000000003, 94.9, 80.72), ('Pb(p111)', 14.09666666666667, 97.4, 83.30333333333334), ('Cd(p111)', 14.730000000000002, 78.4, 63.67), ('Fe(p111)', 17.343333333333337, 0.0, 17.343333333333337), ('Zn(p111)', 17.14, 6.1, 11.040000000000001), ('Cu(100)', 17.243333333333336, 3.0, 14.243333333333336), ('Cu(1111)', 17.23666666666667, 3.2, 14.036666666666672), ('Cu(911)', 17.22666666666667, 3.5, 13.72666666666667), ('Cu(711)', 17.19, 4.6, 12.590000000000002), ('Cu(511)', 17.05, 8.8, 8.25), ('Cu(311)', 16.87666666666667, 14.0, 2.8766666666666687), ('Cu(111)', 16.96, 11.5, 5.460000000000001), ('Cu(810)', 17.293333333333337, 1.5, 15.793333333333337), ('Cu(610)', 17.29666666666667, 1.4, 15.89666666666667), ('Cu(510)', 17.25, 2.8, 14.45), ('Cu(310)', 17.253333333333334, 2.7, 14.553333333333335), ('Cu(210)', 17.160000000000004, 5.5, 11.660000000000004), ('Cu(755)', 16.933333333333334, 12.3, 4.633333333333333), ('Cu(533)', 17.020000000000003, 9.7, 7.320000000000004), ('Cu(211)', 16.890000000000004, 13.6, 3.2900000000000045), ('Cu(332)', 17.030000000000005, 9.4, 7.630000000000004), ('Cu(331)', 17.040000000000003, 9.1, 7.940000000000003), ('Cu(110)', 17.00666666666667, 10.1, 6.906666666666672), ('Cu(650)', 17.14, 6.1, 11.040000000000001), ('Cu(320)', 17.150000000000002, 5.8, 11.350000000000001), ('Cu(210)', 17.160000000000004, 5.5, 11.660000000000004)]
RMSE: 11.437419354838708
[('Cu(p111)', 14.72, 20.5, 5.779999999999999), ('Ag(p111)', 14.99, 12.4, 2.59), ('Au(p111)', 15.063333333333334, 10.2, 4.863333333333335), ('Pt(p111)', 12.213333333333335, 95.7, 83.48666666666666), ('Sn(p111)', 15.250000000000002, 4.6, 10.650000000000002), ('In(p111)', 15.293333333333333, 3.3, 11.993333333333332), ('Pb(p111)', 15.236666666666668, 5.0, 10.236666666666668), ('Cd(p111)', 15.090000000000002, 9.4, 5.690000000000001), ('Fe(p111)', 12.243333333333334, 94.8, 82.55666666666666), ('Zn(p111)', 15.073333333333332, 9.9, 5.173333333333332), ('Cu(100)', 15.176666666666668, 6.8, 8.376666666666669), ('Cu(1111)', 15.110000000000001, 8.8, 6.3100000000000005), ('Cu(911)', 14.98, 12.7, 2.280000000000001), ('Cu(711)', 14.883333333333335, 15.6, 0.716666666666665), ('Cu(511)', 14.800000000000002, 18.1, 3.299999999999999), ('Cu(311)', 14.960000000000003, 13.3, 1.660000000000002), ('Cu(111)', 14.860000000000003, 16.3, 1.4399999999999977), ('Cu(810)', 15.113333333333337, 8.7, 6.4133333333333375), ('Cu(610)', 15.103333333333333, 9.0, 6.1033333333333335), ('Cu(510)', 15.053333333333335, 10.5, 4.553333333333335), ('Cu(310)', 14.976666666666668, 12.8, 2.1766666666666676), ('Cu(210)', 15.170000000000003, 7.0, 8.170000000000003), ('Cu(755)', 15.173333333333336, 6.9, 8.273333333333335), ('Cu(533)', 15.246666666666668, 4.7, 10.546666666666667), ('Cu(211)', 15.030000000000001, 11.2, 3.830000000000002), ('Cu(332)', 15.06, 10.3, 4.76), ('Cu(331)', 15.213333333333335, 5.7, 9.513333333333335), ('Cu(110)', 15.3, 3.1, 12.200000000000001), ('Cu(650)', 15.32, 2.5, 12.82), ('Cu(320)', 15.226666666666667, 5.3, 9.926666666666666), ('Cu(210)', 15.17, 7.0, 8.17)]
