wandb: Currently logged in as: s204775. Use `wandb login --relogin` to force relogin
wandb: wandb version 0.16.1 is available!  To upgrade, please run:
wandb:  $ pip install wandb --upgrade
wandb: Tracking run with wandb version 0.15.12
wandb: Run data is saved locally in /home/cat/s204775/projects/Bachelor_project/ML/regression/baseline/smogn/wandb/run-20240101_214444-aya52l3c
wandb: Run `wandb offline` to turn off syncing.
wandb: Syncing run 01/01/2024_21:44
wandb: ⭐️ View project at https://wandb.ai/s204775/bsc_project
wandb: 🚀 View run at https://wandb.ai/s204775/bsc_project/runs/aya52l3c
wandb: Waiting for W&B process to finish... (success).
wandb: 
wandb: Run history:
wandb: rmse ▁
wandb: 
wandb: Run summary:
wandb: rmse 9.12238
wandb: 
wandb: 🚀 View run 01/01/2024_21:44 at: https://wandb.ai/s204775/bsc_project/runs/aya52l3c
wandb: Synced 6 W&B file(s), 0 media file(s), 0 artifact file(s) and 1 other file(s)
wandb: Find logs at: ./wandb/run-20240101_214444-aya52l3c/logs
RMSE: 9.122381956748539
[(14.7318030402074, 14.976, 0.24419695979260148), (14.747197795867143, 14.360209773610176, 0.3869880222569666), (14.700603040207397, 16.224, 1.5233969597926027), (14.718791832775514, 15.496448297275323, 0.7776564644998096), (14.682266461194493, 16.95746316051615, 2.275196699321656), (14.680225153004837, 17.039115488102343, 2.358890335097506), (14.455449896107567, 26.030125763993205, 11.574675867885638), (14.458414363852508, 25.91154705419546, 11.453132690342951), (14.131203040207396, 39.0, 24.868796959792604), (14.454643664288827, 26.062375036742772, 11.607731372453944), (14.45495543943964, 26.049904030710174, 11.594948591270533), (14.45350307395206, 26.10799865021344, 11.654495576261379), (14.362259250935898, 29.75775157085987, 15.395492319923973), (14.355907504419292, 30.011821431524208, 15.655913927104915), (14.745019731113434, 14.447332363758507, 0.29768736735492674), (14.45495543943964, 26.049904030710174, 11.594948591270533), (14.712049916305295, 15.766124956084106, 1.0540750397788106), (14.963703040207395, 5.7, 9.263703040207396), (15.106203040207395, 0.0, 15.106203040207395), (15.106203040207395, 0.0, 15.106203040207395), (15.106203040207395, 0.0, 15.106203040207395), (15.106203040207395, 0.0, 15.106203040207395), (15.106203040207395, 0.0, 15.106203040207395), (15.106203040207395, 0.0, 15.106203040207395), (15.106203040207395, 0.0, 15.106203040207395), (14.746203040207396, 14.4, 0.3462030402073957), (14.683703040207396, 16.9, 2.2162969597926026), (14.921203040207397, 7.4, 7.521203040207396), (14.801203040207394, 12.2, 2.6012030402073947), (15.023703040207398, 3.3, 11.723703040207397), (15.041203040207398, 2.6, 12.441203040207398), (14.456203040207395, 26.0, 11.543796959792605), (14.456203040207395, 26.0, 11.543796959792605), (14.453703040207397, 26.1, 11.646296959792604), (14.358703040207397, 29.9, 15.541296959792602), (15.021203040207396, 3.4, 11.621203040207396), (14.716203040207398, 15.6, 0.8837969597926012), (14.843703040207396, 10.5, 4.343703040207396), (14.833703040207396, 10.9, 3.933703040207396), (14.943703040207396, 6.5, 8.443703040207396), (14.941203040207398, 6.6, 8.341203040207398)]
