wandb: Currently logged in as: s204775. Use `wandb login --relogin` to force relogin
wandb: wandb version 0.16.1 is available!  To upgrade, please run:
wandb:  $ pip install wandb --upgrade
wandb: Tracking run with wandb version 0.15.12
wandb: Run data is saved locally in /home/cat/s204775/projects/Bachelor_project/ML/regression/baseline/smogn/wandb/run-20240101_214444-n3kcgo3j
wandb: Run `wandb offline` to turn off syncing.
wandb: Syncing run 01/01/2024_21:44
wandb: ⭐️ View project at https://wandb.ai/s204775/bsc_project
wandb: 🚀 View run at https://wandb.ai/s204775/bsc_project/runs/n3kcgo3j
wandb: Waiting for W&B process to finish... (success).
wandb: 
wandb: Run history:
wandb: rmse ▁
wandb: 
wandb: Run summary:
wandb: rmse 26.49138
wandb: 
wandb: 🚀 View run 01/01/2024_21:44 at: https://wandb.ai/s204775/bsc_project/runs/n3kcgo3j
wandb: Synced 6 W&B file(s), 0 media file(s), 0 artifact file(s) and 1 other file(s)
wandb: Find logs at: ./wandb/run-20240101_214444-n3kcgo3j/logs
RMSE: 26.491380788640694
[(20.78921762362896, 83.07195195195196, 62.282734328323), (23.30699507303098, 15.09196081809752, 8.215034254933459), (23.638756584812374, 6.1344, 17.504356584812374), (23.3559651802467, 13.769767923273175, 9.586197256973524), (23.32224628209571, 14.680178173349908, 8.6420681087458), (23.667416635871476, 5.360578621404174, 18.306838014467303), (23.65378267176889, 5.728695652173912, 17.92508701959498), (20.886834516815224, 80.43629583592295, 59.54946131910772), (20.747178850969394, 84.20699881376038, 63.45981996279099), (20.847438066293854, 81.5, 60.652561933706146), (20.640030658886445, 87.1, 66.45996934111355), (23.60299362184941, 7.1, 16.502993621849413), (23.788178807034594, 2.1, 21.688178807034593), (23.86595658481237, 0.0, 23.86595658481237), (23.351141769997557, 13.9, 9.451141769997557), (20.92521584407163, 79.4, 58.474784155928376), (23.825215844071632, 1.1, 22.72521584407163), (23.795586214442, 1.9, 21.895586214442), (23.769660288516075, 2.6, 21.169660288516074), (23.628919547775332, 6.4, 17.228919547775334), (23.832623251479035, 0.9, 22.932623251479036), (23.788178807034594, 2.1, 21.688178807034593), (23.640030658886445, 6.1, 17.540030658886444), (23.580771399627185, 7.7, 15.880771399627186), (23.351141769997554, 13.9, 9.451141769997554), (23.32891954777533, 14.5, 8.828919547775332), (23.66595658481237, 5.4, 18.265956584812372), (23.784475103330887, 2.2, 21.584475103330888)]
