wandb: Currently logged in as: s204775. Use `wandb login --relogin` to force relogin
wandb: wandb version 0.16.1 is available!  To upgrade, please run:
wandb:  $ pip install wandb --upgrade
wandb: Tracking run with wandb version 0.15.12
wandb: Run data is saved locally in /home/cat/s204775/projects/Bachelor_project/ML/regression/baseline/smogn/wandb/run-20240101_214444-2z91ejpl
wandb: Run `wandb offline` to turn off syncing.
wandb: Syncing run 01/01/2024_21:44
wandb: ⭐️ View project at https://wandb.ai/s204775/bsc_project
wandb: 🚀 View run at https://wandb.ai/s204775/bsc_project/runs/2z91ejpl
wandb: Waiting for W&B process to finish... (success).
wandb: 
wandb: Run history:
wandb: rmse ▁
wandb: 
wandb: Run summary:
wandb: rmse 39.71169
wandb: 
wandb: 🚀 View run 01/01/2024_21:44 at: https://wandb.ai/s204775/bsc_project/runs/2z91ejpl
wandb: Synced 6 W&B file(s), 0 media file(s), 0 artifact file(s) and 1 other file(s)
wandb: Find logs at: ./wandb/run-20240101_214444-2z91ejpl/logs
RMSE: 39.711686244257464
[(39.636019978978155, 14.168099896306948, 25.467920082671206), (39.669676627434676, 12.68720736422009, 26.982469263214586), (39.63037253271207, 14.416587532014768, 25.213785000697307), (39.631937883041196, 14.347712117533018, 25.28422576550818), (39.62982214205297, 14.440804721014896, 25.189017421038077), (39.64337805440747, 13.844344577416916, 25.799033476990555), (38.202223274457054, 77.25515489523507, 39.05293162077801), (38.17192103145229, 78.58845358744458, 40.41653255599228), (38.13011279098172, 80.42801616814992, 42.297903377168204), (37.95590088027032, 88.09334023945152, 50.1374393591812), (37.944091868878395, 88.61293674069603, 50.66884487181763), (37.96207530408195, 87.82166559174, 49.85959028765805), (37.751364620959, 97.09293564914954, 59.341571028190536), (37.76442813317153, 96.51814111179844, 58.753712978626915), (37.78653532605994, 95.54542462470828, 57.758889298648334), (37.734140558995236, 97.85079437555554, 60.1166538165603), (37.76604695955972, 96.44691275071764, 58.68086579115792), (37.73904603811057, 97.63495329448064, 59.895907256370066), (37.756670119037125, 96.859493733712, 59.102823614674875), (39.93984043116694, 0.8, 39.139840431166945), (39.95574952207604, 0.1, 39.85574952207604), (37.94893134025785, 88.4, 50.451068659742155), (37.801204067530584, 94.9, 57.09879593246942), (37.7443858857124, 97.4, 59.65561411428761), (38.176204067530584, 78.4, 40.22379593246942), (39.8193858857124, 6.1, 33.7193858857124), (39.889840431166945, 3.0, 36.889840431166945), (39.87847679480331, 3.5, 36.37847679480331), (39.85347679480331, 4.6, 35.25347679480331), (39.75802224934876, 8.8, 30.958022249348762), (39.639840431166945, 14.0, 25.639840431166945), (39.92393134025786, 1.5, 38.42393134025786), (39.926204067530584, 1.4, 38.526204067530585), (39.8943858857124, 2.8, 37.094385885712406), (39.896658612985135, 2.7, 37.19665861298513), (39.833022249348765, 5.5, 34.333022249348765), (39.67847679480331, 12.3, 27.37847679480331), (39.73756770389422, 9.7, 30.037567703894222), (39.64893134025786, 13.6, 26.04893134025786), (39.744385885712404, 9.4, 30.344385885712406), (39.75120406753059, 9.1, 30.651204067530585), (39.72847679480331, 10.1, 29.628476794803312), (39.8193858857124, 6.1, 33.7193858857124), (39.82620406753058, 5.8, 34.026204067530585), (39.833022249348765, 5.5, 34.333022249348765)]
