wandb: Currently logged in as: s204775. Use `wandb login --relogin` to force relogin
wandb: wandb version 0.16.1 is available!  To upgrade, please run:
wandb:  $ pip install wandb --upgrade
wandb: Tracking run with wandb version 0.15.12
wandb: Run data is saved locally in /home/cat/s204775/projects/Bachelor_project/ML/regression/baseline/smogn/wandb/run-20240101_214444-e37momrk
wandb: Run `wandb offline` to turn off syncing.
wandb: Syncing run 01/01/2024_21:44
wandb: ⭐️ View project at https://wandb.ai/s204775/bsc_project
wandb: 🚀 View run at https://wandb.ai/s204775/bsc_project/runs/e37momrk
wandb: Waiting for W&B process to finish... (success).
wandb: 
wandb: Run history:
wandb: rmse ▁
wandb: 
wandb: Run summary:
wandb: rmse 1.48485
wandb: 
wandb: 🚀 View run 01/01/2024_21:44 at: https://wandb.ai/s204775/bsc_project/runs/e37momrk
wandb: Synced 6 W&B file(s), 0 media file(s), 0 artifact file(s) and 1 other file(s)
wandb: Find logs at: ./wandb/run-20240101_214444-e37momrk/logs
RMSE: 1.4848540284822107
[(2.2756314921955108, 2.2889076824268964, 0.013276190231385598), (2.275734927394521, 2.2840462280734237, 0.008311300678902622), (2.274931860063989, 2.32179039260842, 0.046858532544431064), (2.2747928012697685, 2.3283261559367947, 0.053533354667026245), (2.26027225349691, 3.010791901261134, 0.7505196477642238), (2.259656306103241, 3.0397414287635844, 0.7800851226603434), (2.260862352897262, 2.983057229444599, 0.7221948765473369), (2.260240218999027, 3.0122975226616626, 0.7520573036626357), (2.2542853440493213, 3.2921766452977983, 1.037891301248477), (2.2533896415605374, 3.334274662270652, 1.0808850207101144), (2.2547324108257665, 3.2711645068048893, 1.0164320959791229), (2.2538815447788263, 3.311155211011079, 1.0572736662322528), (2.2287573288577622, 4.491993359301065, 2.263236030443303), (2.2285838470939785, 4.500147002198918, 2.271563155104939), (2.2291958571254225, 4.471382530721056, 2.2421866735956333), (2.2287276711314474, 4.493387272437892, 2.2646596013064446), (2.2263938683260056, 4.6030760042936425, 2.376682135967637), (2.2275348354503266, 4.549450549450549, 2.3219157140002227), (2.2260442808770566, 4.61950661439423, 2.3934623335171734), (2.2257038054213547, 4.6355089608122295, 2.409805155390875), (2.2540742514917183, 3.3020979955051555, 1.0480237440134372), (2.2286016990569295, 4.499307959940217, 2.2707062608832875), (2.26050186841736, 3.0, 0.7394981315826401), (2.324331655651403, 0.0, 2.324331655651403), (2.324331655651403, 0.0, 2.324331655651403), (2.324331655651403, 0.0, 2.324331655651403), (2.324331655651403, 0.0, 2.324331655651403), (2.324331655651403, 0.0, 2.324331655651403), (2.324331655651403, 0.0, 2.324331655651403), (2.324331655651403, 0.0, 2.324331655651403), (2.292416762034381, 1.5, 0.7924167620343812), (2.2753954854386365, 2.3, 0.024604514561363366), (2.2285869748003386, 4.5, 2.2714130251996614), (2.2264593152258705, 4.6, 2.373540684774129), (2.2541188896939555, 3.3, 1.0458811103060444), (2.283906123736509, 1.9, 0.3839061237365091), (2.2817784641620404, 2.0, 0.28177846416204044), (2.288161442885445, 1.7, 0.5881614428854449), (2.2839061237365086, 1.9, 0.3839061237365087), (2.3115656982045936, 0.6, 1.7115656982045935), (2.31582101735353, 0.4, 1.91582101735353), (2.2966720811833174, 1.3, 0.9966720811833174), (2.320076336502466, 0.2, 2.120076336502466), (2.31582101735353, 0.4, 1.91582101735353), (2.323480591821615, 0.04, 2.283480591821615), (2.3230550599067215, 0.06, 2.2630550599067214), (2.31582101735353, 0.4, 1.91582101735353), (2.3136933577790617, 0.5, 1.8136933577790617)]
