wandb: Currently logged in as: s204775. Use `wandb login --relogin` to force relogin
wandb: wandb version 0.16.1 is available!  To upgrade, please run:
wandb:  $ pip install wandb --upgrade
wandb: Tracking run with wandb version 0.15.12
wandb: Run data is saved locally in /home/cat/s204775/projects/Bachelor_project/ML/regression/baseline/smogn/wandb/run-20240101_211432-9fkb28o9
wandb: Run `wandb offline` to turn off syncing.
wandb: Syncing run 01/01/2024_21:14
wandb: ⭐️ View project at https://wandb.ai/s204775/bsc_project
wandb: 🚀 View run at https://wandb.ai/s204775/bsc_project/runs/9fkb28o9
wandb: Waiting for W&B process to finish... (success).
wandb: 
wandb: Run history:
wandb: rmse ▁
wandb: 
wandb: Run summary:
wandb: rmse 23.56892
wandb: 
wandb: 🚀 View run 01/01/2024_21:14 at: https://wandb.ai/s204775/bsc_project/runs/9fkb28o9
wandb: Synced 6 W&B file(s), 0 media file(s), 0 artifact file(s) and 1 other file(s)
wandb: Find logs at: ./wandb/run-20240101_211432-9fkb28o9/logs
RMSE: 23.568919829268616
[(34.69315704393346, 35.855181493702574, 1.1620244497691132), (34.59196150105296, 39.39702549452019, 4.805063993467236), (34.41045011157887, 45.74992412611317, 11.339474014534304), (34.3911956752377, 46.423829398054366, 12.03263372281667), (34.225617125259646, 52.21907864728592, 17.993461522026273), (33.91884025193223, 62.9562692137455, 29.03742896181327), (33.02187651518211, 94.35, 61.32812348481789), (33.90486987328185, 63.44523246650907, 29.540362593227222), (33.90486987328185, 63.44523246650907, 29.540362593227222), (34.64003978048822, 37.71428571428572, 3.074245933797499), (34.42568485390015, 45.21670814486831, 10.791023290968162), (34.23542313241764, 51.87586839675608, 17.640445264338446), (33.88710387321, 64.06704246902353, 30.179938595813532), (35.71759080089639, 0.0, 35.71759080089639), (35.71759080089639, 0.0, 35.71759080089639), (35.71759080089639, 0.0, 35.71759080089639), (35.71759080089639, 0.0, 35.71759080089639), (35.68044794375353, 1.3, 34.38044794375353), (35.71759080089639, 0.0, 35.71759080089639), (35.463305086610674, 8.9, 26.563305086610676), (35.55473365803925, 5.7, 29.854733658039248), (35.3918765151821, 11.4, 23.9918765151821), (34.68901937232496, 36.0, 1.3109806276750433), (34.39473365803925, 46.3, 11.905266341960747), (35.534733658039244, 6.4, 29.134733658039245), (35.500447943753535, 7.6, 27.900447943753534), (35.48616222946782, 8.1, 27.38616222946782), (33.88901937232496, 64.0, 30.11098062767504), (33.92044794375353, 62.9, 28.97955205624647), (33.92044794375353, 62.9, 28.97955205624647), (34.41473365803924, 45.6, 11.185266341960762), (34.58616222946781, 39.6, 5.0138377705321915), (35.323305086610674, 13.8, 21.523305086610673), (35.41759080089639, 10.5, 24.91759080089639), (34.22044794375353, 52.4, 18.17955205624647), (33.88901937232496, 64.0, 30.11098062767504)]
