wandb: Currently logged in as: s204775. Use `wandb login --relogin` to force relogin
wandb: wandb version 0.16.1 is available!  To upgrade, please run:
wandb:  $ pip install wandb --upgrade
wandb: Tracking run with wandb version 0.15.12
wandb: Run data is saved locally in /home/cat/s204775/projects/Bachelor_project/ML/regression/baseline/smogn/wandb/run-20240101_214444-9k4dldoj
wandb: Run `wandb offline` to turn off syncing.
wandb: Syncing run 01/01/2024_21:44
wandb: ⭐️ View project at https://wandb.ai/s204775/bsc_project
wandb: 🚀 View run at https://wandb.ai/s204775/bsc_project/runs/9k4dldoj
wandb: Waiting for W&B process to finish... (success).
wandb: 
wandb: Run history:
wandb: rmse ▁
wandb: 
wandb: Run summary:
wandb: rmse 22.05326
wandb: 
wandb: 🚀 View run 01/01/2024_21:44 at: https://wandb.ai/s204775/bsc_project/runs/9k4dldoj
wandb: Synced 6 W&B file(s), 0 media file(s), 0 artifact file(s) and 1 other file(s)
wandb: Find logs at: ./wandb/run-20240101_214444-9k4dldoj/logs
RMSE: 22.0532594869986
[(25.230971703142913, 11.332324383479596, 13.898647319663317), (25.18596346958622, 12.772587857293832, 12.413375612292388), (25.177444004877607, 13.045210727969348, 12.13223327690826), (25.179073186280498, 12.993076923076922, 12.185996263203576), (25.10081401119367, 15.497370525855352, 9.603443485338317), (25.111002300729403, 15.171345260711869, 9.939657040017535), (25.030289557796422, 17.754153034567288, 7.276136523229134), (24.984313446344267, 19.225388601036272, 5.758924845307995), (22.608610777134526, 95.24787401574804, 72.63926323861351), (22.61001822700677, 95.20283561983636, 72.5928173928296), (22.586655433326236, 95.9504450176133, 73.36378958428708), (24.956019123974635, 20.130806916864728, 4.825212207109907), (24.944481840126656, 20.5, 4.444481840126656), (25.197606840126653, 12.4, 12.797606840126653), (25.266356840126655, 10.2, 15.066356840126655), (22.594481840126655, 95.7, 73.10551815987336), (25.291356840126653, 9.4, 15.891356840126653), (22.622606840126657, 94.8, 72.17739315987333), (25.372606840126657, 6.8, 18.572606840126657), (25.310106840126657, 8.8, 16.510106840126657), (25.188231840126655, 12.7, 12.488231840126655), (25.097606840126655, 15.6, 9.497606840126656), (25.019481840126655, 18.1, 6.919481840126654), (25.169481840126657, 13.3, 11.869481840126657), (25.075731840126657, 16.3, 8.775731840126657), (25.313231840126655, 8.7, 16.613231840126655), (25.303856840126656, 9.0, 16.303856840126656), (25.256981840126656, 10.5, 14.756981840126656), (25.185106840126657, 12.8, 12.385106840126657), (25.438231840126655, 4.7, 20.738231840126655), (25.406981840126655, 5.7, 19.706981840126655), (25.488231840126655, 3.1, 22.388231840126654), (25.419481840126654, 5.3, 20.119481840126653)]
