wandb: Currently logged in as: s204775. Use `wandb login --relogin` to force relogin
wandb: wandb version 0.16.1 is available!  To upgrade, please run:
wandb:  $ pip install wandb --upgrade
wandb: Tracking run with wandb version 0.15.12
wandb: Run data is saved locally in /home/cat/s204775/projects/Bachelor_project/ML/regression/baseline/smogn/wandb/run-20240101_214444-jzunn2dl
wandb: Run `wandb offline` to turn off syncing.
wandb: Syncing run 01/01/2024_21:44
wandb: ⭐️ View project at https://wandb.ai/s204775/bsc_project
wandb: 🚀 View run at https://wandb.ai/s204775/bsc_project/runs/jzunn2dl
wandb: Waiting for W&B process to finish... (success).
wandb: 
wandb: Run history:
wandb: rmse ▁
wandb: 
wandb: Run summary:
wandb: rmse 17.4985
wandb: 
wandb: 🚀 View run 01/01/2024_21:44 at: https://wandb.ai/s204775/bsc_project/runs/jzunn2dl
wandb: Synced 6 W&B file(s), 0 media file(s), 0 artifact file(s) and 1 other file(s)
wandb: Find logs at: ./wandb/run-20240101_214444-jzunn2dl/logs
RMSE: 17.498503639133702
[(30.262549555673676, 34.24342931243784, 3.980879756764164), (30.12399837880897, 39.0927205027026, 8.968722123893627), (30.06012827536226, 41.32817412333736, 11.268045847975102), (30.03405445165565, 42.24075795306887, 12.206703501413223), (29.999021920265495, 43.46689655172414, 13.467874631458645), (29.950373765065315, 45.16958198373067, 15.219208218665358), (29.799619361032587, 50.445986124876114, 20.646366763843528), (29.809510381766145, 50.099800399201605, 20.29029001743546), (29.79671677440689, 50.54757665677547, 20.75085988236858), (29.955454148349286, 44.99176856879165, 15.036314420442363), (29.791997097217955, 50.71276535838828, 20.920768261170327), (29.965313979170443, 44.646674490051126, 14.681360510880683), (30.09103234357388, 40.24653173593084, 10.155499392356958), (31.240933250314757, 0.0, 31.240933250314757), (31.240933250314757, 0.0, 31.240933250314757), (31.240933250314757, 0.0, 31.240933250314757), (31.240933250314757, 0.0, 31.240933250314757), (31.240933250314757, 0.0, 31.240933250314757), (31.240933250314757, 0.0, 31.240933250314757), (30.086647536029048, 40.4, 10.31335246397095), (29.806647536029043, 50.2, 20.39335246397096), (29.78664753602904, 50.9, 21.11335246397096), (29.81236182174333, 50.0, 20.18763817825667), (30.126647536029044, 39.0, 8.873352463970956), (30.56093325031476, 23.8, 6.760933250314761), (31.003790393171904, 8.3, 22.703790393171904), (29.952361821743335, 45.1, 15.147638178256667), (29.9637903931719, 44.7, 14.736209606828101), (30.032361821743333, 42.3, 12.267638178256664), (30.25236182174333, 34.6, 4.34763817825667), (30.85807610745762, 13.4, 17.45807610745762), (30.869504678886187, 13.0, 17.869504678886187), (30.732361821743332, 17.8, 12.932361821743331), (30.958076107457615, 9.9, 21.058076107457616), (30.766647536029048, 16.6, 14.166647536029046), (30.778076107457615, 16.2, 14.578076107457616)]
