wandb: Currently logged in as: s204775. Use `wandb login --relogin` to force relogin
wandb: wandb version 0.16.0 is available!  To upgrade, please run:
wandb:  $ pip install wandb --upgrade
wandb: Tracking run with wandb version 0.15.12
wandb: Run data is saved locally in /home/cat/s204775/projects/Bachelor_project/ML/regression/wandb/run-20231109_144215-3d06hpub
wandb: Run `wandb offline` to turn off syncing.
wandb: Syncing run 11/09/2023_14:42
wandb: ⭐️ View project at https://wandb.ai/s204775/bsc_project
wandb: 🚀 View run at https://wandb.ai/s204775/bsc_project/runs/3d06hpub
wandb: Waiting for W&B process to finish... (success).
wandb: 
wandb: Run history:
wandb: rmse ▁
wandb: 
wandb: Run summary:
wandb: rmse 16.97901
wandb: 
wandb: 🚀 View run 11/09/2023_14:42 at: https://wandb.ai/s204775/bsc_project/runs/3d06hpub
wandb: Synced 6 W&B file(s), 0 media file(s), 0 artifact file(s) and 1 other file(s)
wandb: Find logs at: ./wandb/run-20231109_144215-3d06hpub/logs
wandb: - Waiting for wandb.init()...wandb: \ Waiting for wandb.init()...wandb: wandb version 0.16.0 is available!  To upgrade, please run:
wandb:  $ pip install wandb --upgrade
wandb: Tracking run with wandb version 0.15.12
wandb: Run data is saved locally in /home/cat/s204775/projects/Bachelor_project/ML/regression/wandb/run-20231109_144223-ryuv9gfp
wandb: Run `wandb offline` to turn off syncing.
wandb: Syncing run 11/09/2023_14:42
wandb: ⭐️ View project at https://wandb.ai/s204775/bsc_project
wandb: 🚀 View run at https://wandb.ai/s204775/bsc_project/runs/ryuv9gfp
wandb: Waiting for W&B process to finish... (success).
wandb: 
wandb: Run history:
wandb: rmse ▁
wandb: 
wandb: Run summary:
wandb: rmse 17.98192
wandb: 
wandb: 🚀 View run 11/09/2023_14:42 at: https://wandb.ai/s204775/bsc_project/runs/ryuv9gfp
wandb: Synced 6 W&B file(s), 0 media file(s), 0 artifact file(s) and 1 other file(s)
wandb: Find logs at: ./wandb/run-20231109_144223-ryuv9gfp/logs
wandb: - Waiting for wandb.init()...wandb: \ Waiting for wandb.init()...wandb: wandb version 0.16.0 is available!  To upgrade, please run:
wandb:  $ pip install wandb --upgrade
wandb: Tracking run with wandb version 0.15.12
wandb: Run data is saved locally in /home/cat/s204775/projects/Bachelor_project/ML/regression/wandb/run-20231109_144232-vk84y2mb
wandb: Run `wandb offline` to turn off syncing.
wandb: Syncing run 11/09/2023_14:42
wandb: ⭐️ View project at https://wandb.ai/s204775/bsc_project
wandb: 🚀 View run at https://wandb.ai/s204775/bsc_project/runs/vk84y2mb
wandb: Waiting for W&B process to finish... (success).
wandb: 
wandb: Run history:
wandb: rmse ▁
wandb: 
wandb: Run summary:
wandb: rmse 8.32488
wandb: 
wandb: 🚀 View run 11/09/2023_14:42 at: https://wandb.ai/s204775/bsc_project/runs/vk84y2mb
wandb: Synced 6 W&B file(s), 0 media file(s), 0 artifact file(s) and 1 other file(s)
wandb: Find logs at: ./wandb/run-20231109_144232-vk84y2mb/logs
wandb: - Waiting for wandb.init()...wandb: \ Waiting for wandb.init()...wandb: wandb version 0.16.0 is available!  To upgrade, please run:
wandb:  $ pip install wandb --upgrade
wandb: Tracking run with wandb version 0.15.12
wandb: Run data is saved locally in /home/cat/s204775/projects/Bachelor_project/ML/regression/wandb/run-20231109_144240-ik613ogg
wandb: Run `wandb offline` to turn off syncing.
wandb: Syncing run 11/09/2023_14:42
wandb: ⭐️ View project at https://wandb.ai/s204775/bsc_project
wandb: 🚀 View run at https://wandb.ai/s204775/bsc_project/runs/ik613ogg
wandb: Waiting for W&B process to finish... (success).
wandb: 
wandb: Run history:
wandb: rmse ▁
wandb: 
wandb: Run summary:
wandb: rmse 1.42415
wandb: 
wandb: 🚀 View run 11/09/2023_14:42 at: https://wandb.ai/s204775/bsc_project/runs/ik613ogg
wandb: Synced 6 W&B file(s), 0 media file(s), 0 artifact file(s) and 1 other file(s)
wandb: Find logs at: ./wandb/run-20231109_144240-ik613ogg/logs
wandb: - Waiting for wandb.init()...wandb: \ Waiting for wandb.init()...wandb: wandb version 0.16.0 is available!  To upgrade, please run:
wandb:  $ pip install wandb --upgrade
wandb: Tracking run with wandb version 0.15.12
wandb: Run data is saved locally in /home/cat/s204775/projects/Bachelor_project/ML/regression/wandb/run-20231109_144249-065wial4
wandb: Run `wandb offline` to turn off syncing.
wandb: Syncing run 11/09/2023_14:42
wandb: ⭐️ View project at https://wandb.ai/s204775/bsc_project
wandb: 🚀 View run at https://wandb.ai/s204775/bsc_project/runs/065wial4
wandb: Waiting for W&B process to finish... (success).
wandb: 
wandb: Run history:
wandb: rmse ▁
wandb: 
wandb: Run summary:
wandb: rmse 15.44167
wandb: 
wandb: 🚀 View run 11/09/2023_14:42 at: https://wandb.ai/s204775/bsc_project/runs/065wial4
wandb: Synced 6 W&B file(s), 0 media file(s), 0 artifact file(s) and 1 other file(s)
wandb: Find logs at: ./wandb/run-20231109_144249-065wial4/logs
wandb: - Waiting for wandb.init()...wandb: \ Waiting for wandb.init()...wandb: wandb version 0.16.0 is available!  To upgrade, please run:
wandb:  $ pip install wandb --upgrade
wandb: Tracking run with wandb version 0.15.12
wandb: Run data is saved locally in /home/cat/s204775/projects/Bachelor_project/ML/regression/wandb/run-20231109_144258-k2iq3u1n
wandb: Run `wandb offline` to turn off syncing.
wandb: Syncing run 11/09/2023_14:42
wandb: ⭐️ View project at https://wandb.ai/s204775/bsc_project
wandb: 🚀 View run at https://wandb.ai/s204775/bsc_project/runs/k2iq3u1n
wandb: Waiting for W&B process to finish... (success).
wandb: 
wandb: Run history:
wandb: rmse ▁
wandb: 
wandb: Run summary:
wandb: rmse 10.37533
wandb: 
wandb: 🚀 View run 11/09/2023_14:42 at: https://wandb.ai/s204775/bsc_project/runs/k2iq3u1n
wandb: Synced 6 W&B file(s), 0 media file(s), 0 artifact file(s) and 1 other file(s)
wandb: Find logs at: ./wandb/run-20231109_144258-k2iq3u1n/logs
wandb: - Waiting for wandb.init()...wandb: \ Waiting for wandb.init()...wandb: wandb version 0.16.0 is available!  To upgrade, please run:
wandb:  $ pip install wandb --upgrade
wandb: Tracking run with wandb version 0.15.12
wandb: Run data is saved locally in /home/cat/s204775/projects/Bachelor_project/ML/regression/wandb/run-20231109_144306-bc73gdgp
wandb: Run `wandb offline` to turn off syncing.
wandb: Syncing run 11/09/2023_14:42
wandb: ⭐️ View project at https://wandb.ai/s204775/bsc_project
wandb: 🚀 View run at https://wandb.ai/s204775/bsc_project/runs/bc73gdgp
wandb: Waiting for W&B process to finish... (success).
wandb: 
wandb: Run history:
wandb: rmse ▁
wandb: 
wandb: Run summary:
wandb: rmse 6.19232
wandb: 
wandb: 🚀 View run 11/09/2023_14:42 at: https://wandb.ai/s204775/bsc_project/runs/bc73gdgp
wandb: Synced 6 W&B file(s), 0 media file(s), 0 artifact file(s) and 1 other file(s)
wandb: Find logs at: ./wandb/run-20231109_144306-bc73gdgp/logs
RMSE: 16.979009149585213
[('Cu(p111)', 19.91560666689501, 33.3, 13.384393333104988), ('Ag(p111)', 25.83261095813489, 0.0, 25.83261095813489), ('Au(p111)', -1.2915041252546846, 0.0, 1.2915041252546846), ('Pt(p111)', -12.901729290838908, 0.0, 12.901729290838908), ('Sn(p111)', -15.367151390433932, 0.0, 15.367151390433932), ('In(p111)', -7.936855556569483, 0.0, 7.936855556569483), ('Pb(p111)', -0.34923261970480723, 0.0, 0.34923261970480723), ('Cd(p111)', 1.1906412840521305, 1.3, 0.1093587159478695), ('Fe(p111)', -17.010647789014367, 0.0, 17.010647789014367), ('Zn(p111)', 2.7933037476307767, 0.0, 2.7933037476307767), ('Cu(100)', 21.258752518245043, 30.4, 9.141247481754956), ('Cu(1111)', 17.587590704058282, 8.9, 8.687590704058282), ('Cu(911)', 21.136087086838643, 5.7, 15.436087086838644), ('Cu(711)', 23.798960492484635, 5.0, 18.798960492484635), ('Cu(511)', 20.00802249201412, 11.4, 8.60802249201412), ('Cu(311)', 24.17169148082274, 36.0, 11.82830851917726), ('Cu(111)', 34.59429204532196, 46.3, 11.70570795467804), ('Cu(810)', 25.213881983512984, 6.4, 18.813881983512985), ('Cu(610)', 29.693057211581475, 7.6, 22.093057211581474), ('Cu(510)', 24.469397413182303, 8.1, 16.369397413182305), ('Cu(310)', 37.76943547194308, 17.7, 20.069435471943084), ('Cu(210)', 32.746005694321866, 64.0, 31.253994305678134), ('Cu(755)', 24.170520436331497, 62.9, 38.729479563668505), ('Cu(533)', 30.362396552692232, 62.9, 32.53760344730777), ('Cu(211)', 29.734122100111584, 45.6, 15.865877899888417), ('Cu(332)', 37.335253498652776, 39.6, 2.2647465013472257), ('Cu(331)', 39.70519652075956, 13.8, 25.905196520759556), ('Cu(110)', 36.5229779979978, 6.9, 29.6229779979978), ('Cu(650)', 52.30886345881277, 10.5, 41.80886345881277), ('Cu(320)', 33.82193470185719, 52.4, 18.57806529814281), ('Cu(210)', 32.74600569432188, 64.0, 31.25399430567812)]
RMSE: 17.981922806813753
[('Cu(p111)', -8.73931329210447, 25.5, 34.23931329210447), ('Ag(p111)', -0.4609669983855724, 0.0, 0.4609669983855724), ('Au(p111)', 30.573087000621, 0.0, 30.573087000621), ('Pt(p111)', 18.344371298946072, 0.0, 18.344371298946072), ('Sn(p111)', 17.676266144247393, 0.0, 17.676266144247393), ('In(p111)', 8.93160985058259, 0.0, 8.93160985058259), ('Pb(p111)', -10.180542176790254, 0.0, 10.180542176790254), ('Cd(p111)', -11.853596683650494, 0.0, 11.853596683650494), ('Fe(p111)', 95.86110767572305, 0.0, 95.86110767572305), ('Zn(p111)', 39.732790014234695, 0.0, 39.732790014234695), ('Cu(100)', 34.16512216718961, 40.4, 6.23487783281039), ('Cu(1111)', 21.611478840993698, 50.2, 28.588521159006305), ('Cu(911)', 28.114169702252553, 50.9, 22.785830297747445), ('Cu(711)', 31.571021403230617, 50.0, 18.428978596769383), ('Cu(511)', 27.09728428712451, 39.0, 11.90271571287549), ('Cu(311)', 29.896029574919368, 23.8, 6.096029574919367), ('Cu(111)', 17.04769611371873, 8.3, 8.747696113718728), ('Cu(810)', 27.191510740927612, 45.1, 17.90848925907239), ('Cu(610)', 30.919280087137267, 44.7, 13.780719912862736), ('Cu(510)', 28.879518412287226, 42.3, 13.420481587712771), ('Cu(310)', 9.720791539134325, 34.6, 24.879208460865676), ('Cu(210)', 19.099887035841334, 13.4, 5.699887035841334), ('Cu(755)', 37.12516004301105, 11.5, 25.62516004301105), ('Cu(533)', 34.35951405182897, 13.0, 21.359514051828967), ('Cu(211)', 25.906641277628495, 17.8, 8.106641277628494), ('Cu(332)', 25.287695357569632, 9.9, 15.387695357569632), ('Cu(331)', 22.781718253715184, 16.6, 6.181718253715182), ('Cu(110)', 9.581798387820044, 13.5, 3.9182016121799563), ('Cu(650)', 26.06231625580112, 16.2, 9.862316255801122), ('Cu(320)', 28.671386444163062, 13.7, 14.971386444163063), ('Cu(210)', 19.099887035841363, 13.4, 5.699887035841362)]
RMSE: 8.324882633763488
[('Cu(p111)', -2.178264573782265, 5.7, 7.878264573782265), ('Ag(p111)', -2.6131940214754934, 0.0, 2.6131940214754934), ('Au(p111)', 9.76919442005984, 0.0, 9.76919442005984), ('Pt(p111)', 10.914858989809488, 0.0, 10.914858989809488), ('Sn(p111)', 4.8379089987807475, 0.0, 4.8379089987807475), ('In(p111)', 1.5870539723512138, 0.0, 1.5870539723512138), ('Pb(p111)', -1.449439084493001, 0.0, 1.449439084493001), ('Cd(p111)', 0.22090795532162844, 0.0, 0.22090795532162844), ('Fe(p111)', 31.655578250580916, 0.0, 31.655578250580916), ('Zn(p111)', 15.256289029537754, 0.0, 15.256289029537754), ('Cu(100)', 14.444544297563667, 9.7, 4.744544297563667), ('Cu(1111)', 5.567339794075181, 14.4, 8.83266020592482), ('Cu(911)', 7.1852021698298785, 16.9, 9.71479783017012), ('Cu(711)', 9.726676124638153, 7.4, 2.326676124638153), ('Cu(511)', 7.991813435592988, 12.2, 4.208186564407011), ('Cu(311)', 10.351807483393031, 3.3, 7.0518074833930315), ('Cu(111)', 4.139762084452791, 2.6, 1.5397620844527906), ('Cu(810)', 13.70252472275461, 26.0, 12.29747527724539), ('Cu(610)', 14.451986737302917, 26.0, 11.548013262697083), ('Cu(510)', 12.580053382867916, 26.1, 13.519946617132085), ('Cu(310)', 12.531736505396808, 29.9, 17.36826349460319), ('Cu(210)', 15.077795669519723, 6.6, 8.477795669519724), ('Cu(755)', 11.44480126472471, 5.3, 6.14480126472471), ('Cu(533)', 15.34465332601959, 1.9, 13.444653326019589), ('Cu(211)', 8.259184629123723, 3.4, 4.859184629123723), ('Cu(332)', 9.908647628436071, 7.1, 2.8086476284360717), ('Cu(331)', 7.978258798281942, 15.6, 7.6217412017180575), ('Cu(110)', 0.14374524846816428, 10.5, 10.356254751531836), ('Cu(650)', 16.92427880879884, 10.9, 6.024278808798838), ('Cu(320)', 17.021386158856203, 6.5, 10.521386158856203), ('Cu(210)', 15.07779566951973, 6.6, 8.47779566951973)]
RMSE: 1.424146936616238
[('Cu(p111)', -0.7907203132677019, 3.0, 3.790720313267702), ('Ag(p111)', 0.5914732833468541, 0.0, 0.5914732833468541), ('Au(p111)', 2.5962732410248854, 0.0, 2.5962732410248854), ('Pt(p111)', 0.16636780657318795, 0.0, 0.16636780657318795), ('Sn(p111)', 1.089820683689208, 0.0, 1.089820683689208), ('In(p111)', 0.6605731640301507, 0.0, 0.6605731640301507), ('Pb(p111)', -0.9777060536534421, 0.0, 0.9777060536534421), ('Cd(p111)', -0.8654746229740944, 0.0, 0.8654746229740944), ('Fe(p111)', 9.091246134282278, 0.0, 9.091246134282278), ('Zn(p111)', 2.8314364851598572, 0.0, 2.8314364851598572), ('Cu(100)', 1.9953675417484966, 1.5, 0.4953675417484966), ('Cu(1111)', 1.5162690283780993, 2.3, 0.7837309716219005), ('Cu(911)', 1.6586179272534087, 4.5, 2.8413820727465913), ('Cu(711)', 1.8206829940694362, 4.6, 2.7793170059305634), ('Cu(511)', 1.6594871722457931, 3.3, 1.6405128277542067), ('Cu(311)', 1.7493030484496934, 1.5, 0.24930304844969342), ('Cu(111)', 1.2866457626070815, 0.0, 1.2866457626070815), ('Cu(810)', 1.2764994382201174, 1.9, 0.6235005617798826), ('Cu(610)', 1.5994319216283888, 2.0, 0.40056807837161124), ('Cu(510)', 1.5217625673896098, 1.7, 0.17823743261039016), ('Cu(310)', -0.6205799250785518, 1.9, 2.5205799250785517), ('Cu(210)', 0.5438543261131379, 0.5, 0.04385432611313789), ('Cu(755)', 2.2082782487143966, 0.6, 1.6082782487143965), ('Cu(533)', 1.800611225998626, 0.4, 1.400611225998626), ('Cu(211)', 1.701118217851377, 1.3, 0.401118217851377), ('Cu(332)', 1.4103232504536045, 0.2, 1.2103232504536046), ('Cu(331)', 1.2443756412278386, 0.4, 0.8443756412278386), ('Cu(110)', 0.6936758918639114, 0.04, 0.6536758918639114), ('Cu(650)', 0.943714102992482, 0.06, 0.883714102992482), ('Cu(320)', 0.9985127870742243, 0.4, 0.5985127870742243), ('Cu(210)', 0.5438543261131414, 0.5, 0.04385432611314144)]
RMSE: 15.441669450952926
[('Cu(p111)', 55.7269251696597, 1.3, 54.426925169659704), ('Ag(p111)', 36.24397598948444, 81.5, 45.25602401051556), ('Au(p111)', 80.69642275468709, 87.1, 6.403577245312903), ('Pt(p111)', -10.387651316955186, 0.0, 10.387651316955186), ('Sn(p111)', 18.270727838433757, 7.1, 11.170727838433757), ('In(p111)', 8.71208494037782, 2.1, 6.612084940377821), ('Pb(p111)', -0.6575615003753796, 0.0, 0.6575615003753796), ('Cd(p111)', 35.38043855212648, 13.9, 21.48043855212648), ('Fe(p111)', -69.67763758700535, 0.0, 69.67763758700535), ('Zn(p111)', -2.994211775707953, 79.4, 82.39421177570796), ('Cu(100)', 16.249909726593785, 0.9, 15.349909726593784), ('Cu(1111)', 4.913427037776927, 1.8, 3.113427037776927), ('Cu(911)', 2.094622168901566, 0.0, 2.094622168901566), ('Cu(711)', 6.739300694340784, 1.1, 5.639300694340784), ('Cu(511)', 9.730000189752104, 1.9, 7.830000189752104), ('Cu(311)', -3.689843634191959, 2.6, 6.289843634191959), ('Cu(111)', 15.169288990171111, 6.4, 8.76928899017111), ('Cu(810)', 5.667546669524626, 1.4, 4.267546669524625), ('Cu(610)', 8.646103759526738, 0.9, 7.746103759526738), ('Cu(510)', 3.6041967379052835, 2.1, 1.5041967379052834), ('Cu(310)', 22.67299138010381, 0.0, 22.67299138010381), ('Cu(210)', 2.013247922647963, 2.2, 0.18675207735203703), ('Cu(755)', 8.857110171340821, 4.4, 4.457110171340821), ('Cu(533)', 6.292334264895203, 3.0, 3.292334264895203), ('Cu(211)', 8.479604111699928, 2.1, 6.379604111699928), ('Cu(332)', 2.6523995149321706, 6.1, 3.447600485067829), ('Cu(331)', 0.7113061688660878, 7.7, 6.988693831133912), ('Cu(110)', -3.957091185294331, 13.9, 17.85709118529433), ('Cu(650)', -12.754062582728949, 14.5, 27.25406258272895), ('Cu(320)', -9.497681267416851, 5.4, 14.897681267416852), ('Cu(210)', 2.0132479226479347, 2.2, 0.18675207735206545)]
RMSE: 10.375325467991765
[('Cu(p111)', -8.430494604780122, 9.4, 17.83049460478012), ('Ag(p111)', 40.7236698222018, 0.8, 39.9236698222018), ('Au(p111)', -27.575119251879073, 0.7, 28.275119251879072), ('Pt(p111)', 5.193248402250163, 0.1, 5.093248402250163), ('Sn(p111)', 71.05912857944216, 88.4, 17.340871420557846), ('In(p111)', 87.23917885752982, 94.9, 7.6608211424701835), ('Pb(p111)', 104.16985600782914, 97.4, 6.769856007829134), ('Cd(p111)', 58.6616252552668, 78.4, 19.738374744733207), ('Fe(p111)', -3.0478493555081627, 0.0, 3.0478493555081627), ('Zn(p111)', 53.4784687944866, 6.1, 47.3784687944866), ('Cu(100)', 2.048783865206076, 3.0, 0.9512161347939241), ('Cu(1111)', 15.552884757346419, 3.2, 12.35288475734642), ('Cu(911)', 14.114957817403194, 3.5, 10.614957817403194), ('Cu(711)', 5.806793683695872, 4.6, 1.2067936836958726), ('Cu(511)', 8.390805690397997, 8.8, 0.40919430960200387), ('Cu(311)', 11.537703992901015, 14.0, 2.4622960070989848), ('Cu(111)', 4.610351933877041, 11.5, 6.889648066122959), ('Cu(810)', 9.568164732842263, 1.5, 8.068164732842263), ('Cu(610)', 0.45646889617029274, 1.4, 0.9435311038297072), ('Cu(510)', 9.07498002116543, 2.8, 6.2749800211654305), ('Cu(310)', 3.643779168552072, 2.7, 0.943779168552072), ('Cu(210)', 5.559762446176364, 5.5, 0.05976244617636439), ('Cu(755)', -3.825258774608642, 12.3, 16.125258774608643), ('Cu(533)', -1.9440672291083558, 9.7, 11.644067229108355), ('Cu(211)', 5.20946793563931, 13.6, 8.39053206436069), ('Cu(332)', 1.2021417335782303, 9.4, 8.19785826642177), ('Cu(331)', 6.000707518745855, 9.1, 3.0992924812541442), ('Cu(110)', 28.76926995646801, 10.1, 18.669269956468007), ('Cu(650)', 5.474509486214856, 6.1, 0.6254905137851434), ('Cu(320)', 16.387575980236136, 5.8, 10.587575980236135), ('Cu(210)', 5.5597624461763075, 5.5, 0.05976244617630755)]
RMSE: 6.192320095348178
[('Cu(p111)', 28.4288254183421, 20.5, 7.9288254183421), ('Ag(p111)', 1.250260051581357, 12.4, 11.149739948418643), ('Au(p111)', 27.6350096658163, 10.2, 17.4350096658163), ('Pt(p111)', 53.88492419595032, 95.7, 41.815075804049684), ('Sn(p111)', 5.957718382351004, 4.6, 1.3577183823510044), ('In(p111)', 2.213766872472519, 3.3, 1.086233127527481), ('Pb(p111)', 2.8032512339223956, 5.0, 2.1967487660776044), ('Cd(p111)', 11.88185303810728, 9.4, 2.48185303810728), ('Fe(p111)', 94.11544000907801, 94.8, 0.6845599909219828), ('Zn(p111)', -6.542751786467157, 9.9, 16.442751786467156), ('Cu(100)', 2.936057429863702, 6.8, 3.863942570136298), ('Cu(1111)', 23.684687571425876, 8.8, 14.884687571425875), ('Cu(911)', 16.079260221652838, 12.7, 3.3792602216528387), ('Cu(711)', 12.140342495736597, 15.6, 3.4596575042634026), ('Cu(511)', 16.299949758796515, 18.1, 1.8000502412034862), ('Cu(311)', 15.145213963471974, 13.3, 1.8452139634719735), ('Cu(111)', 3.468891123047392, 16.3, 12.831108876952609), ('Cu(810)', 12.213144507797345, 8.7, 3.513144507797346), ('Cu(610)', 8.895519314803728, 9.0, 0.10448068519627185), ('Cu(510)', 13.187409040162756, 10.5, 2.6874090401627555), ('Cu(310)', 11.89215380401992, 12.8, 0.9078461959800812), ('Cu(210)', 11.490787416896595, 7.0, 4.490787416896595), ('Cu(755)', 4.506151050909864, 6.9, 2.3938489490901365), ('Cu(533)', 3.2971257406479566, 4.7, 1.4028742593520436), ('Cu(211)', 8.607688979223653, 11.2, 2.5923110207763465), ('Cu(332)', 6.968637457362405, 10.3, 3.3313625426375957), ('Cu(331)', 6.403095444526137, 5.7, 0.703095444526137), ('Cu(110)', 15.980697418298519, 3.1, 12.880697418298519), ('Cu(650)', 0.3413366495532628, 2.5, 2.158663350446737), ('Cu(320)', -0.362177830550678, 5.3, 5.662177830550678), ('Cu(210)', 11.49078741689656, 7.0, 4.490787416896559)]
