wandb: Currently logged in as: s204775. Use `wandb login --relogin` to force relogin
wandb: wandb version 0.16.0 is available!  To upgrade, please run:
wandb:  $ pip install wandb --upgrade
wandb: Tracking run with wandb version 0.15.12
wandb: Run data is saved locally in /home/cat/s204775/projects/Bachelor_project/ML/regression/wandb/run-20231109_144218-1hlfc1zv
wandb: Run `wandb offline` to turn off syncing.
wandb: Syncing run 11/09/2023_14:42
wandb: ⭐️ View project at https://wandb.ai/s204775/bsc_project
wandb: 🚀 View run at https://wandb.ai/s204775/bsc_project/runs/1hlfc1zv
wandb: Waiting for W&B process to finish... (success).
wandb: 
wandb: Run history:
wandb: rmse ▁
wandb: 
wandb: Run summary:
wandb: rmse 14.27319
wandb: 
wandb: 🚀 View run 11/09/2023_14:42 at: https://wandb.ai/s204775/bsc_project/runs/1hlfc1zv
wandb: Synced 6 W&B file(s), 0 media file(s), 0 artifact file(s) and 1 other file(s)
wandb: Find logs at: ./wandb/run-20231109_144218-1hlfc1zv/logs
wandb: - Waiting for wandb.init()...wandb: \ Waiting for wandb.init()...wandb: wandb version 0.16.0 is available!  To upgrade, please run:
wandb:  $ pip install wandb --upgrade
wandb: Tracking run with wandb version 0.15.12
wandb: Run data is saved locally in /home/cat/s204775/projects/Bachelor_project/ML/regression/wandb/run-20231109_144226-114wxviz
wandb: Run `wandb offline` to turn off syncing.
wandb: Syncing run 11/09/2023_14:42
wandb: ⭐️ View project at https://wandb.ai/s204775/bsc_project
wandb: 🚀 View run at https://wandb.ai/s204775/bsc_project/runs/114wxviz
wandb: Waiting for W&B process to finish... (success).
wandb: 
wandb: Run history:
wandb: rmse ▁
wandb: 
wandb: Run summary:
wandb: rmse 11.8401
wandb: 
wandb: 🚀 View run 11/09/2023_14:42 at: https://wandb.ai/s204775/bsc_project/runs/114wxviz
wandb: Synced 6 W&B file(s), 0 media file(s), 0 artifact file(s) and 1 other file(s)
wandb: Find logs at: ./wandb/run-20231109_144226-114wxviz/logs
wandb: - Waiting for wandb.init()...wandb: \ Waiting for wandb.init()...wandb: wandb version 0.16.0 is available!  To upgrade, please run:
wandb:  $ pip install wandb --upgrade
wandb: Tracking run with wandb version 0.15.12
wandb: Run data is saved locally in /home/cat/s204775/projects/Bachelor_project/ML/regression/wandb/run-20231109_144234-ezdf2r7t
wandb: Run `wandb offline` to turn off syncing.
wandb: Syncing run 11/09/2023_14:42
wandb: ⭐️ View project at https://wandb.ai/s204775/bsc_project
wandb: 🚀 View run at https://wandb.ai/s204775/bsc_project/runs/ezdf2r7t
RMSE: 14.273185900061186
[('Zn(p111)', 5.419887709615743, 0.0, 5.419887709615743), ('Au(p111)', 3.5767970861153984, 0.0, 3.5767970861153984), ('Zn(p111)', 19.868966958672374, 0.0, 19.868966958672374), ('Ag(p111)', -6.152780786648947, 0.0, 6.152780786648947), ('Ag(p111)', -7.176020345210716, 0.0, 7.176020345210716), ('Ag(p111)', 16.07874728615409, 0.0, 16.07874728615409), ('Zn(p111)', -8.526088470745586, 0.0, 8.526088470745586), ('Ag(p111)', -12.92177352757836, 0.0, 12.92177352757836), ('Zn(p111)', -15.762099624876189, 0.0, 15.762099624876189), ('Au(p111)', 32.65454987982147, 0.0, 32.65454987982147), ('Ag(p111)', 6.154091058895144, 0.0, 6.154091058895144), ('Au(p111)', 6.44495896909096, 0.0, 6.44495896909096), ('Zn(p111)', 16.771284595277237, 0.0, 16.771284595277237), ('Zn(p111)', 6.76029054422294, 0.0, 6.76029054422294), ('Au(p111)', 8.545332160825843, 0.0, 8.545332160825843), ('Ag(p111)', 9.87598803665506, 0.0, 9.87598803665506), ('Au(p111)', 31.680503220745145, 0.0, 31.680503220745145), ('Ag(p111)', 20.013776440032913, 0.0, 20.013776440032913), ('Ag(p111)', -31.052621184996177, 0.0, 31.052621184996177), ('Zn(p111)', 0.23786859644596348, 0.0, 0.23786859644596348), ('Au(p111)', 20.351133728771075, 0.0, 20.351133728771075), ('Zn(p111)', -10.655302598568323, 0.0, 10.655302598568323), ('Cu(650)', 64.65237225413884, 97.51518852764735, 32.862816273508514), ('Cu(533)', 50.660746628322386, 28.66867489006868, 21.992071738253706), ('Cu(511)', 69.04552189401849, 63.29953467097826, 5.745987223040231), ('Cu(510)', 44.86186033195459, 50.89296576956752, 6.031105437612929), ('Cu(810)', 52.89938256516522, 76.29337024570032, 23.393987680535098), ('Cu(331)', 72.5014153797438, 107.67645639344371, 35.17504101369991), ('Cu(331)', 58.90842387525585, 35.255321461408755, 23.653102413847094), ('Cu(310)', 54.761466618789335, 78.22100493573026, 23.45953831694093), ('Cu(310)', 47.27785881121828, 13.112904359617811, 34.164954451600465), ('Cu(1111)', 50.80232103064236, 120.73477995677138, 69.93245892612902), ('Cu(755)', 55.86181222949467, 57.51537806062514, 1.6535658311304715), ('Cu(650)', 58.463319850150086, 5.226345588745531, 53.236974261404555), ('Cu(210)', 45.2843275442457, 53.33899195759809, 8.054664413352391), ('Cu(310)', 62.015940616666576, 91.17184765060132, 29.155907033934746), ('Cu(211)', 47.91529179042831, 62.73606343346364, 14.820771643035329), ('Cu(610)', 54.524154111357376, 77.99033486422682, 23.466180752869448), ('Cu(755)', 64.68987856187479, 81.64502646569834, 16.955147903823544), ('Cu(210)', 57.73236564784253, 11.42979715514742, 46.30256849269511), ('Cu(810)', 54.21204250391067, 83.26515623053595, 29.053113726625277), ('Cu(320)', 52.18942251756838, 46.21338393753, 5.976038580038384), ('Cu(755)', 57.2463215420579, 62.63020243000314, 5.383880887945239), ('Cu(511)', 37.09112433678535, 72.38066237283286, 35.28953803604751), ('Fe(p111)', 0.2716984901160586, 0.0, 0.2716984901160586), ('Pt(p111)', -15.01138725767128, 0.0, 15.01138725767128), ('Fe(p111)', 24.578945343879887, 0.0, 24.578945343879887), ('Pt(p111)', 3.5978602138458857, 0.0, 3.5978602138458857), ('Pt(p111)', -13.138212142114773, 0.0, 13.138212142114773), ('Fe(p111)', 8.417221005172635, 0.0, 8.417221005172635), ('Pt(p111)', -5.702515751460918, 0.0, 5.702515751460918), ('Pt(p111)', 5.92795812798456, 0.0, 5.92795812798456), ('Fe(p111)', -13.357058966850493, 0.0, 13.357058966850493), ('Pt(p111)', 21.583648595798792, 0.0, 21.583648595798792), ('Pt(p111)', 10.905202869760668, 0.0, 10.905202869760668), ('Fe(p111)', 3.867880616034663, 0.0, 3.867880616034663), ('Fe(p111)', -4.785401965150886, 0.0, 4.785401965150886), ('Pt(p111)', 2.029628823570782, 0.0, 2.029628823570782), ('Pt(p111)', -5.543835257517969, 0.0, 5.543835257517969), ('Fe(p111)', 0.6918062136125762, 0.0, 0.6918062136125762), ('Pt(p111)', 30.713161794888393, 0.0, 30.713161794888393), ('Fe(p111)', -17.359890817087177, 0.0, 17.359890817087177), ('Fe(p111)', -23.448078745803013, 0.0, 23.448078745803013), ('Pt(p111)', 22.86992810170414, 0.0, 22.86992810170414), ('Pt(p111)', 6.030123210494732, 0.0, 6.030123210494732), ('Pt(p111)', 2.8818040160555114, 0.0, 2.8818040160555114), ('Pb(p111)', 14.84649372307728, 1.500405870398191, 13.346087852679089), ('Sn(p111)', -10.044421040351985, 1.183977397234624, 11.228398437586609), ('Sn(p111)', -24.2975614796513, 0.3231762109123065, 24.620737690563608), ('Sn(p111)', -5.461038690933744, 0.3912249020767807, 5.852263593010525), ('In(p111)', -5.238253363322151, 0.8200499511990698, 6.058303314521221), ('Sn(p111)', -3.4662175647841806, 1.6667754446671783, 5.132993009451359), ('In(p111)', 5.876322229329247, 0.9605163006830846, 4.915805928646162), ('In(p111)', 16.942548918150955, 1.6094647561198403, 15.333084162031115), ('In(p111)', -15.250686296606464, -1.6517997338128163, 13.598886562793648), ('Cd(p111)', -7.810736897511987, -0.5131162358758414, 7.297620661636145), ('Cd(p111)', -1.1476964617173806, 0.2773426800543091, 1.4250391417716897), ('Sn(p111)', 4.310795127438496, 0.6096245946420576, 3.7011705327964384), ('Pb(p111)', -3.2326949183951825, -0.4501470491325145, 2.782547869262668), ('Cd(p111)', 3.6309116412269518, 0.7053295814116706, 2.925582059815281), ('Cd(p111)', 8.108194773742671, 1.8768273507186628, 6.231367423024008), ('Pb(p111)', -1.1158752020441867, 0.6705536031045554, 1.786428805148742), ('Cd(p111)', 7.735056493321089, 0.193926230361056, 7.541130262960033), ('Sn(p111)', -5.255176237749456, 0.8502598356272668, 6.105436073376723), ('In(p111)', 6.229503083441866, 0.4013526065812391, 5.828150476860627), ('Pb(p111)', 2.6097052335623907, 0.2747523815402216, 2.334952852022169), ('Pb(p111)', 11.047397576131637, -0.0625765890616114, 11.109974165193249), ('Sn(p111)', 11.735184808108649, 0.004312652486734, 11.730872155621915)]
RMSE: 11.840103609518383
wandb: Waiting for W&B process to finish... (success).
wandb: 
wandb: Run history:
wandb: rmse ▁
wandb: 
wandb: Run summary:
wandb: rmse 5.76493
wandb: 
wandb: 🚀 View run 11/09/2023_14:42 at: https://wandb.ai/s204775/bsc_project/runs/ezdf2r7t
wandb: Synced 6 W&B file(s), 0 media file(s), 0 artifact file(s) and 1 other file(s)
wandb: Find logs at: ./wandb/run-20231109_144234-ezdf2r7t/logs
wandb: - Waiting for wandb.init()...wandb: \ Waiting for wandb.init()...wandb: wandb version 0.16.0 is available!  To upgrade, please run:
wandb:  $ pip install wandb --upgrade
wandb: Tracking run with wandb version 0.15.12
wandb: Run data is saved locally in /home/cat/s204775/projects/Bachelor_project/ML/regression/wandb/run-20231109_144243-hzr127zy
wandb: Run `wandb offline` to turn off syncing.
wandb: Syncing run 11/09/2023_14:42
wandb: ⭐️ View project at https://wandb.ai/s204775/bsc_project
wandb: 🚀 View run at https://wandb.ai/s204775/bsc_project/runs/hzr127zy
[('Zn(p111)', 8.642880145355917, 0.0, 8.642880145355917), ('Au(p111)', 0.8100000045910232, 0.0, 0.8100000045910232), ('Zn(p111)', 16.904572900040602, 0.0, 16.904572900040602), ('Ag(p111)', -5.123446352796487, 0.0, 5.123446352796487), ('Ag(p111)', -7.583298916771136, 0.0, 7.583298916771136), ('Ag(p111)', 13.430338580244591, 0.0, 13.430338580244591), ('Zn(p111)', 3.4190756222660603, 0.0, 3.4190756222660603), ('Ag(p111)', -9.443782587834868, 0.0, 9.443782587834868), ('Zn(p111)', -14.62054430430292, 0.0, 14.62054430430292), ('Au(p111)', 24.960943506504137, 0.0, 24.960943506504137), ('Ag(p111)', 5.0139890953872825, 0.0, 5.0139890953872825), ('Au(p111)', 10.342846463871055, 0.0, 10.342846463871055), ('Zn(p111)', 20.4694647647013, 0.0, 20.4694647647013), ('Zn(p111)', 11.980823202311024, 0.0, 11.980823202311024), ('Au(p111)', 15.13964358632779, 0.0, 15.13964358632779), ('Ag(p111)', 14.57421642941917, 0.0, 14.57421642941917), ('Au(p111)', 14.715612743263346, 0.0, 14.715612743263346), ('Ag(p111)', 11.627621876292821, 0.0, 11.627621876292821), ('Ag(p111)', -25.541570139976514, 0.0, 25.541570139976514), ('Zn(p111)', -1.6982409589548944, 0.0, 1.6982409589548944), ('Au(p111)', 20.631273568302404, 0.0, 20.631273568302404), ('Zn(p111)', -7.944783881201076, 0.0, 7.944783881201076), ('Cu(650)', 55.812149669540815, 30.537767814752726, 25.27438185478809), ('Cu(533)', 38.48991531837515, 59.70427558103669, 21.214360262661543), ('Cu(511)', 54.95110125912602, 50.86602529887742, 4.085075960248602), ('Cu(510)', 39.81121838903536, 60.91595150031982, 21.10473311128446), ('Cu(810)', 47.08282871073074, 42.224648760641344, 4.858179950089394), ('Cu(331)', 61.09178829436693, 46.13935828516611, 14.952430009200818), ('Cu(331)', 50.31823548152768, 44.34963249187875, 5.968602989648929), ('Cu(310)', 49.97662654321093, 56.85702508468738, 6.880398541476453), ('Cu(310)', 37.72675735359619, 91.159702229563, 53.432944875966804), ('Cu(1111)', 44.772301205776905, 34.61544308142934, 10.156858124347565), ('Cu(755)', 42.72078997746263, 70.11948490618963, 27.398694928726997), ('Cu(650)', 44.341014432881835, 62.53349546395536, 18.192481031073527), ('Cu(210)', 42.46488860082637, 42.71806085508241, 0.25317225425604306), ('Cu(310)', 52.627271501976246, 45.367565095797566, 7.25970640617868), ('Cu(211)', 40.85834209042957, 66.04632632645965, 25.187984236030076), ('Cu(610)', 47.71197191037807, 50.18963694992364, 2.4776650395455704), ('Cu(755)', 51.943367783944, 31.95655266547149, 19.986815118472506), ('Cu(210)', 45.89007784564202, 90.93362243757002, 45.043544591928004), ('Cu(810)', 44.94282797207234, 97.83434936842836, 52.891521396356026), ('Cu(320)', 41.464552339728456, 24.81583936424374, 16.648712975484717), ('Cu(755)', 42.92366449669488, 28.88532097296945, 14.038343523725434), ('Cu(511)', 28.41600737035865, 61.48230517128884, 33.066297800930194), ('Fe(p111)', -0.46802132962758236, 0.0, 0.46802132962758236), ('Pt(p111)', -18.869283415543354, 0.0, 18.869283415543354), ('Fe(p111)', 21.236945655001957, 0.0, 21.236945655001957), ('Pt(p111)', 7.000212401679207, 0.0, 7.000212401679207), ('Pt(p111)', -10.396858322365166, 0.0, 10.396858322365166), ('Fe(p111)', 11.200291401098433, 0.0, 11.200291401098433), ('Pt(p111)', -3.5035098407369265, 0.0, 3.5035098407369265), ('Pt(p111)', 4.324363296743478, 0.0, 4.324363296743478), ('Fe(p111)', -12.353233474743273, 0.0, 12.353233474743273), ('Pt(p111)', 19.532287044961095, 0.0, 19.532287044961095), ('Pt(p111)', 10.083409101928897, 0.0, 10.083409101928897), ('Fe(p111)', 10.928540864595043, 0.0, 10.928540864595043), ('Fe(p111)', -6.20731004622945, 0.0, 6.20731004622945), ('Pt(p111)', -1.3719551655822073, 0.0, 1.3719551655822073), ('Pt(p111)', -2.99409678788202, 0.0, 2.99409678788202), ('Fe(p111)', 1.0781258091441206, 0.0, 1.0781258091441206), ('Pt(p111)', 27.33776429341822, 0.0, 27.33776429341822), ('Fe(p111)', -10.91361454811998, 0.0, 10.91361454811998), ('Fe(p111)', -12.656237020204522, 0.0, 12.656237020204522), ('Pt(p111)', 23.412970909511724, 0.0, 23.412970909511724), ('Pt(p111)', 6.243117135187303, 0.0, 6.243117135187303), ('Pt(p111)', 3.3552938913419315, 0.0, 3.3552938913419315), ('Pb(p111)', 12.350102213175397, 0.0, 12.350102213175397), ('Sn(p111)', -4.640202020782112, 0.0, 4.640202020782112), ('Sn(p111)', -17.15633548882395, 0.0, 17.15633548882395), ('Sn(p111)', -3.700427655064832, 0.0, 3.700427655064832), ('In(p111)', -4.67596429368276, 0.0, 4.67596429368276), ('Sn(p111)', -3.721994159315388, 0.0, 3.721994159315388), ('In(p111)', 2.0399024787048567, 0.0, 2.0399024787048567), ('In(p111)', 11.628782656215254, 0.0, 11.628782656215254), ('In(p111)', -10.658868876424954, 0.0, 10.658868876424954), ('Cd(p111)', -2.3615790134792896, 0.0, 2.3615790134792896), ('Cd(p111)', -0.6622902200553717, 0.0, 0.6622902200553717), ('Sn(p111)', 2.910435020656516, 0.0, 2.910435020656516), ('Pb(p111)', -4.969890765610382, 0.0, 4.969890765610382), ('Cd(p111)', 1.0793656969828476, 0.0, 1.0793656969828476), ('Cd(p111)', 4.863533584561496, 0.0, 4.863533584561496), ('Pb(p111)', -0.16036836782913255, 0.0, 0.16036836782913255), ('Cd(p111)', 3.7786472232990445, 0.0, 3.7786472232990445), ('Sn(p111)', -5.703619118517665, 0.0, 5.703619118517665), ('In(p111)', 7.767957872377892, 0.0, 7.767957872377892), ('Pb(p111)', -2.065327338115374, 0.0, 2.065327338115374), ('Pb(p111)', 7.918724868813763, 0.0, 7.918724868813763), ('Sn(p111)', 6.65548233634663, 0.0, 6.65548233634663)]
RMSE: 5.764934737891974
wandb: Waiting for W&B process to finish... (success).
wandb: 
wandb: Run history:
wandb: rmse ▁
wandb: 
wandb: Run summary:
wandb: rmse 0.88001
wandb: 
wandb: 🚀 View run 11/09/2023_14:42 at: https://wandb.ai/s204775/bsc_project/runs/hzr127zy
wandb: Synced 6 W&B file(s), 0 media file(s), 0 artifact file(s) and 1 other file(s)
wandb: Find logs at: ./wandb/run-20231109_144243-hzr127zy/logs
wandb: - Waiting for wandb.init()...wandb: \ Waiting for wandb.init()...wandb: wandb version 0.16.0 is available!  To upgrade, please run:
wandb:  $ pip install wandb --upgrade
wandb: Tracking run with wandb version 0.15.12
wandb: Run data is saved locally in /home/cat/s204775/projects/Bachelor_project/ML/regression/wandb/run-20231109_144251-lhpvi6zi
wandb: Run `wandb offline` to turn off syncing.
wandb: Syncing run 11/09/2023_14:42
wandb: ⭐️ View project at https://wandb.ai/s204775/bsc_project
wandb: 🚀 View run at https://wandb.ai/s204775/bsc_project/runs/lhpvi6zi
[('Zn(p111)', 1.83114095066757, 0.0, 1.83114095066757), ('Au(p111)', 0.6344619115563868, 0.0, 0.6344619115563868), ('Zn(p111)', 7.467108189219573, 0.0, 7.467108189219573), ('Ag(p111)', -4.114702353883841, 0.0, 4.114702353883841), ('Ag(p111)', -2.8096561641622344, 0.0, 2.8096561641622344), ('Ag(p111)', 8.821167938498442, 0.0, 8.821167938498442), ('Zn(p111)', -5.2100749413357175, 0.0, 5.2100749413357175), ('Ag(p111)', -6.043954627308006, 0.0, 6.043954627308006), ('Zn(p111)', -2.9666057511600847, 0.0, 2.9666057511600847), ('Au(p111)', 10.982728094573773, 0.0, 10.982728094573773), ('Ag(p111)', 2.5988784830910925, 0.0, 2.5988784830910925), ('Au(p111)', 3.3175801639009244, 0.0, 3.3175801639009244), ('Zn(p111)', 6.366469553580519, 0.0, 6.366469553580519), ('Zn(p111)', 2.379901934660518, 0.0, 2.379901934660518), ('Au(p111)', 2.8722919498653052, 0.0, 2.8722919498653052), ('Ag(p111)', 6.114317206290723, 0.0, 6.114317206290723), ('Au(p111)', 9.73737986296231, 0.0, 9.73737986296231), ('Ag(p111)', 8.020239505042438, 0.0, 8.020239505042438), ('Ag(p111)', -14.58236192930811, 0.0, 14.58236192930811), ('Zn(p111)', -0.22263440440646054, 0.0, 0.22263440440646054), ('Au(p111)', 9.048503184794408, 0.0, 9.048503184794408), ('Zn(p111)', -3.7984981178190305, 0.0, 3.7984981178190305), ('Cu(650)', 26.452261474862595, 20.080722306272897, 6.371539168589699), ('Cu(533)', 19.326716952718193, 6.210549897016596, 13.116167055701597), ('Cu(511)', 26.869144798290982, 27.29203561818273, 0.42289081989174804), ('Cu(510)', 17.124524005630096, 24.98836953194482, 7.863845526314723), ('Cu(810)', 20.464177147310544, 18.33893140952724, 2.1252457377833025), ('Cu(331)', 31.546657591339383, 23.47320499306572, 8.073452598273661), ('Cu(331)', 21.26404833556238, 12.19947282071679, 9.064575514845588), ('Cu(310)', 22.72900799716926, 26.60428160060509, 3.875273603435833), ('Cu(310)', 18.487913011933863, 24.82958085518832, 6.341667843254456), ('Cu(1111)', 20.77165258347398, 26.936383266499128, 6.164730683025148), ('Cu(755)', 21.288824885515105, 47.5291638391238, 26.240338953608692), ('Cu(650)', 22.244786056040972, 30.02706373858021, 7.782277682539238), ('Cu(210)', 16.54497681707017, 35.338156852502834, 18.793180035432663), ('Cu(310)', 26.050454949616697, 17.939124065079618, 8.111330884537079), ('Cu(211)', 19.195546206132946, 34.79447697027104, 15.598930764138096), ('Cu(610)', 22.869356087922178, 16.913508799777002, 5.955847288145176), ('Cu(755)', 26.80325844336445, 19.538501191806613, 7.264757251557835), ('Cu(210)', 21.481999223562703, 33.77116840167213, 12.289169178109425), ('Cu(810)', 22.174296334709027, 18.997623846352425, 3.1766724883566013), ('Cu(320)', 19.77158930471706, 35.728128434513664, 15.956539129796603), ('Cu(755)', 20.07530745225917, 48.47098152158701, 28.395674069327836), ('Cu(511)', 14.724918410462315, 10.197289850560328, 4.527628559901988), ('Fe(p111)', 0.351777225183298, 0.0, 0.351777225183298), ('Pt(p111)', -7.395900503600311, 0.0, 7.395900503600311), ('Fe(p111)', 9.859500417177777, 0.0, 9.859500417177777), ('Pt(p111)', 3.317958770855169, 0.0, 3.317958770855169), ('Pt(p111)', -4.41939561076837, 0.0, 4.41939561076837), ('Fe(p111)', 3.66174249161332, 0.0, 3.66174249161332), ('Pt(p111)', -1.555774635938267, 0.0, 1.555774635938267), ('Pt(p111)', 2.3109248541827467, 0.0, 2.3109248541827467), ('Fe(p111)', -5.914674689164935, 0.0, 5.914674689164935), ('Pt(p111)', 8.949607749379307, 0.0, 8.949607749379307), ('Pt(p111)', 5.098799531413215, 0.0, 5.098799531413215), ('Fe(p111)', 3.5149954256776894, 0.0, 3.5149954256776894), ('Fe(p111)', -1.2436084404713625, 0.0, 1.2436084404713625), ('Pt(p111)', 1.4536686292088365, 0.0, 1.4536686292088365), ('Pt(p111)', -2.004985145214576, 0.0, 2.004985145214576), ('Fe(p111)', 0.8323988471223913, 0.0, 0.8323988471223913), ('Pt(p111)', 13.272286527298494, 0.0, 13.272286527298494), ('Fe(p111)', -6.790958197705783, 0.0, 6.790958197705783), ('Fe(p111)', -8.810544627540668, 0.0, 8.810544627540668), ('Pt(p111)', 10.196233620387087, 0.0, 10.196233620387087), ('Pt(p111)', 3.1370459497844676, 0.0, 3.1370459497844676), ('Pt(p111)', 0.036223076791244146, 0.0, 0.036223076791244146), ('Pb(p111)', 5.727536194082857, 0.0, 5.727536194082857), ('Sn(p111)', -3.3540851646882075, 0.0, 3.3540851646882075), ('Sn(p111)', -8.651063881048202, 0.0, 8.651063881048202), ('Sn(p111)', -1.3064226563527264, 0.0, 1.3064226563527264), ('In(p111)', -1.2902397163448764, 0.0, 1.2902397163448764), ('Sn(p111)', -0.9492400707761419, 0.0, 0.9492400707761419), ('In(p111)', 1.6517356798440517, 0.0, 1.6517356798440517), ('In(p111)', 5.878023029363543, 0.0, 5.878023029363543), ('In(p111)', -4.454374824095451, 0.0, 4.454374824095451), ('Cd(p111)', -2.548625262243804, 0.0, 2.548625262243804), ('Cd(p111)', 0.5130762357273895, 0.0, 0.5130762357273895), ('Sn(p111)', 2.1866061307962488, 0.0, 2.1866061307962488), ('Pb(p111)', -1.6500560409977538, 0.0, 1.6500560409977538), ('Cd(p111)', 2.5255967890196516, 0.0, 2.5255967890196516), ('Cd(p111)', 3.4562525230582484, 0.0, 3.4562525230582484), ('Pb(p111)', -0.6117932285642382, 0.0, 0.6117932285642382), ('Cd(p111)', 2.6150187561910023, 0.0, 2.6150187561910023), ('Sn(p111)', -1.948516150317424, 0.0, 1.948516150317424), ('In(p111)', 3.6531713847787675, 0.0, 3.6531713847787675), ('Pb(p111)', -0.17726603717356504, 0.0, 0.17726603717356504), ('Pb(p111)', 4.864247990222566, 0.0, 4.864247990222566), ('Sn(p111)', 5.719912167673313, 0.0, 5.719912167673313)]
RMSE: 0.8800135957056846
wandb: Waiting for W&B process to finish... (success).
wandb: 
wandb: Run history:
wandb: rmse ▁
wandb: 
wandb: Run summary:
wandb: rmse 22.82402
wandb: 
wandb: 🚀 View run 11/09/2023_14:42 at: https://wandb.ai/s204775/bsc_project/runs/lhpvi6zi
wandb: Synced 6 W&B file(s), 0 media file(s), 0 artifact file(s) and 1 other file(s)
wandb: Find logs at: ./wandb/run-20231109_144251-lhpvi6zi/logs
wandb: - Waiting for wandb.init()...wandb: \ Waiting for wandb.init()...wandb: wandb version 0.16.0 is available!  To upgrade, please run:
wandb:  $ pip install wandb --upgrade
wandb: Tracking run with wandb version 0.15.12
wandb: Run data is saved locally in /home/cat/s204775/projects/Bachelor_project/ML/regression/wandb/run-20231109_144300-3f1qth4q
wandb: Run `wandb offline` to turn off syncing.
wandb: Syncing run 11/09/2023_14:42
wandb: ⭐️ View project at https://wandb.ai/s204775/bsc_project
wandb: 🚀 View run at https://wandb.ai/s204775/bsc_project/runs/3f1qth4q
[('Zn(p111)', 0.48113129778873764, 0.0, 0.48113129778873764), ('Au(p111)', 0.046576049293213684, 0.0, 0.046576049293213684), ('Zn(p111)', 1.043998686557524, 0.0, 1.043998686557524), ('Ag(p111)', -0.29391741948793504, 0.0, 0.29391741948793504), ('Ag(p111)', -0.43328298668024523, 0.0, 0.43328298668024523), ('Ag(p111)', 0.9213600849840323, 0.0, 0.9213600849840323), ('Zn(p111)', -0.0761588354101701, 0.0, 0.0761588354101701), ('Ag(p111)', -0.5303492538975879, 0.0, 0.5303492538975879), ('Zn(p111)', -0.8601687361249397, 0.0, 0.8601687361249397), ('Au(p111)', 1.579635076736709, 0.0, 1.579635076736709), ('Ag(p111)', 0.4408162453631723, 0.0, 0.4408162453631723), ('Au(p111)', 0.6023665525529935, 0.0, 0.6023665525529935), ('Zn(p111)', 1.2459426890272975, 0.0, 1.2459426890272975), ('Zn(p111)', 0.5925580845176301, 0.0, 0.5925580845176301), ('Au(p111)', 0.6979235281934159, 0.0, 0.6979235281934159), ('Ag(p111)', 0.8275029663905744, 0.0, 0.8275029663905744), ('Au(p111)', 1.0882652599920986, 0.0, 1.0882652599920986), ('Ag(p111)', 0.8489516595345017, 0.0, 0.8489516595345017), ('Ag(p111)', -1.3868384990203977, 0.0, 1.3868384990203977), ('Zn(p111)', -0.020259844719839437, 0.0, 0.020259844719839437), ('Au(p111)', 1.1644296383280741, 0.0, 1.1644296383280741), ('Zn(p111)', -0.5077272125841408, 0.0, 0.5077272125841408), ('Cu(650)', 3.5365801319962955, 1.7052499920878343, 1.8313301399084612), ('Cu(533)', 2.3874131053624583, 5.051154652144028, 2.6637415467815697), ('Cu(511)', 3.4977844178892497, 2.91864953075754, 0.5791348871317097), ('Cu(510)', 2.431444202800935, 3.937132851940808, 1.505688649139873), ('Cu(810)', 2.908837294092816, 3.180887530145552, 0.27205023605273615), ('Cu(331)', 3.8963943586380383, 3.25867626783329, 0.6377180908047482), ('Cu(331)', 3.4200903285476, 0.4308256205108571, 2.989264708036743), ('Cu(310)', 3.1146421318925035, 3.2431285855221974, 0.1284864536296939), ('Cu(310)', 2.2029404075199475, 9.309386963853443, 7.106446556333496), ('Cu(1111)', 2.8416991056428422, 1.394120394519914, 1.4475787111229281), ('Cu(755)', 2.9349773225031868, 2.233649276852037, 0.7013280456511497), ('Cu(650)', 2.886488356268665, 2.7780791449725517, 0.10840921129611347), ('Cu(210)', 2.6374748731858753, 2.100046938207403, 0.5374279349784721), ('Cu(310)', 3.2928882076766506, 3.937139498449221, 0.6442512907725706), ('Cu(211)', 2.5936838259938435, 3.616457259976528, 1.0227734339826844), ('Cu(610)', 3.1173959999831777, 0.5393931745813997, 2.578002825401778), ('Cu(755)', 3.4354223103798094, 1.2326733066860776, 2.202749003693732), ('Cu(210)', 2.69762509188084, 8.615669961352998, 5.9180448694721575), ('Cu(810)', 2.8683882510381107, 4.802971607798298, 1.9345833567601876), ('Cu(320)', 2.529905460543426, 4.693125729126043, 2.1632202685826174), ('Cu(755)', 2.728755339844009, 2.8848894991748777, 0.15613415933086872), ('Cu(511)', 1.8012776954242837, 4.317653363979352, 2.5163756685550687), ('Fe(p111)', 0.026210322168599642, 0.0, 0.026210322168599642), ('Pt(p111)', -1.097378780503059, 0.0, 1.097378780503059), ('Fe(p111)', 1.367936828706867, 0.0, 1.367936828706867), ('Pt(p111)', 0.5189210165364313, 0.0, 0.5189210165364313), ('Pt(p111)', -0.5787032480068144, 0.0, 0.5787032480068144), ('Fe(p111)', 0.6331373218072556, 0.0, 0.6331373218072556), ('Pt(p111)', -0.15103454330050647, 0.0, 0.15103454330050647), ('Pt(p111)', 0.31554293912589815, 0.0, 0.31554293912589815), ('Fe(p111)', -0.7504799676648428, 0.0, 0.7504799676648428), ('Pt(p111)', 1.257246243016449, 0.0, 1.257246243016449), ('Pt(p111)', 0.7077438562530773, 0.0, 0.7077438562530773), ('Fe(p111)', 0.6542909349102611, 0.0, 0.6542909349102611), ('Fe(p111)', -0.25585542450858423, 0.0, 0.25585542450858423), ('Pt(p111)', 0.05036280245912095, 0.0, 0.05036280245912095), ('Pt(p111)', -0.18650661929719736, 0.0, 0.18650661929719736), ('Fe(p111)', 0.1088898635701061, 0.0, 0.1088898635701061), ('Pt(p111)', 1.809153874793582, 0.0, 1.809153874793582), ('Fe(p111)', -0.7367278119767455, 0.0, 0.7367278119767455), ('Fe(p111)', -0.9289349045376426, 0.0, 0.9289349045376426), ('Pt(p111)', 1.483778270760468, 0.0, 1.483778270760468), ('Pt(p111)', 0.42851365274280395, 0.0, 0.42851365274280395), ('Pt(p111)', 0.17735004273039134, 0.0, 0.17735004273039134), ('Pb(p111)', 0.7585460023885549, 0.0, 0.7585460023885549), ('Sn(p111)', -0.3251090570522981, 0.0, 0.3251090570522981), ('Sn(p111)', -1.1347373052336767, 0.0, 1.1347373052336767), ('Sn(p111)', -0.23556947364938252, 0.0, 0.23556947364938252), ('In(p111)', -0.24261280427340481, 0.0, 0.24261280427340481), ('Sn(p111)', -0.19047941577253824, 0.0, 0.19047941577253824), ('In(p111)', 0.17189217937832912, 0.0, 0.17189217937832912), ('In(p111)', 0.7544250457262778, 0.0, 0.7544250457262778), ('In(p111)', -0.6577922468553133, 0.0, 0.6577922468553133), ('Cd(p111)', -0.18519751226298375, 0.0, 0.18519751226298375), ('Cd(p111)', 0.007143862410919466, 0.0, 0.007143862410919466), ('Sn(p111)', 0.2234041116082328, 0.0, 0.2234041116082328), ('Pb(p111)', -0.251444332700667, 0.0, 0.251444332700667), ('Cd(p111)', 0.19692616709068966, 0.0, 0.19692616709068966), ('Cd(p111)', 0.3379677807241872, 0.0, 0.3379677807241872), ('Pb(p111)', -0.028576202477568424, 0.0, 0.028576202477568424), ('Cd(p111)', 0.27143979315695965, 0.0, 0.27143979315695965), ('Sn(p111)', -0.3556554515804011, 0.0, 0.3556554515804011), ('In(p111)', 0.483038173981021, 0.0, 0.483038173981021), ('Pb(p111)', 0.008513080043976107, 0.0, 0.008513080043976107), ('Pb(p111)', 0.5640854032967579, 0.0, 0.5640854032967579), ('Sn(p111)', 0.4970410964548282, 0.0, 0.4970410964548282)]
RMSE: 22.82401843668215
wandb: Waiting for W&B process to finish... (success).
wandb: 
wandb: Run history:
wandb: rmse ▁
wandb: 
wandb: Run summary:
wandb: rmse 19.36673
wandb: 
wandb: 🚀 View run 11/09/2023_14:42 at: https://wandb.ai/s204775/bsc_project/runs/3f1qth4q
wandb: Synced 6 W&B file(s), 0 media file(s), 0 artifact file(s) and 1 other file(s)
wandb: Find logs at: ./wandb/run-20231109_144300-3f1qth4q/logs
wandb: - Waiting for wandb.init()...wandb: \ Waiting for wandb.init()...wandb: wandb version 0.16.0 is available!  To upgrade, please run:
wandb:  $ pip install wandb --upgrade
wandb: Tracking run with wandb version 0.15.12
wandb: Run data is saved locally in /home/cat/s204775/projects/Bachelor_project/ML/regression/wandb/run-20231109_144308-cjli4hrh
wandb: Run `wandb offline` to turn off syncing.
wandb: Syncing run 11/09/2023_14:42
wandb: ⭐️ View project at https://wandb.ai/s204775/bsc_project
wandb: 🚀 View run at https://wandb.ai/s204775/bsc_project/runs/cjli4hrh
[('Zn(p111)', 136.33156516467437, 163.81684169031692, 27.485276525642547), ('Au(p111)', 116.82158627343841, 158.63415192663092, 41.81256565319251), ('Zn(p111)', 120.01009308118563, 165.56820418500274, 45.55811110381711), ('Ag(p111)', 192.97169725581676, 174.2988660625257, 18.672831193291074), ('Ag(p111)', 165.6952514295703, 170.26771823030978, 4.572466800739477), ('Ag(p111)', 147.12070847233406, 164.01234471243674, 16.891636240102684), ('Zn(p111)', 147.46443354643682, 164.239637657905, 16.775204111468184), ('Ag(p111)', 188.9625677335241, 175.58540336342844, 13.37716437009567), ('Zn(p111)', 206.89835269157214, 167.56066436352188, 39.33768832805026), ('Au(p111)', 98.5588813949287, 163.6547363642524, 65.09585496932368), ('Ag(p111)', 179.63310633797687, 161.13928819840612, 18.49381813957075), ('Au(p111)', 126.66616704822277, 167.08644064271988, 40.420273594497104), ('Zn(p111)', 102.08636335178485, 166.91386654559278, 64.82750319380793), ('Zn(p111)', 119.7994837826771, 158.38676273501534, 38.58727895233824), ('Au(p111)', 126.69107316130095, 163.09589616413308, 36.40482300283213), ('Ag(p111)', 133.0284773850343, 159.3183168303477, 26.28983944531339), ('Au(p111)', 92.55130727327793, 165.94070453798673, 73.3893972647088), ('Ag(p111)', 139.48240672121807, 164.66508139732082, 25.18267467610275), ('Ag(p111)', 175.30882131378945, 174.47740158920044, 0.8314197245890114), ('Zn(p111)', 181.28302272776483, 167.05113883481988, 14.23188389294495), ('Au(p111)', 108.85609555480147, 163.26166851996692, 54.40557296516545), ('Zn(p111)', 183.48938838418542, 167.60005902139238, 15.889329362793035), ('Cu(650)', -14.75644069045353, 3.893390914887384, 18.649831605340914), ('Cu(533)', 58.76956613863331, -0.9619166300677502, 59.731482768701056), ('Cu(511)', -22.796707770462376, 20.474300394425363, 43.27100816488774), ('Cu(510)', 27.509109757309602, 3.299523539331377, 24.209586217978224), ('Cu(810)', 37.638657624077666, -6.369995647696838, 44.008653271774506), ('Cu(331)', -4.801710068106672, -3.04242109891425, 1.759288969192422), ('Cu(331)', 38.956422483720246, 10.18167618227404, 28.774746301446207), ('Cu(310)', 13.978717343177834, 9.15259097974444, 4.826126363433394), ('Cu(310)', -1.1433957284573921, 6.6660216961293575, 7.80941742458675), ('Cu(1111)', 37.56302674717165, 3.3537167090629127, 34.20931003810873), ('Cu(755)', 29.563814306045344, 5.291282065827072, 24.272532240218272), ('Cu(650)', 18.250354001126595, 7.325331920612841, 10.925022080513754), ('Cu(210)', 21.27589535590431, 5.925170959108613, 15.350724396795698), ('Cu(310)', -0.55247440503382, 9.221078719577289, 9.773553124611109), ('Cu(211)', 23.10005837687146, 10.443684888984622, 12.656373487886837), ('Cu(610)', 31.344766861504638, 4.808894391557331, 26.535872469947307), ('Cu(755)', -7.565161267916494, 13.168246191240671, 20.733407459157164), ('Cu(210)', 18.217514489220775, 5.239888485291988, 12.977626003928787), ('Cu(810)', 21.57048157043687, 7.093662721903121, 14.476818848533746), ('Cu(320)', 41.895272445070304, 4.13954799382164, 37.75572445124867), ('Cu(755)', -1.7598143625491502, 5.5993564207780695, 7.35917078332722), ('Cu(511)', 83.93841742513706, 4.379225093664919, 79.55919233147215), ('Fe(p111)', -4.333556694998833, 0.0, 4.333556694998833), ('Pt(p111)', -12.852246863847995, 0.0, 12.852246863847995), ('Fe(p111)', -57.85886738947454, 0.0, 57.85886738947454), ('Pt(p111)', -20.380542295451676, 0.0, 20.380542295451676), ('Pt(p111)', -9.965207365973583, 0.0, 9.965207365973583), ('Fe(p111)', -20.81339653155311, 0.0, 20.81339653155311), ('Pt(p111)', 20.254025565193217, 0.0, 20.254025565193217), ('Pt(p111)', -29.10797967369217, 0.0, 29.10797967369217), ('Fe(p111)', 45.96101855314134, 0.0, 45.96101855314134), ('Pt(p111)', -21.672708347183345, 0.0, 21.672708347183345), ('Pt(p111)', -3.1594422834673423, 0.0, 3.1594422834673423), ('Fe(p111)', 1.0016977069763584, 0.0, 1.0016977069763584), ('Fe(p111)', -10.397538452856338, 0.0, 10.397538452856338), ('Pt(p111)', -21.096129636871808, 0.0, 21.096129636871808), ('Pt(p111)', -2.3141563328532584, 0.0, 2.3141563328532584), ('Fe(p111)', -14.555728727160954, 0.0, 14.555728727160954), ('Pt(p111)', -22.431356988805078, 0.0, 22.431356988805078), ('Fe(p111)', 3.6454823356546626, 0.0, 3.6454823356546626), ('Fe(p111)', 95.4076821707128, 0.0, 95.4076821707128), ('Pt(p111)', 3.2396186240633824, 0.0, 3.2396186240633824), ('Pt(p111)', -36.36672281559572, 0.0, 36.36672281559572), ('Pt(p111)', 53.76615587806009, 0.0, 53.76615587806009), ('Pb(p111)', 23.909307905971787, 20.752162739395292, 3.1571451665764947), ('Sn(p111)', 32.60539387374649, 5.648978221383903, 26.95641565236259), ('Sn(p111)', 21.252288762719786, 10.37795760056144, 10.874331162158347), ('Sn(p111)', 41.27765531793074, 2.544228307014917, 38.73342701091582), ('In(p111)', 33.45411530764926, 11.132845948054223, 22.321269359595036), ('Sn(p111)', 21.146589551448358, 10.66646203095616, 10.480127520492198), ('In(p111)', 17.34637095526989, 9.978605747734145, 7.367765207535745), ('In(p111)', 14.354755136273525, 22.68029590653688, 8.325540770263355), ('In(p111)', 27.73890142298012, 18.947607130908292, 8.791294292071829), ('Cd(p111)', 25.05280428616203, 15.726649174438682, 9.326155111723347), ('Cd(p111)', 4.996879445713603, 13.283160196129836, 8.286280750416234), ('Sn(p111)', 14.143122399295407, 8.399716413236044, 5.743405986059363), ('Pb(p111)', 6.401462778746179, 5.581602041455885, 0.819860737290294), ('Cd(p111)', 22.20276684375125, 14.061383273046845, 8.141383570704404), ('Cd(p111)', 38.82819718223038, 19.0857785475192, 19.742418634711182), ('Pb(p111)', 19.12142259752045, 14.361523110504134, 4.759899487016316), ('Cd(p111)', 25.653889856060573, 19.78052632329817, 5.873363532762404), ('Sn(p111)', 50.45608885273788, 21.33782622948543, 29.11826262325245), ('In(p111)', -11.717245278575831, 3.5199285455869034, 15.237173824162735), ('Pb(p111)', -6.684547298883899, -3.790288047483406, 2.8942592514004932), ('Pb(p111)', 22.825646088456608, 12.365336426846728, 10.46030966160988), ('Sn(p111)', 7.028751390267871, 9.3929409581514, 2.3641895678835283)]
RMSE: 19.366733584031802
wandb: Waiting for W&B process to finish... (success).
wandb: 
wandb: Run history:
wandb: rmse ▁
wandb: 
wandb: Run summary:
wandb: rmse 11.31578
wandb: 
wandb: 🚀 View run 11/09/2023_14:42 at: https://wandb.ai/s204775/bsc_project/runs/cjli4hrh
wandb: Synced 6 W&B file(s), 0 media file(s), 0 artifact file(s) and 1 other file(s)
wandb: Find logs at: ./wandb/run-20231109_144308-cjli4hrh/logs
[('Zn(p111)', 25.318146772263674, 6.096512568579952, 19.22163420368372), ('Au(p111)', 52.719882697909355, 10.550227038783245, 42.16965565912611), ('Zn(p111)', 15.70283361308745, 1.5816518486802928, 14.121181764407156), ('Ag(p111)', -20.89216550166725, 6.761753910853085, 27.653919412520334), ('Ag(p111)', 17.4962376464631, 4.871227659999743, 12.625009986463358), ('Ag(p111)', 13.446608842986109, 1.8856656282808744, 11.560943214705235), ('Zn(p111)', 20.82992943933172, 2.124081822755608, 18.705847616576115), ('Ag(p111)', -2.0943715751670595, -0.3450636112842178, 1.7493079638828417), ('Zn(p111)', -13.242625285500623, 2.316675889981848, 15.55930117548247), ('Au(p111)', 25.67140191167539, 4.0871733613356005, 21.584228550339787), ('Ag(p111)', -5.524113963447235, 4.393883803737814, 9.91799776718505), ('Au(p111)', 31.139850336109475, 12.275713645259891, 18.864136690849584), ('Zn(p111)', 45.08274236777689, 5.736183988916636, 39.34655837886025), ('Zn(p111)', 32.378537369851784, 12.096753734775511, 20.281783635076273), ('Au(p111)', 12.928527880989662, 3.693922742518507, 9.234605138471156), ('Ag(p111)', 22.78881530913398, 8.323522550569791, 14.465292758564189), ('Au(p111)', 48.994991102978446, 3.518919758841552, 45.47607134413689), ('Ag(p111)', 14.326651396942225, 2.6601632083414124, 11.666488188600812), ('Ag(p111)', 38.218674358145336, 7.6564637673639, 30.562210590781437), ('Zn(p111)', -6.517635022727973, 2.5928836395555503, 9.110518662283523), ('Au(p111)', 22.502172981674278, 9.353882058329852, 13.148290923344426), ('Zn(p111)', -5.111321142683636, 9.908538932795842, 15.019860075479478), ('Cu(650)', 26.912342436365805, 8.602539377015908, 18.309803059349896), ('Cu(533)', -13.148640827050471, 25.006278412928296, 38.15491923997877), ('Cu(511)', 31.995344650727674, 14.046186865907966, 17.949157784819707), ('Cu(510)', 12.00888167541271, 11.768080576214414, 0.24080109919829518), ('Cu(810)', -16.520567532118463, 20.845129522875624, 37.36569705499409), ('Cu(331)', 10.691303719600882, 8.474917048637934, 2.2163866709629474), ('Cu(331)', -20.94437160009744, 9.760399790994406, 30.704771391091846), ('Cu(310)', 14.368404094442582, 8.108237488700606, 6.260166605741976), ('Cu(310)', 36.777603806715376, 17.01127331058202, 19.766330496133357), ('Cu(1111)', 3.6011812289877128, 15.77431851836906, 12.173137289381348), ('Cu(755)', 8.544102801569494, 9.589333507179898, 1.045230705610404), ('Cu(650)', 19.235058157322158, 11.081826215078, 8.153231942244158), ('Cu(210)', 16.022347692405503, 8.860740110678272, 7.161607581727232), ('Cu(310)', 25.758105236662516, 13.463528166915616, 12.2945770697469), ('Cu(211)', 23.249260258414154, 6.542599989125476, 16.706660269288676), ('Cu(610)', -0.5154020740655483, 10.987615563452303, 11.503017637517852), ('Cu(755)', 26.26276356154571, 12.999541680107676, 13.263221881438035), ('Cu(210)', 4.630675745603725, 15.686052696259942, 11.055376950656218), ('Cu(810)', 12.895023500398707, 8.21943895423614, 4.675584546162568), ('Cu(320)', 0.6294248764064605, 11.299385822695434, 10.669960946288974), ('Cu(755)', 42.2967085909157, 8.495658278832737, 33.801050312082964), ('Cu(511)', -23.692095921121222, 22.78623478230567, 46.47833070342689), ('Fe(p111)', -2.5906230173601443, 0.0292283253683435, 2.619851342728488), ('Pt(p111)', 23.059349485288323, 0.1597449275042981, 22.899604557784023), ('Fe(p111)', 15.859872827053778, -0.0328849779788327, 15.89275780503261), ('Pt(p111)', 16.716417304530466, 0.0921658852983642, 16.624251419232102), ('Pt(p111)', 29.131265255895045, 0.0875799135588535, 29.04368534233619), ('Fe(p111)', 20.405285446903065, 0.0961679523973729, 20.309117494505692), ('Pt(p111)', -13.15846531579811, 0.001955897966589, 13.1604212137647), ('Pt(p111)', 8.333295410193813, 0.122094547200862, 8.211200862992952), ('Fe(p111)', -28.149731216517182, 0.1408826226861966, 28.290613839203377), ('Pt(p111)', -9.954590577589158, 0.0286301918815526, 9.98322076947071), ('Pt(p111)', -24.64261727658723, 0.0064933251358947, 24.649110601723127), ('Fe(p111)', 3.716307967280187, 0.0194756194407237, 3.6968323478394636), ('Fe(p111)', 9.2756957165455, 0.142831862410138, 9.132863854135362), ('Pt(p111)', 1.2335655803306338, -0.0026905733352038, 1.2362561536658376), ('Pt(p111)', 22.498940688127163, 0.2469896410198699, 22.251951047107294), ('Fe(p111)', 15.611797129347309, 0.024543203178482, 15.587253926168827), ('Pt(p111)', -28.074128890196675, 0.1000374630765665, 28.174166353273243), ('Fe(p111)', 40.41306922170426, 0.1697838804137073, 40.24328534129055), ('Fe(p111)', -41.176517421417486, 0.0459330455202974, 41.22245046693779), ('Pt(p111)', -36.41000712238696, -0.0397040220149243, 36.370303100372034), ('Pt(p111)', 31.707396949828194, -0.0611863694196844, 31.768583319247877), ('Pt(p111)', -59.2352323373552, 0.098777727399459, 59.33401006475466), ('Pb(p111)', 143.54977429483714, 161.32896478045154, 17.779190485614407), ('Sn(p111)', 169.0595533256713, 186.92291712212463, 17.863363796453342), ('Sn(p111)', 202.95873148951156, 177.9174002922498, 25.04133119726177), ('Sn(p111)', 152.24468284559032, 189.7191398624889, 37.47445701689858), ('In(p111)', 166.51633900747146, 184.2170471833857, 17.70070817591423), ('Sn(p111)', 177.92589818687202, 182.1173628868362, 4.191464699964172), ('In(p111)', 168.26775814485137, 182.23315538795583, 13.965397243104462), ('In(p111)', 154.93025091687025, 171.0965474015113, 16.166296484641038), ('In(p111)', 185.5485584623373, 182.11303926084344, 3.435519201493861), ('Cd(p111)', 167.85963661009788, 192.1222297881192, 24.26259317802132), ('Cd(p111)', 192.94577565320645, 176.19103845301515, 16.7547372001913), ('Sn(p111)', 175.2997817314906, 188.38694568609097, 13.087163954600356), ('Pb(p111)', 196.33279219074637, 167.74598234178018, 28.586809848966197), ('Cd(p111)', 167.80706543188882, 193.04823389704404, 25.241168465155226), ('Cd(p111)', 142.06708547711156, 172.24109324922227, 30.174007772110713), ('Pb(p111)', 171.46798562288404, 193.85415667152927, 22.386171048645224), ('Cd(p111)', 154.5262335335721, 169.64288297059142, 15.116649437019305), ('Sn(p111)', 148.50845371626372, 160.69087379154877, 12.182420075285052), ('In(p111)', 197.21395171763848, 177.78944913689304, 19.42450258074544), ('Pb(p111)', 210.35069966718305, 183.10810991540512, 27.242589751777928), ('Pb(p111)', 151.9525703796542, 181.92374153974868, 29.971171160094485), ('Sn(p111)', 171.3388510946577, 194.86803755326764, 23.529186458609928)]
RMSE: 11.315784877983406
[('Zn(p111)', 12.401093571739267, 22.497835247461133, 10.096741675721866), ('Au(p111)', 15.014034466858448, 22.292959346888477, 7.278924880030029), ('Zn(p111)', 11.168005449630435, 18.956340153170665, 7.7883347035402295), ('Ag(p111)', 28.155688747783053, 22.14461378227741, 6.011074965505642), ('Ag(p111)', 30.163405972058612, 23.093978995979835, 7.069426976078777), ('Ag(p111)', 2.96996273958505, 21.59752746916312, 18.62756472957807), ('Zn(p111)', 24.94058142941075, 20.70517303930059, 4.235408390110159), ('Ag(p111)', 36.886561643775025, 21.72495985451439, 15.161601789260637), ('Zn(p111)', 47.873175266438345, 22.058508750399724, 25.81466651603862), ('Au(p111)', -7.24901466750903, 23.614701388648328, 30.863716056157358), ('Ag(p111)', 5.733031404597519, 23.34181353457541, 17.608782129977893), ('Au(p111)', 17.757223573855953, 20.59453789233652, 2.8373143184805656), ('Zn(p111)', 0.4476301946361474, 20.057283070677396, 19.60965287604125), ('Zn(p111)', 16.028081048459207, 20.853821864669463, 4.825740816210256), ('Au(p111)', 19.800455015049366, 20.18750747888643, 0.3870524638370654), ('Ag(p111)', 10.117625032669935, 20.39689771245012, 10.279272679780185), ('Au(p111)', -10.486097081244935, 24.352830199727023, 34.83892728097196), ('Ag(p111)', 2.4987094659274405, 23.628171975139274, 21.129462509211834), ('Ag(p111)', 54.81882736332152, 21.45027351441633, 33.36855384890519), ('Zn(p111)', 21.870546122766754, 19.52712268398131, 2.343423438785443), ('Au(p111)', 13.145973815735942, 21.155384364387032, 8.00941054865109), ('Zn(p111)', 39.049062196612304, 22.08952770821244, 16.959534488399864), ('Cu(650)', 21.98918436064187, 19.302693271722926, 2.6864910889189453), ('Cu(533)', 28.23125779848096, 22.77571431799408, 5.455543480486881), ('Cu(511)', 19.704997906501056, 14.437569594844383, 5.267428311656673), ('Cu(510)', 41.21204849464311, 20.33916838232269, 20.872880112320424), ('Cu(810)', 36.53871667301164, 15.927369788201448, 20.611346884810196), ('Cu(331)', 10.058749400446573, 19.89169301797157, 9.832943617524997), ('Cu(331)', 29.424416799259845, 24.55427711715202, 4.870139682107826), ('Cu(310)', 27.640001451023863, 19.54034957127913, 8.099651879744734), ('Cu(310)', 49.64319178312301, 14.051952663903055, 35.59123911921995), ('Cu(1111)', 23.405434293632, 10.288920761951726, 13.116513531680273), ('Cu(755)', 27.626388722625023, 28.55700515520043, 0.9306164325754054), ('Cu(650)', 24.928834808810656, 24.571827970404478, 0.3570068384061784), ('Cu(210)', 41.12590396707479, 34.06882766108741, 7.05707630598738), ('Cu(310)', 18.00058133227507, 22.78148977044516, 4.780908438170091), ('Cu(211)', 32.45743618504737, 14.24753296134286, 18.20990322370451), ('Cu(610)', 28.24309855963058, 16.1667359219244, 12.076362637706183), ('Cu(755)', 22.360910369323186, 19.54639915055456, 2.814511218768626), ('Cu(210)', 33.76070012590359, 22.61901173110245, 11.14168839480114), ('Cu(810)', 24.448948209617953, 22.938833741131365, 1.510114468486588), ('Cu(320)', 29.347272467026364, 29.68695255195415, 0.33968008492778523), ('Cu(755)', 26.291889201044548, 13.391740461598284, 12.900148739446264), ('Cu(511)', 40.47483500644567, 27.853321682231503, 12.62151332421417), ('Fe(p111)', 194.78265905976784, 189.93255819850964, 4.850100861258198), ('Pt(p111)', 220.59603450134355, 192.23279784715385, 28.363236654189706), ('Fe(p111)', 170.76210157181566, 190.12979028633563, 19.36768871451997), ('Pt(p111)', 188.3426490179242, 189.637827039135, 1.295178021210802), ('Pt(p111)', 201.24312144921396, 190.00037043132605, 11.242751017887912), ('Fe(p111)', 163.67762163892786, 190.85329413605945, 27.175672497131586), ('Pt(p111)', 193.24241470051805, 189.30896117338003, 3.9334535271380275), ('Pt(p111)', 194.48763084715057, 190.0759991352828, 4.411631711867756), ('Fe(p111)', 202.19917760377567, 190.6138498657167, 11.585327738058965), ('Pt(p111)', 170.48668906125457, 190.3959849084973, 19.90929584724273), ('Pt(p111)', 188.74144033706384, 191.19250288362676, 2.451062546562923), ('Fe(p111)', 171.18015567465653, 190.2967471766466, 19.116591501990058), ('Fe(p111)', 205.43366090441293, 190.4010082764902, 15.032652627922744), ('Pt(p111)', 210.46439255037654, 189.8869225356463, 20.57747001473024), ('Pt(p111)', 182.64412763882197, 190.2682788016764, 7.624151162854417), ('Fe(p111)', 186.59810994557222, 190.3220247674556, 3.723914821883369), ('Pt(p111)', 167.05681643326744, 189.53772148467505, 22.480905051407603), ('Fe(p111)', 185.1747528866892, 191.04975348558685, 5.875000598897657), ('Fe(p111)', 181.5330854430185, 191.4367805150754, 9.903695072056905), ('Pt(p111)', 162.0217977449161, 189.2730875168452, 27.251289771929095), ('Pt(p111)', 180.80794191008854, 189.60821784669, 8.800275936601452), ('Pt(p111)', 184.68626627423978, 191.06647535490305, 6.380209080663263), ('Pb(p111)', -4.105486894020743, 11.139777069972734, 15.245263963993477), ('Sn(p111)', 20.76369270252971, 8.35822322586543, 12.40546947666428), ('Sn(p111)', 35.25994525277111, 9.484950283141234, 25.774994969629876), ('Sn(p111)', 20.914165062581553, 15.026508803902477, 5.887656258679076), ('In(p111)', 16.635348720226375, 12.392110282678438, 4.243238437547937), ('Sn(p111)', 13.522425570480927, 5.810247447298052, 7.712178123182874), ('In(p111)', 3.742816221973115, 10.321095269498056, 6.578279047524941), ('In(p111)', -8.779770334834794, 12.240340874707876, 21.02011120954267), ('In(p111)', 27.109126605663313, 13.309051494595886, 13.800075111067427), ('Cd(p111)', 23.121158930253713, 10.765026675876197, 12.356132254377517), ('Cd(p111)', 10.865123201578704, 7.012162405930651, 3.8529607956480536), ('Sn(p111)', 4.144345266789131, 10.700428748135836, 6.556083481346706), ('Pb(p111)', 12.004526995632489, 10.530265783037954, 1.4742612125945342), ('Cd(p111)', 9.009749484327521, 13.293129987067214, 4.283380502739693), ('Cd(p111)', 2.0281206017230318, 11.50833341514032, 9.480212813417289), ('Pb(p111)', 10.925435872989908, 7.856792680185652, 3.068643192804256), ('Cd(p111)', 3.493531233860196, 18.72809414837473, 15.234562914514534), ('Sn(p111)', 15.242674230029365, 10.805999724757012, 4.436674505272354), ('In(p111)', 3.637701743512565, 6.4297740305591295, 2.7920722870465644), ('Pb(p111)', 1.8357619767299127, 10.051153722414716, 8.215391745684803), ('Pb(p111)', 3.2682443633967324, 13.109334336495378, 9.841089973098645), ('Sn(p111)', 1.6784175646450876, 5.568903875862629, 3.8904863112175416)]
