wandb: Currently logged in as: s204775. Use `wandb login --relogin` to force relogin
wandb: wandb version 0.16.0 is available!  To upgrade, please run:
wandb:  $ pip install wandb --upgrade
wandb: Tracking run with wandb version 0.15.12
wandb: Run data is saved locally in /home/cat/s204775/projects/Bachelor_project/ML/regression/wandb/run-20231109_144221-vzyakbtj
wandb: Run `wandb offline` to turn off syncing.
wandb: Syncing run 11/09/2023_14:42
wandb: ⭐️ View project at https://wandb.ai/s204775/bsc_project
wandb: 🚀 View run at https://wandb.ai/s204775/bsc_project/runs/vzyakbtj
wandb: Waiting for W&B process to finish... (success).
wandb: 
wandb: Run history:
wandb: rmse ▁
wandb: 
wandb: Run summary:
wandb: rmse 14.27319
wandb: 
wandb: 🚀 View run 11/09/2023_14:42 at: https://wandb.ai/s204775/bsc_project/runs/vzyakbtj
wandb: Synced 6 W&B file(s), 0 media file(s), 0 artifact file(s) and 1 other file(s)
wandb: Find logs at: ./wandb/run-20231109_144221-vzyakbtj/logs
wandb: - Waiting for wandb.init()...wandb: \ Waiting for wandb.init()...wandb: wandb version 0.16.0 is available!  To upgrade, please run:
wandb:  $ pip install wandb --upgrade
wandb: Tracking run with wandb version 0.15.12
wandb: Run data is saved locally in /home/cat/s204775/projects/Bachelor_project/ML/regression/wandb/run-20231109_144228-gxdkretn
wandb: Run `wandb offline` to turn off syncing.
wandb: Syncing run 11/09/2023_14:42
wandb: ⭐️ View project at https://wandb.ai/s204775/bsc_project
wandb: 🚀 View run at https://wandb.ai/s204775/bsc_project/runs/gxdkretn
wandb: Waiting for W&B process to finish... (success).
wandb: 
wandb: Run history:
wandb: rmse ▁
wandb: 
wandb: Run summary:
wandb: rmse 11.8401
wandb: 
wandb: 🚀 View run 11/09/2023_14:42 at: https://wandb.ai/s204775/bsc_project/runs/gxdkretn
wandb: Synced 6 W&B file(s), 0 media file(s), 0 artifact file(s) and 1 other file(s)
wandb: Find logs at: ./wandb/run-20231109_144228-gxdkretn/logs
wandb: - Waiting for wandb.init()...wandb: \ Waiting for wandb.init()...wandb: wandb version 0.16.0 is available!  To upgrade, please run:
wandb:  $ pip install wandb --upgrade
wandb: Tracking run with wandb version 0.15.12
wandb: Run data is saved locally in /home/cat/s204775/projects/Bachelor_project/ML/regression/wandb/run-20231109_144237-61p2otx7
wandb: Run `wandb offline` to turn off syncing.
wandb: Syncing run 11/09/2023_14:42
wandb: ⭐️ View project at https://wandb.ai/s204775/bsc_project
wandb: 🚀 View run at https://wandb.ai/s204775/bsc_project/runs/61p2otx7
RMSE: 14.273185900061186
[('Zn(p111)', 5.419887709615722, 0.0, 5.419887709615722), ('Au(p111)', 3.5767970861153486, 0.0, 3.5767970861153486), ('Zn(p111)', 19.868966958672345, 0.0, 19.868966958672345), ('Ag(p111)', -6.152780786649032, 0.0, 6.152780786649032), ('Ag(p111)', -7.176020345210688, 0.0, 7.176020345210688), ('Ag(p111)', 16.078747286154048, 0.0, 16.078747286154048), ('Zn(p111)', -8.526088470745549, 0.0, 8.526088470745549), ('Ag(p111)', -12.92177352757841, 0.0, 12.92177352757841), ('Zn(p111)', -15.762099624876143, 0.0, 15.762099624876143), ('Au(p111)', 32.6545498798214, 0.0, 32.6545498798214), ('Ag(p111)', 6.154091058895048, 0.0, 6.154091058895048), ('Au(p111)', 6.444958969090919, 0.0, 6.444958969090919), ('Zn(p111)', 16.771284595277194, 0.0, 16.771284595277194), ('Zn(p111)', 6.76029054422294, 0.0, 6.76029054422294), ('Au(p111)', 8.545332160826007, 0.0, 8.545332160826007), ('Ag(p111)', 9.875988036654995, 0.0, 9.875988036654995), ('Au(p111)', 31.680503220744896, 0.0, 31.680503220744896), ('Ag(p111)', 20.013776440032885, 0.0, 20.013776440032885), ('Ag(p111)', -31.052621184996283, 0.0, 31.052621184996283), ('Zn(p111)', 0.23786859644592084, 0.0, 0.23786859644592084), ('Au(p111)', 20.35113372877104, 0.0, 20.35113372877104), ('Zn(p111)', -10.655302598568284, 0.0, 10.655302598568284), ('Cu(650)', 64.65237225413884, 97.51518852764735, 32.862816273508514), ('Cu(533)', 50.66074662832235, 28.66867489006868, 21.99207173825367), ('Cu(511)', 69.0455218940185, 63.29953467097826, 5.745987223040245), ('Cu(510)', 44.8618603319545, 50.89296576956752, 6.031105437613014), ('Cu(810)', 52.89938256516517, 76.29337024570032, 23.393987680535147), ('Cu(331)', 72.50141537974383, 107.67645639344371, 35.17504101369988), ('Cu(331)', 58.90842387525584, 35.255321461408755, 23.653102413847087), ('Cu(310)', 54.76146661878934, 78.22100493573026, 23.45953831694092), ('Cu(310)', 47.2778588112183, 13.112904359617811, 34.164954451600494), ('Cu(1111)', 50.802321030642325, 120.73477995677138, 69.93245892612904), ('Cu(755)', 55.86181222949461, 57.51537806062514, 1.6535658311305284), ('Cu(650)', 58.463319850150114, 5.226345588745531, 53.23697426140458), ('Cu(210)', 45.284327544245684, 53.33899195759809, 8.054664413352405), ('Cu(310)', 62.01594061666657, 91.17184765060132, 29.155907033934753), ('Cu(211)', 47.915291790428284, 62.73606343346364, 14.820771643035357), ('Cu(610)', 54.52415411135732, 77.99033486422682, 23.466180752869505), ('Cu(755)', 64.68987856187476, 81.64502646569834, 16.955147903823573), ('Cu(210)', 57.732365647842485, 11.42979715514742, 46.302568492695066), ('Cu(810)', 54.21204250391064, 83.26515623053595, 29.053113726625313), ('Cu(320)', 52.18942251756835, 46.21338393753, 5.976038580038356), ('Cu(755)', 57.24632154205787, 62.63020243000314, 5.383880887945267), ('Cu(511)', 37.091124336785356, 72.38066237283286, 35.2895380360475), ('Fe(p111)', 0.27169849011595204, 0.0, 0.27169849011595204), ('Pt(p111)', -15.011387257671402, 0.0, 15.011387257671402), ('Fe(p111)', 24.578945343879873, 0.0, 24.578945343879873), ('Pt(p111)', 3.5978602138460047, 0.0, 3.5978602138460047), ('Pt(p111)', -13.138212142114867, 0.0, 13.138212142114867), ('Fe(p111)', 8.417221005172635, 0.0, 8.417221005172635), ('Pt(p111)', -5.7025157514608935, 0.0, 5.7025157514608935), ('Pt(p111)', 5.92795812798451, 0.0, 5.92795812798451), ('Fe(p111)', -13.357058966850431, 0.0, 13.357058966850431), ('Pt(p111)', 21.58364859579882, 0.0, 21.58364859579882), ('Pt(p111)', 10.905202869760778, 0.0, 10.905202869760778), ('Fe(p111)', 3.8678806160346255, 0.0, 3.8678806160346255), ('Fe(p111)', -4.785401965151053, 0.0, 4.785401965151053), ('Pt(p111)', 2.0296288235708033, 0.0, 2.0296288235708033), ('Pt(p111)', -5.5438352575179835, 0.0, 5.5438352575179835), ('Fe(p111)', 0.6918062136124519, 0.0, 0.6918062136124519), ('Pt(p111)', 30.713161794888457, 0.0, 30.713161794888457), ('Fe(p111)', -17.359890817087148, 0.0, 17.359890817087148), ('Fe(p111)', -23.448078745803116, 0.0, 23.448078745803116), ('Pt(p111)', 22.869928101704232, 0.0, 22.869928101704232), ('Pt(p111)', 6.030123210494622, 0.0, 6.030123210494622), ('Pt(p111)', 2.881804016055426, 0.0, 2.881804016055426), ('Pb(p111)', 14.846493723077323, 1.500405870398191, 13.346087852679132), ('Sn(p111)', -10.044421040352049, 1.183977397234624, 11.228398437586673), ('Sn(p111)', -24.29756147965128, 0.3231762109123065, 24.620737690563587), ('Sn(p111)', -5.461038690933705, 0.3912249020767807, 5.852263593010486), ('In(p111)', -5.238253363322173, 0.8200499511990698, 6.058303314521242), ('Sn(p111)', -3.4662175647842446, 1.6667754446671783, 5.132993009451423), ('In(p111)', 5.876322229329176, 0.9605163006830846, 4.915805928646091), ('In(p111)', 16.942548918150855, 1.6094647561198403, 15.333084162031016), ('In(p111)', -15.250686296606531, -1.6517997338128163, 13.598886562793716), ('Cd(p111)', -7.810736897511987, -0.5131162358758414, 7.297620661636145), ('Cd(p111)', -1.1476964617174445, 0.2773426800543091, 1.4250391417717536), ('Sn(p111)', 4.310795127438496, 0.6096245946420576, 3.7011705327964384), ('Pb(p111)', -3.232694918395154, -0.4501470491325145, 2.7825478692626398), ('Cd(p111)', 3.6309116412269447, 0.7053295814116706, 2.925582059815274), ('Cd(p111)', 8.108194773742582, 1.8768273507186628, 6.2313674230239195), ('Pb(p111)', -1.115875202044137, 0.6705536031045554, 1.7864288051486923), ('Cd(p111)', 7.7350564933210535, 0.193926230361056, 7.541130262959998), ('Sn(p111)', -5.255176237749524, 0.8502598356272668, 6.10543607337679), ('In(p111)', 6.229503083441912, 0.4013526065812391, 5.828150476860674), ('Pb(p111)', 2.6097052335624085, 0.2747523815402216, 2.334952852022187), ('Pb(p111)', 11.047397576131623, -0.0625765890616114, 11.109974165193234), ('Sn(p111)', 11.735184808108642, 0.004312652486734, 11.730872155621908)]
RMSE: 11.840103609518383
wandb: Waiting for W&B process to finish... (success).
wandb: 
wandb: Run history:
wandb: rmse ▁
wandb: 
wandb: Run summary:
wandb: rmse 5.76493
wandb: 
wandb: 🚀 View run 11/09/2023_14:42 at: https://wandb.ai/s204775/bsc_project/runs/61p2otx7
wandb: Synced 6 W&B file(s), 0 media file(s), 0 artifact file(s) and 1 other file(s)
wandb: Find logs at: ./wandb/run-20231109_144237-61p2otx7/logs
wandb: - Waiting for wandb.init()...wandb: \ Waiting for wandb.init()...wandb: wandb version 0.16.0 is available!  To upgrade, please run:
wandb:  $ pip install wandb --upgrade
wandb: Tracking run with wandb version 0.15.12
wandb: Run data is saved locally in /home/cat/s204775/projects/Bachelor_project/ML/regression/wandb/run-20231109_144246-ejcqocyf
wandb: Run `wandb offline` to turn off syncing.
wandb: Syncing run 11/09/2023_14:42
wandb: ⭐️ View project at https://wandb.ai/s204775/bsc_project
wandb: 🚀 View run at https://wandb.ai/s204775/bsc_project/runs/ejcqocyf
[('Zn(p111)', 8.642880145355953, 0.0, 8.642880145355953), ('Au(p111)', 0.8100000045908828, 0.0, 0.8100000045908828), ('Zn(p111)', 16.904572900040584, 0.0, 16.904572900040584), ('Ag(p111)', -5.123446352796535, 0.0, 5.123446352796535), ('Ag(p111)', -7.5832989167711204, 0.0, 7.5832989167711204), ('Ag(p111)', 13.430338580244523, 0.0, 13.430338580244523), ('Zn(p111)', 3.4190756222660283, 0.0, 3.4190756222660283), ('Ag(p111)', -9.44378258783496, 0.0, 9.44378258783496), ('Zn(p111)', -14.620544304302967, 0.0, 14.620544304302967), ('Au(p111)', 24.96094350650408, 0.0, 24.96094350650408), ('Ag(p111)', 5.013989095387181, 0.0, 5.013989095387181), ('Au(p111)', 10.342846463871012, 0.0, 10.342846463871012), ('Zn(p111)', 20.469464764701293, 0.0, 20.469464764701293), ('Zn(p111)', 11.980823202311008, 0.0, 11.980823202311008), ('Au(p111)', 15.139643586327907, 0.0, 15.139643586327907), ('Ag(p111)', 14.574216429419153, 0.0, 14.574216429419153), ('Au(p111)', 14.71561274326313, 0.0, 14.71561274326313), ('Ag(p111)', 11.627621876292707, 0.0, 11.627621876292707), ('Ag(p111)', -25.541570139976685, 0.0, 25.541570139976685), ('Zn(p111)', -1.698240958954841, 0.0, 1.698240958954841), ('Au(p111)', 20.631273568302348, 0.0, 20.631273568302348), ('Zn(p111)', -7.9447838812010545, 0.0, 7.9447838812010545), ('Cu(650)', 55.81214966954076, 30.537767814752726, 25.274381854788032), ('Cu(533)', 38.489915318375125, 59.70427558103669, 21.214360262661565), ('Cu(511)', 54.95110125912599, 50.86602529887742, 4.085075960248574), ('Cu(510)', 39.81121838903532, 60.91595150031982, 21.104733111284503), ('Cu(810)', 47.0828287107307, 42.224648760641344, 4.858179950089358), ('Cu(331)', 61.091788294366985, 46.13935828516611, 14.952430009200874), ('Cu(331)', 50.31823548152771, 44.34963249187875, 5.968602989648957), ('Cu(310)', 49.976626543210955, 56.85702508468738, 6.880398541476424), ('Cu(310)', 37.72675735359617, 91.159702229563, 53.432944875966825), ('Cu(1111)', 44.77230120577686, 34.61544308142934, 10.156858124347522), ('Cu(755)', 42.72078997746259, 70.11948490618963, 27.39869492872704), ('Cu(650)', 44.34101443288189, 62.53349546395536, 18.19248103107347), ('Cu(210)', 42.46488860082637, 42.71806085508241, 0.25317225425604306), ('Cu(310)', 52.62727150197627, 45.367565095797566, 7.259706406178701), ('Cu(211)', 40.85834209042953, 66.04632632645965, 25.18798423603012), ('Cu(610)', 47.71197191037802, 50.18963694992364, 2.47766503954562), ('Cu(755)', 51.94336778394401, 31.95655266547149, 19.98681511847252), ('Cu(210)', 45.890077845642, 90.93362243757002, 45.043544591928026), ('Cu(810)', 44.94282797207232, 97.83434936842836, 52.89152139635604), ('Cu(320)', 41.464552339728456, 24.81583936424374, 16.648712975484717), ('Cu(755)', 42.92366449669487, 28.88532097296945, 14.03834352372542), ('Cu(511)', 28.41600737035865, 61.48230517128884, 33.066297800930194), ('Fe(p111)', -0.4680213296276463, 0.0, 0.4680213296276463), ('Pt(p111)', -18.8692834155435, 0.0, 18.8692834155435), ('Fe(p111)', 21.236945655001946, 0.0, 21.236945655001946), ('Pt(p111)', 7.000212401679271, 0.0, 7.000212401679271), ('Pt(p111)', -10.39685832236517, 0.0, 10.39685832236517), ('Fe(p111)', 11.200291401098461, 0.0, 11.200291401098461), ('Pt(p111)', -3.5035098407368537, 0.0, 3.5035098407368537), ('Pt(p111)', 4.324363296743456, 0.0, 4.324363296743456), ('Fe(p111)', -12.353233474743242, 0.0, 12.353233474743242), ('Pt(p111)', 19.532287044961123, 0.0, 19.532287044961123), ('Pt(p111)', 10.083409101929007, 0.0, 10.083409101929007), ('Fe(p111)', 10.928540864595071, 0.0, 10.928540864595071), ('Fe(p111)', -6.207310046229573, 0.0, 6.207310046229573), ('Pt(p111)', -1.371955165582186, 0.0, 1.371955165582186), ('Pt(p111)', -2.994096787882029, 0.0, 2.994096787882029), ('Fe(p111)', 1.0781258091440407, 0.0, 1.0781258091440407), ('Pt(p111)', 27.337764293418257, 0.0, 27.337764293418257), ('Fe(p111)', -10.913614548119945, 0.0, 10.913614548119945), ('Fe(p111)', -12.656237020204593, 0.0, 12.656237020204593), ('Pt(p111)', 23.412970909511813, 0.0, 23.412970909511813), ('Pt(p111)', 6.24311713518734, 0.0, 6.24311713518734), ('Pt(p111)', 3.35529389134188, 0.0, 3.35529389134188), ('Pb(p111)', 12.350102213175361, 0.0, 12.350102213175361), ('Sn(p111)', -4.640202020782191, 0.0, 4.640202020782191), ('Sn(p111)', -17.156335488823906, 0.0, 17.156335488823906), ('Sn(p111)', -3.7004276550648143, 0.0, 3.7004276550648143), ('In(p111)', -4.675964293682753, 0.0, 4.675964293682753), ('Sn(p111)', -3.72199415931545, 0.0, 3.72199415931545), ('In(p111)', 2.0399024787047892, 0.0, 2.0399024787047892), ('In(p111)', 11.628782656215108, 0.0, 11.628782656215108), ('In(p111)', -10.658868876424954, 0.0, 10.658868876424954), ('Cd(p111)', -2.361579013479286, 0.0, 2.361579013479286), ('Cd(p111)', -0.6622902200554037, 0.0, 0.6622902200554037), ('Sn(p111)', 2.9104350206565073, 0.0, 2.9104350206565073), ('Pb(p111)', -4.969890765610309, 0.0, 4.969890765610309), ('Cd(p111)', 1.0793656969828476, 0.0, 1.0793656969828476), ('Cd(p111)', 4.863533584561395, 0.0, 4.863533584561395), ('Pb(p111)', -0.1603683678291361, 0.0, 0.1603683678291361), ('Cd(p111)', 3.778647223299018, 0.0, 3.778647223299018), ('Sn(p111)', -5.703619118517722, 0.0, 5.703619118517722), ('In(p111)', 7.767957872377913, 0.0, 7.767957872377913), ('Pb(p111)', -2.065327338115388, 0.0, 2.065327338115388), ('Pb(p111)', 7.918724868813754, 0.0, 7.918724868813754), ('Sn(p111)', 6.65548233634663, 0.0, 6.65548233634663)]
RMSE: 5.764934737891977
wandb: Waiting for W&B process to finish... (success).
wandb: 
wandb: Run history:
wandb: rmse ▁
wandb: 
wandb: Run summary:
wandb: rmse 0.88001
wandb: 
wandb: 🚀 View run 11/09/2023_14:42 at: https://wandb.ai/s204775/bsc_project/runs/ejcqocyf
wandb: Synced 6 W&B file(s), 0 media file(s), 0 artifact file(s) and 1 other file(s)
wandb: Find logs at: ./wandb/run-20231109_144246-ejcqocyf/logs
wandb: - Waiting for wandb.init()...wandb: \ Waiting for wandb.init()...wandb: wandb version 0.16.0 is available!  To upgrade, please run:
wandb:  $ pip install wandb --upgrade
wandb: Tracking run with wandb version 0.15.12
wandb: Run data is saved locally in /home/cat/s204775/projects/Bachelor_project/ML/regression/wandb/run-20231109_144254-p3jzcq6m
wandb: Run `wandb offline` to turn off syncing.
wandb: Syncing run 11/09/2023_14:42
wandb: ⭐️ View project at https://wandb.ai/s204775/bsc_project
wandb: 🚀 View run at https://wandb.ai/s204775/bsc_project/runs/p3jzcq6m
[('Zn(p111)', 1.8311409506675744, 0.0, 1.8311409506675744), ('Au(p111)', 0.6344619115563788, 0.0, 0.6344619115563788), ('Zn(p111)', 7.467108189219562, 0.0, 7.467108189219562), ('Ag(p111)', -4.114702353883846, 0.0, 4.114702353883846), ('Ag(p111)', -2.809656164162231, 0.0, 2.809656164162231), ('Ag(p111)', 8.821167938498428, 0.0, 8.821167938498428), ('Zn(p111)', -5.210074941335726, 0.0, 5.210074941335726), ('Ag(p111)', -6.043954627308018, 0.0, 6.043954627308018), ('Zn(p111)', -2.9666057511600776, 0.0, 2.9666057511600776), ('Au(p111)', 10.982728094573766, 0.0, 10.982728094573766), ('Ag(p111)', 2.5988784830910916, 0.0, 2.5988784830910916), ('Au(p111)', 3.317580163900921, 0.0, 3.317580163900921), ('Zn(p111)', 6.366469553580512, 0.0, 6.366469553580512), ('Zn(p111)', 2.3799019346605093, 0.0, 2.3799019346605093), ('Au(p111)', 2.872291949865314, 0.0, 2.872291949865314), ('Ag(p111)', 6.114317206290714, 0.0, 6.114317206290714), ('Au(p111)', 9.73737986296225, 0.0, 9.73737986296225), ('Ag(p111)', 8.020239505042435, 0.0, 8.020239505042435), ('Ag(p111)', -14.58236192930817, 0.0, 14.58236192930817), ('Zn(p111)', -0.22263440440647386, 0.0, 0.22263440440647386), ('Au(p111)', 9.048503184794397, 0.0, 9.048503184794397), ('Zn(p111)', -3.798498117819019, 0.0, 3.798498117819019), ('Cu(650)', 26.452261474862606, 20.080722306272897, 6.37153916858971), ('Cu(533)', 19.3267169527182, 6.210549897016596, 13.116167055701604), ('Cu(511)', 26.869144798290993, 27.29203561818273, 0.4228908198917374), ('Cu(510)', 17.12452400563006, 24.98836953194482, 7.863845526314758), ('Cu(810)', 20.46417714731053, 18.33893140952724, 2.1252457377832883), ('Cu(331)', 31.5466575913394, 23.47320499306572, 8.07345259827368), ('Cu(331)', 21.264048335562414, 12.19947282071679, 9.064575514845624), ('Cu(310)', 22.729007997169255, 26.60428160060509, 3.8752736034358364), ('Cu(310)', 18.48791301193385, 24.82958085518832, 6.34166784325447), ('Cu(1111)', 20.771652583473973, 26.936383266499128, 6.164730683025155), ('Cu(755)', 21.28882488551509, 47.5291638391238, 26.240338953608706), ('Cu(650)', 22.24478605604098, 30.02706373858021, 7.782277682539231), ('Cu(210)', 16.544976817070157, 35.338156852502834, 18.793180035432677), ('Cu(310)', 26.050454949616707, 17.939124065079618, 8.11133088453709), ('Cu(211)', 19.195546206132935, 34.79447697027104, 15.598930764138107), ('Cu(610)', 22.869356087922164, 16.913508799777002, 5.955847288145161), ('Cu(755)', 26.80325844336444, 19.538501191806613, 7.264757251557828), ('Cu(210)', 21.481999223562692, 33.77116840167213, 12.289169178109436), ('Cu(810)', 22.17429633470902, 18.997623846352425, 3.176672488356594), ('Cu(320)', 19.771589304717068, 35.728128434513664, 15.956539129796596), ('Cu(755)', 20.075307452259175, 48.47098152158701, 28.395674069327832), ('Cu(511)', 14.72491841046231, 10.197289850560328, 4.5276285599019825), ('Fe(p111)', 0.3517772251832696, 0.0, 0.3517772251832696), ('Pt(p111)', -7.395900503600373, 0.0, 7.395900503600373), ('Fe(p111)', 9.859500417177763, 0.0, 9.859500417177763), ('Pt(p111)', 3.3179587708551885, 0.0, 3.3179587708551885), ('Pt(p111)', -4.41939561076839, 0.0, 4.41939561076839), ('Fe(p111)', 3.661742491613346, 0.0, 3.661742491613346), ('Pt(p111)', -1.5557746359382563, 0.0, 1.5557746359382563), ('Pt(p111)', 2.310924854182737, 0.0, 2.310924854182737), ('Fe(p111)', -5.914674689164965, 0.0, 5.914674689164965), ('Pt(p111)', 8.949607749379316, 0.0, 8.949607749379316), ('Pt(p111)', 5.098799531413253, 0.0, 5.098799531413253), ('Fe(p111)', 3.5149954256777036, 0.0, 3.5149954256777036), ('Fe(p111)', -1.243608440471398, 0.0, 1.243608440471398), ('Pt(p111)', 1.4536686292088348, 0.0, 1.4536686292088348), ('Pt(p111)', -2.004985145214576, 0.0, 2.004985145214576), ('Fe(p111)', 0.8323988471223487, 0.0, 0.8323988471223487), ('Pt(p111)', 13.272286527298515, 0.0, 13.272286527298515), ('Fe(p111)', -6.79095819770577, 0.0, 6.79095819770577), ('Fe(p111)', -8.810544627540693, 0.0, 8.810544627540693), ('Pt(p111)', 10.196233620387117, 0.0, 10.196233620387117), ('Pt(p111)', 3.1370459497844614, 0.0, 3.1370459497844614), ('Pt(p111)', 0.0362230767912024, 0.0, 0.0362230767912024), ('Pb(p111)', 5.727536194082862, 0.0, 5.727536194082862), ('Sn(p111)', -3.354085164688236, 0.0, 3.354085164688236), ('Sn(p111)', -8.65106388104818, 0.0, 8.65106388104818), ('Sn(p111)', -1.3064226563527157, 0.0, 1.3064226563527157), ('In(p111)', -1.2902397163448711, 0.0, 1.2902397163448711), ('Sn(p111)', -0.9492400707761419, 0.0, 0.9492400707761419), ('In(p111)', 1.651735679844034, 0.0, 1.651735679844034), ('In(p111)', 5.878023029363508, 0.0, 5.878023029363508), ('In(p111)', -4.4543748240954635, 0.0, 4.4543748240954635), ('Cd(p111)', -2.5486252622437924, 0.0, 2.5486252622437924), ('Cd(p111)', 0.5130762357273824, 0.0, 0.5130762357273824), ('Sn(p111)', 2.1866061307962283, 0.0, 2.1866061307962283), ('Pb(p111)', -1.650056040997736, 0.0, 1.650056040997736), ('Cd(p111)', 2.5255967890196835, 0.0, 2.5255967890196835), ('Cd(p111)', 3.456252523058211, 0.0, 3.456252523058211), ('Pb(p111)', -0.6117932285642311, 0.0, 0.6117932285642311), ('Cd(p111)', 2.615018756190988, 0.0, 2.615018756190988), ('Sn(p111)', -1.9485161503174453, 0.0, 1.9485161503174453), ('In(p111)', 3.6531713847788225, 0.0, 3.6531713847788225), ('Pb(p111)', -0.1772660371735384, 0.0, 0.1772660371735384), ('Pb(p111)', 4.864247990222577, 0.0, 4.864247990222577), ('Sn(p111)', 5.719912167673314, 0.0, 5.719912167673314)]
RMSE: 0.8800135957056852
wandb: Waiting for W&B process to finish... (success).
wandb: 
wandb: Run history:
wandb: rmse ▁
wandb: 
wandb: Run summary:
wandb: rmse 22.82402
wandb: 
wandb: 🚀 View run 11/09/2023_14:42 at: https://wandb.ai/s204775/bsc_project/runs/p3jzcq6m
wandb: Synced 6 W&B file(s), 0 media file(s), 0 artifact file(s) and 1 other file(s)
wandb: Find logs at: ./wandb/run-20231109_144254-p3jzcq6m/logs
wandb: - Waiting for wandb.init()...wandb: \ Waiting for wandb.init()...wandb: wandb version 0.16.0 is available!  To upgrade, please run:
wandb:  $ pip install wandb --upgrade
wandb: Tracking run with wandb version 0.15.12
wandb: Run data is saved locally in /home/cat/s204775/projects/Bachelor_project/ML/regression/wandb/run-20231109_144303-0qbv0vew
wandb: Run `wandb offline` to turn off syncing.
wandb: Syncing run 11/09/2023_14:42
wandb: ⭐️ View project at https://wandb.ai/s204775/bsc_project
wandb: 🚀 View run at https://wandb.ai/s204775/bsc_project/runs/0qbv0vew
[('Zn(p111)', 0.4811312977887403, 0.0, 0.4811312977887403), ('Au(p111)', 0.04657604929320902, 0.0, 0.04657604929320902), ('Zn(p111)', 1.043998686557523, 0.0, 1.043998686557523), ('Ag(p111)', -0.29391741948794037, 0.0, 0.29391741948794037), ('Ag(p111)', -0.433282986680243, 0.0, 0.433282986680243), ('Ag(p111)', 0.9213600849840304, 0.0, 0.9213600849840304), ('Zn(p111)', -0.0761588354101681, 0.0, 0.0761588354101681), ('Ag(p111)', -0.5303492538975885, 0.0, 0.5303492538975885), ('Zn(p111)', -0.8601687361249408, 0.0, 0.8601687361249408), ('Au(p111)', 1.5796350767367056, 0.0, 1.5796350767367056), ('Ag(p111)', 0.44081624536316877, 0.0, 0.44081624536316877), ('Au(p111)', 0.6023665525529918, 0.0, 0.6023665525529918), ('Zn(p111)', 1.2459426890272982, 0.0, 1.2459426890272982), ('Zn(p111)', 0.5925580845176315, 0.0, 0.5925580845176315), ('Au(p111)', 0.6979235281934248, 0.0, 0.6979235281934248), ('Ag(p111)', 0.8275029663905733, 0.0, 0.8275029663905733), ('Au(p111)', 1.088265259992085, 0.0, 1.088265259992085), ('Ag(p111)', 0.8489516595344981, 0.0, 0.8489516595344981), ('Ag(p111)', -1.386838499020402, 0.0, 1.386838499020402), ('Zn(p111)', -0.02025984471983744, 0.0, 0.02025984471983744), ('Au(p111)', 1.1644296383280714, 0.0, 1.1644296383280714), ('Zn(p111)', -0.5077272125841392, 0.0, 0.5077272125841392), ('Cu(650)', 3.5365801319962955, 1.7052499920878343, 1.8313301399084612), ('Cu(533)', 2.3874131053624597, 5.051154652144028, 2.6637415467815684), ('Cu(511)', 3.497784417889248, 2.91864953075754, 0.5791348871317079), ('Cu(510)', 2.4314442028009324, 3.937132851940808, 1.5056886491398758), ('Cu(810)', 2.9088372940928116, 3.180887530145552, 0.2720502360527406), ('Cu(331)', 3.8963943586380427, 3.25867626783329, 0.6377180908047526), ('Cu(331)', 3.4200903285476008, 0.4308256205108571, 2.989264708036744), ('Cu(310)', 3.114642131892502, 3.2431285855221974, 0.12848645362969524), ('Cu(310)', 2.202940407519949, 9.309386963853443, 7.106446556333495), ('Cu(1111)', 2.8416991056428427, 1.394120394519914, 1.4475787111229286), ('Cu(755)', 2.9349773225031823, 2.233649276852037, 0.7013280456511453), ('Cu(650)', 2.886488356268666, 2.7780791449725517, 0.10840921129611436), ('Cu(210)', 2.6374748731858757, 2.100046938207403, 0.5374279349784725), ('Cu(310)', 3.2928882076766515, 3.937139498449221, 0.6442512907725697), ('Cu(211)', 2.5936838259938435, 3.616457259976528, 1.0227734339826844), ('Cu(610)', 3.1173959999831773, 0.5393931745813997, 2.5780028254017777), ('Cu(755)', 3.435422310379809, 1.2326733066860776, 2.2027490036937314), ('Cu(210)', 2.6976250918808375, 8.615669961352998, 5.91804486947216), ('Cu(810)', 2.868388251038109, 4.802971607798298, 1.9345833567601893), ('Cu(320)', 2.5299054605434246, 4.693125729126043, 2.1632202685826187), ('Cu(755)', 2.7287553398440068, 2.8848894991748777, 0.15613415933087094), ('Cu(511)', 1.8012776954242837, 4.317653363979352, 2.5163756685550687), ('Fe(p111)', 0.026210322168596978, 0.0, 0.026210322168596978), ('Pt(p111)', -1.0973787805030644, 0.0, 1.0973787805030644), ('Fe(p111)', 1.3679368287068674, 0.0, 1.3679368287068674), ('Pt(p111)', 0.5189210165364395, 0.0, 0.5189210165364395), ('Pt(p111)', -0.5787032480068124, 0.0, 0.5787032480068124), ('Fe(p111)', 0.6331373218072551, 0.0, 0.6331373218072551), ('Pt(p111)', -0.15103454330050603, 0.0, 0.15103454330050603), ('Pt(p111)', 0.31554293912589637, 0.0, 0.31554293912589637), ('Fe(p111)', -0.7504799676648433, 0.0, 0.7504799676648433), ('Pt(p111)', 1.2572462430164484, 0.0, 1.2572462430164484), ('Pt(p111)', 0.707743856253082, 0.0, 0.707743856253082), ('Fe(p111)', 0.6542909349102635, 0.0, 0.6542909349102635), ('Fe(p111)', -0.25585542450859444, 0.0, 0.25585542450859444), ('Pt(p111)', 0.050362802459122946, 0.0, 0.050362802459122946), ('Pt(p111)', -0.18650661929719803, 0.0, 0.18650661929719803), ('Fe(p111)', 0.10888986357010033, 0.0, 0.10888986357010033), ('Pt(p111)', 1.809153874793586, 0.0, 1.809153874793586), ('Fe(p111)', -0.7367278119767446, 0.0, 0.7367278119767446), ('Fe(p111)', -0.9289349045376469, 0.0, 0.9289349045376469), ('Pt(p111)', 1.4837782707604728, 0.0, 1.4837782707604728), ('Pt(p111)', 0.4285136527428022, 0.0, 0.4285136527428022), ('Pt(p111)', 0.17735004273038557, 0.0, 0.17735004273038557), ('Pb(p111)', 0.7585460023885555, 0.0, 0.7585460023885555), ('Sn(p111)', -0.32510905705230453, 0.0, 0.32510905705230453), ('Sn(p111)', -1.1347373052336733, 0.0, 1.1347373052336733), ('Sn(p111)', -0.23556947364938274, 0.0, 0.23556947364938274), ('In(p111)', -0.2426128042734037, 0.0, 0.2426128042734037), ('Sn(p111)', -0.19047941577254157, 0.0, 0.19047941577254157), ('In(p111)', 0.1718921793783279, 0.0, 0.1718921793783279), ('In(p111)', 0.7544250457262707, 0.0, 0.7544250457262707), ('In(p111)', -0.6577922468553146, 0.0, 0.6577922468553146), ('Cd(p111)', -0.1851975122629823, 0.0, 0.1851975122629823), ('Cd(p111)', 0.007143862410920132, 0.0, 0.007143862410920132), ('Sn(p111)', 0.22340411160823104, 0.0, 0.22340411160823104), ('Pb(p111)', -0.2514443327006637, 0.0, 0.2514443327006637), ('Cd(p111)', 0.196926167090691, 0.0, 0.196926167090691), ('Cd(p111)', 0.33796778072418254, 0.0, 0.33796778072418254), ('Pb(p111)', -0.028576202477567758, 0.0, 0.028576202477567758), ('Cd(p111)', 0.27143979315695965, 0.0, 0.27143979315695965), ('Sn(p111)', -0.35565545158040335, 0.0, 0.35565545158040335), ('In(p111)', 0.48303817398102566, 0.0, 0.48303817398102566), ('Pb(p111)', 0.008513080043978771, 0.0, 0.008513080043978771), ('Pb(p111)', 0.5640854032967573, 0.0, 0.5640854032967573), ('Sn(p111)', 0.4970410964548302, 0.0, 0.4970410964548302)]
RMSE: 22.824018436682117
wandb: Waiting for W&B process to finish... (success).
wandb: 
wandb: Run history:
wandb: rmse ▁
wandb: 
wandb: Run summary:
wandb: rmse 19.36673
wandb: 
wandb: 🚀 View run 11/09/2023_14:42 at: https://wandb.ai/s204775/bsc_project/runs/0qbv0vew
wandb: Synced 6 W&B file(s), 0 media file(s), 0 artifact file(s) and 1 other file(s)
wandb: Find logs at: ./wandb/run-20231109_144303-0qbv0vew/logs
wandb: - Waiting for wandb.init()...wandb: \ Waiting for wandb.init()...wandb: wandb version 0.16.0 is available!  To upgrade, please run:
wandb:  $ pip install wandb --upgrade
wandb: Tracking run with wandb version 0.15.12
wandb: Run data is saved locally in /home/cat/s204775/projects/Bachelor_project/ML/regression/wandb/run-20231109_144312-ooxvjza5
wandb: Run `wandb offline` to turn off syncing.
wandb: Syncing run 11/09/2023_14:42
wandb: ⭐️ View project at https://wandb.ai/s204775/bsc_project
wandb: 🚀 View run at https://wandb.ai/s204775/bsc_project/runs/ooxvjza5
[('Zn(p111)', 136.3315651646745, 163.81684169031692, 27.485276525642433), ('Au(p111)', 116.82158627343861, 158.63415192663092, 41.81256565319231), ('Zn(p111)', 120.01009308118554, 165.56820418500274, 45.5581111038172), ('Ag(p111)', 192.97169725581657, 174.2988660625257, 18.672831193290875), ('Ag(p111)', 165.6952514295704, 170.26771823030978, 4.572466800739392), ('Ag(p111)', 147.12070847233434, 164.01234471243674, 16.8916362401024), ('Zn(p111)', 147.4644335464368, 164.239637657905, 16.775204111468213), ('Ag(p111)', 188.96256773352417, 175.58540336342844, 13.377164370095727), ('Zn(p111)', 206.89835269157194, 167.56066436352188, 39.33768832805006), ('Au(p111)', 98.55888139492879, 163.6547363642524, 65.0958549693236), ('Ag(p111)', 179.63310633797673, 161.13928819840612, 18.493818139570607), ('Au(p111)', 126.666167048223, 167.08644064271988, 40.42027359449688), ('Zn(p111)', 102.08636335178493, 166.91386654559278, 64.82750319380786), ('Zn(p111)', 119.79948378267723, 158.38676273501534, 38.58727895233811), ('Au(p111)', 126.6910731613016, 163.09589616413308, 36.40482300283148), ('Ag(p111)', 133.0284773850342, 159.3183168303477, 26.289839445313504), ('Au(p111)', 92.55130727327793, 165.94070453798673, 73.3893972647088), ('Ag(p111)', 139.48240672121773, 164.66508139732082, 25.18267467610309), ('Ag(p111)', 175.30882131378937, 174.47740158920044, 0.8314197245889261), ('Zn(p111)', 181.28302272776472, 167.05113883481988, 14.231883892944836), ('Au(p111)', 108.85609555480144, 163.26166851996692, 54.405572965165476), ('Zn(p111)', 183.4893883841852, 167.60005902139238, 15.889329362792807), ('Cu(650)', -14.756440690453331, 3.893390914887384, 18.649831605340715), ('Cu(533)', 58.769566138633365, -0.9619166300677502, 59.73148276870111), ('Cu(511)', -22.796707770462262, 20.474300394425363, 43.271008164887625), ('Cu(510)', 27.509109757309687, 3.299523539331377, 24.20958621797831), ('Cu(810)', 37.63865762407784, -6.369995647696838, 44.008653271774676), ('Cu(331)', -4.801710068106416, -3.04242109891425, 1.7592889691921663), ('Cu(331)', 38.956422483720246, 10.18167618227404, 28.774746301446207), ('Cu(310)', 13.978717343177948, 9.15259097974444, 4.826126363433508), ('Cu(310)', -1.1433957284574632, 6.6660216961293575, 7.809417424586821), ('Cu(1111)', 37.563026747171676, 3.3537167090629127, 34.20931003810876), ('Cu(755)', 29.563814306045415, 5.291282065827072, 24.272532240218343), ('Cu(650)', 18.25035400112658, 7.325331920612841, 10.92502208051374), ('Cu(210)', 21.275895355904325, 5.925170959108613, 15.350724396795712), ('Cu(310)', -0.552474405033621, 9.221078719577289, 9.77355312461091), ('Cu(211)', 23.10005837687143, 10.443684888984622, 12.656373487886809), ('Cu(610)', 31.344766861504752, 4.808894391557331, 26.53587246994742), ('Cu(755)', -7.565161267916295, 13.168246191240671, 20.733407459156965), ('Cu(210)', 18.217514489220832, 5.239888485291988, 12.977626003928844), ('Cu(810)', 21.570481570436897, 7.093662721903121, 14.476818848533775), ('Cu(320)', 41.89527244507036, 4.13954799382164, 37.755724451248724), ('Cu(755)', -1.7598143625488945, 5.5993564207780695, 7.359170783326964), ('Cu(511)', 83.93841742513692, 4.379225093664919, 79.559192331472), ('Fe(p111)', -4.333556694998833, 0.0, 4.333556694998833), ('Pt(p111)', -12.852246863847483, 0.0, 12.852246863847483), ('Fe(p111)', -57.85886738947443, 0.0, 57.85886738947443), ('Pt(p111)', -20.38054229545139, 0.0, 20.38054229545139), ('Pt(p111)', -9.9652073659733, 0.0, 9.9652073659733), ('Fe(p111)', -20.81339653155291, 0.0, 20.81339653155291), ('Pt(p111)', 20.2540255651935, 0.0, 20.2540255651935), ('Pt(p111)', -29.1079796736921, 0.0, 29.1079796736921), ('Fe(p111)', 45.96101855314146, 0.0, 45.96101855314146), ('Pt(p111)', -21.672708347183374, 0.0, 21.672708347183374), ('Pt(p111)', -3.159442283467115, 0.0, 3.159442283467115), ('Fe(p111)', 1.001697706976401, 0.0, 1.001697706976401), ('Fe(p111)', -10.39753845285648, 0.0, 10.39753845285648), ('Pt(p111)', -21.09612963687175, 0.0, 21.09612963687175), ('Pt(p111)', -2.314156332853173, 0.0, 2.314156332853173), ('Fe(p111)', -14.555728727160925, 0.0, 14.555728727160925), ('Pt(p111)', -22.43135698880495, 0.0, 22.43135698880495), ('Fe(p111)', 3.645482335654947, 0.0, 3.645482335654947), ('Fe(p111)', 95.4076821707128, 0.0, 95.4076821707128), ('Pt(p111)', 3.23961862406361, 0.0, 3.23961862406361), ('Pt(p111)', -36.366722815595736, 0.0, 36.366722815595736), ('Pt(p111)', 53.76615587806015, 0.0, 53.76615587806015), ('Pb(p111)', 23.909307905971687, 20.752162739395292, 3.157145166576395), ('Sn(p111)', 32.60539387374648, 5.648978221383903, 26.956415652362576), ('Sn(p111)', 21.25228876272007, 10.37795760056144, 10.874331162158631), ('Sn(p111)', 41.27765531793082, 2.544228307014917, 38.733427010915904), ('In(p111)', 33.45411530764943, 11.132845948054223, 22.321269359595206), ('Sn(p111)', 21.146589551448486, 10.66646203095616, 10.480127520492326), ('In(p111)', 17.346370955269833, 9.978605747734145, 7.3677652075356885), ('In(p111)', 14.354755136273383, 22.68029590653688, 8.325540770263498), ('In(p111)', 27.73890142298032, 18.947607130908292, 8.791294292072028), ('Cd(p111)', 25.052804286161972, 15.726649174438682, 9.32615511172329), ('Cd(p111)', 4.996879445713532, 13.283160196129836, 8.286280750416305), ('Sn(p111)', 14.143122399295521, 8.399716413236044, 5.743405986059477), ('Pb(p111)', 6.401462778746435, 5.581602041455885, 0.8198607372905498), ('Cd(p111)', 22.20276684375125, 14.061383273046845, 8.141383570704404), ('Cd(p111)', 38.828197182230355, 19.0857785475192, 19.742418634711154), ('Pb(p111)', 19.121422597520507, 14.361523110504134, 4.759899487016373), ('Cd(p111)', 25.653889856060545, 19.78052632329817, 5.873363532762376), ('Sn(p111)', 50.456088852737906, 21.33782622948543, 29.118262623252477), ('In(p111)', -11.717245278575831, 3.5199285455869034, 15.237173824162735), ('Pb(p111)', -6.684547298883814, -3.790288047483406, 2.894259251400408), ('Pb(p111)', 22.825646088456708, 12.365336426846728, 10.46030966160998), ('Sn(p111)', 7.02875139026807, 9.3929409581514, 2.3641895678833293)]
RMSE: 19.36673358403177
wandb: Waiting for W&B process to finish... (success).
wandb: 
wandb: Run history:
wandb: rmse ▁
wandb: 
wandb: Run summary:
wandb: rmse 11.31578
wandb: 
wandb: 🚀 View run 11/09/2023_14:42 at: https://wandb.ai/s204775/bsc_project/runs/ooxvjza5
wandb: Synced 6 W&B file(s), 0 media file(s), 0 artifact file(s) and 1 other file(s)
wandb: Find logs at: ./wandb/run-20231109_144312-ooxvjza5/logs
[('Zn(p111)', 25.31814677226366, 6.096512568579952, 19.221634203683706), ('Au(p111)', 52.71988269790938, 10.550227038783245, 42.169655659126136), ('Zn(p111)', 15.702833613087712, 1.5816518486802928, 14.12118176440742), ('Ag(p111)', -20.892165501666952, 6.761753910853085, 27.653919412520036), ('Ag(p111)', 17.496237646462966, 4.871227659999743, 12.625009986463223), ('Ag(p111)', 13.446608842986002, 1.8856656282808744, 11.560943214705128), ('Zn(p111)', 20.829929439331735, 2.124081822755608, 18.70584761657613), ('Ag(p111)', -2.094371575167017, -0.3450636112842178, 1.749307963882799), ('Zn(p111)', -13.2426252855007, 2.316675889981848, 15.559301175482549), ('Au(p111)', 25.67140191167534, 4.0871733613356005, 21.584228550339738), ('Ag(p111)', -5.524113963447142, 4.393883803737814, 9.917997767184957), ('Au(p111)', 31.139850336109426, 12.275713645259891, 18.864136690849534), ('Zn(p111)', 45.08274236777693, 5.736183988916636, 39.346558378860294), ('Zn(p111)', 32.37853736985164, 12.096753734775511, 20.28178363507613), ('Au(p111)', 12.928527880988987, 3.693922742518507, 9.234605138470481), ('Ag(p111)', 22.788815309133952, 8.323522550569791, 14.46529275856416), ('Au(p111)', 48.99499110297911, 3.518919758841552, 45.47607134413755), ('Ag(p111)', 14.326651396942637, 2.6601632083414124, 11.666488188601225), ('Ag(p111)', 38.21867435814571, 7.6564637673639, 30.562210590781813), ('Zn(p111)', -6.517635022727859, 2.5928836395555503, 9.11051866228341), ('Au(p111)', 22.50217298167459, 9.353882058329852, 13.148290923344739), ('Zn(p111)', -5.111321142683437, 9.908538932795842, 15.01986007547928), ('Cu(650)', 26.91234243636574, 8.602539377015908, 18.309803059349832), ('Cu(533)', -13.148640827050656, 25.006278412928296, 38.15491923997895), ('Cu(511)', 31.99534465072764, 14.046186865907966, 17.949157784819672), ('Cu(510)', 12.008881675412752, 11.768080576214414, 0.2408010991983378), ('Cu(810)', -16.52056753211852, 20.845129522875624, 37.36569705499414), ('Cu(331)', 10.691303719600661, 8.474917048637934, 2.216386670962727), ('Cu(331)', -20.944371600097554, 9.760399790994406, 30.70477139109196), ('Cu(310)', 14.368404094442447, 8.108237488700606, 6.260166605741841), ('Cu(310)', 36.77760380671552, 17.01127331058202, 19.7663304961335), ('Cu(1111)', 3.601181228987741, 15.77431851836906, 12.17313728938132), ('Cu(755)', 8.5441028015696, 9.589333507179898, 1.0452307056102974), ('Cu(650)', 19.235058157322037, 11.081826215078, 8.153231942244037), ('Cu(210)', 16.02234769240529, 8.860740110678272, 7.161607581727019), ('Cu(310)', 25.758105236662352, 13.463528166915616, 12.294577069746737), ('Cu(211)', 23.249260258414154, 6.542599989125476, 16.706660269288676), ('Cu(610)', -0.5154020740653849, 10.987615563452303, 11.503017637517688), ('Cu(755)', 26.262763561545555, 12.999541680107676, 13.263221881437879), ('Cu(210)', 4.63067574560376, 15.686052696259942, 11.055376950656182), ('Cu(810)', 12.895023500398658, 8.21943895423614, 4.6755845461625185), ('Cu(320)', 0.6294248764064392, 11.299385822695434, 10.669960946288995), ('Cu(755)', 42.29670859091559, 8.495658278832737, 33.80105031208286), ('Cu(511)', -23.69209592112135, 22.78623478230567, 46.47833070342702), ('Fe(p111)', -2.590623017359654, 0.0292283253683435, 2.6198513427279977), ('Pt(p111)', 23.0593494852882, 0.1597449275042981, 22.899604557783903), ('Fe(p111)', 15.859872827053419, -0.0328849779788327, 15.892757805032252), ('Pt(p111)', 16.71641730452992, 0.0921658852983642, 16.624251419231555), ('Pt(p111)', 29.131265255895173, 0.0875799135588535, 29.043685342336317), ('Fe(p111)', 20.40528544690283, 0.0961679523973729, 20.309117494505458), ('Pt(p111)', -13.158465315798466, 0.001955897966589, 13.160421213765055), ('Pt(p111)', 8.333295410193752, 0.122094547200862, 8.211200862992891), ('Fe(p111)', -28.149731216517047, 0.1408826226861966, 28.290613839203242), ('Pt(p111)', -9.954590577589364, 0.0286301918815526, 9.983220769470917), ('Pt(p111)', -24.642617276587742, 0.0064933251358947, 24.64911060172364), ('Fe(p111)', 3.7163079672800663, 0.0194756194407237, 3.696832347839343), ('Fe(p111)', 9.275695716545787, 0.142831862410138, 9.13286385413565), ('Pt(p111)', 1.2335655803304242, -0.0026905733352038, 1.236256153665628), ('Pt(p111)', 22.498940688127014, 0.2469896410198699, 22.251951047107145), ('Fe(p111)', 15.611797129347558, 0.024543203178482, 15.587253926169076), ('Pt(p111)', -28.074128890197066, 0.1000374630765665, 28.174166353273634), ('Fe(p111)', 40.41306922170409, 0.1697838804137073, 40.24328534129038), ('Fe(p111)', -41.176517421417124, 0.0459330455202974, 41.222450466937424), ('Pt(p111)', -36.4100071223871, -0.0397040220149243, 36.370303100372176), ('Pt(p111)', 31.707396949828578, -0.0611863694196844, 31.76858331924826), ('Pt(p111)', -59.235232337354944, 0.098777727399459, 59.3340100647544), ('Pb(p111)', 143.54977429483705, 161.32896478045154, 17.779190485614492), ('Sn(p111)', 169.05955332567146, 186.92291712212463, 17.86336379645317), ('Sn(p111)', 202.95873148951128, 177.9174002922498, 25.041331197261485), ('Sn(p111)', 152.24468284559015, 189.7191398624889, 37.474457016898754), ('In(p111)', 166.51633900747152, 184.2170471833857, 17.700708175914173), ('Sn(p111)', 177.9258981868723, 182.1173628868362, 4.191464699963888), ('In(p111)', 168.26775814485129, 182.23315538795583, 13.965397243104547), ('In(p111)', 154.93025091687065, 171.0965474015113, 16.16629648464064), ('In(p111)', 185.54855846233716, 182.11303926084344, 3.435519201493719), ('Cd(p111)', 167.85963661009788, 192.1222297881192, 24.26259317802132), ('Cd(p111)', 192.94577565320645, 176.19103845301515, 16.7547372001913), ('Sn(p111)', 175.29978173149073, 188.38694568609097, 13.087163954600243), ('Pb(p111)', 196.33279219074618, 167.74598234178018, 28.586809848966), ('Cd(p111)', 167.80706543188873, 193.04823389704404, 25.24116846515531), ('Cd(p111)', 142.06708547711187, 172.24109324922227, 30.1740077721104), ('Pb(p111)', 171.46798562288407, 193.85415667152927, 22.386171048645195), ('Cd(p111)', 154.52623353357205, 169.64288297059142, 15.116649437019362), ('Sn(p111)', 148.50845371626377, 160.69087379154877, 12.182420075284995), ('In(p111)', 197.21395171763834, 177.78944913689304, 19.424502580745298), ('Pb(p111)', 210.35069966718308, 183.10810991540512, 27.242589751777956), ('Pb(p111)', 151.95257037965416, 181.92374153974868, 29.971171160094514), ('Sn(p111)', 171.3388510946576, 194.86803755326764, 23.52918645861004)]
RMSE: 11.315784877983411
[('Zn(p111)', 12.401093571739253, 22.497835247461133, 10.09674167572188), ('Au(p111)', 15.014034466858561, 22.292959346888477, 7.278924880029916), ('Zn(p111)', 11.168005449630428, 18.956340153170665, 7.788334703540237), ('Ag(p111)', 28.15568874778306, 22.14461378227741, 6.0110749655056495), ('Ag(p111)', 30.163405972058655, 23.093978995979835, 7.0694269760788195), ('Ag(p111)', 2.969962739585071, 21.59752746916312, 18.627564729578047), ('Zn(p111)', 24.94058142941077, 20.70517303930059, 4.23540839011018), ('Ag(p111)', 36.886561643775025, 21.72495985451439, 15.161601789260637), ('Zn(p111)', 47.87317526643824, 22.058508750399724, 25.814666516038514), ('Au(p111)', -7.249014667508888, 23.614701388648328, 30.863716056157216), ('Ag(p111)', 5.733031404597668, 23.34181353457541, 17.608782129977744), ('Au(p111)', 17.757223573855924, 20.59453789233652, 2.837314318480594), ('Zn(p111)', 0.4476301946361616, 20.057283070677396, 19.609652876041235), ('Zn(p111)', 16.02808104845917, 20.853821864669463, 4.825740816210292), ('Au(p111)', 19.80045501504914, 20.18750747888643, 0.38705246383729275), ('Ag(p111)', 10.117625032669991, 20.39689771245012, 10.279272679780128), ('Au(p111)', -10.486097081244765, 24.352830199727023, 34.83892728097179), ('Ag(p111)', 2.4987094659274476, 23.628171975139274, 21.129462509211827), ('Ag(p111)', 54.8188273633216, 21.45027351441633, 33.36855384890527), ('Zn(p111)', 21.870546122766584, 19.52712268398131, 2.3434234387852726), ('Au(p111)', 13.145973815735971, 21.155384364387032, 8.009410548651061), ('Zn(p111)', 39.04906219661221, 22.08952770821244, 16.959534488399772), ('Cu(650)', 21.98918436064187, 19.302693271722926, 2.6864910889189453), ('Cu(533)', 28.231257798480982, 22.77571431799408, 5.455543480486902), ('Cu(511)', 19.70499790650109, 14.437569594844383, 5.267428311656708), ('Cu(510)', 41.21204849464314, 20.33916838232269, 20.872880112320452), ('Cu(810)', 36.53871667301172, 15.927369788201448, 20.611346884810274), ('Cu(331)', 10.058749400446544, 19.89169301797157, 9.832943617525025), ('Cu(331)', 29.42441679925983, 24.55427711715202, 4.870139682107812), ('Cu(310)', 27.640001451023863, 19.54034957127913, 8.099651879744734), ('Cu(310)', 49.643191783123, 14.051952663903055, 35.59123911921995), ('Cu(1111)', 23.405434293632, 10.288920761951726, 13.116513531680273), ('Cu(755)', 27.62638872262505, 28.55700515520043, 0.930616432575377), ('Cu(650)', 24.928834808810706, 24.571827970404478, 0.35700683840622816), ('Cu(210)', 41.125903967074805, 34.06882766108741, 7.057076305987394), ('Cu(310)', 18.000581332275033, 22.78148977044516, 4.780908438170126), ('Cu(211)', 32.45743618504737, 14.24753296134286, 18.20990322370451), ('Cu(610)', 28.243098559630596, 16.1667359219244, 12.076362637706197), ('Cu(755)', 22.360910369323207, 19.54639915055456, 2.814511218768647), ('Cu(210)', 33.76070012590358, 22.61901173110245, 11.141688394801132), ('Cu(810)', 24.448948209617953, 22.938833741131365, 1.510114468486588), ('Cu(320)', 29.34727246702637, 29.68695255195415, 0.3396800849277781), ('Cu(755)', 26.29188920104454, 13.391740461598284, 12.900148739446257), ('Cu(511)', 40.47483500644569, 27.853321682231503, 12.621513324214185), ('Fe(p111)', 194.78265905976792, 189.93255819850964, 4.850100861258284), ('Pt(p111)', 220.5960345013438, 192.23279784715385, 28.36323665418996), ('Fe(p111)', 170.76210157181552, 190.12979028633563, 19.367688714520114), ('Pt(p111)', 188.3426490179241, 189.637827039135, 1.2951780212109156), ('Pt(p111)', 201.24312144921407, 190.00037043132605, 11.242751017888025), ('Fe(p111)', 163.67762163892797, 190.85329413605945, 27.175672497131472), ('Pt(p111)', 193.242414700518, 189.30896117338003, 3.9334535271379707), ('Pt(p111)', 194.48763084715068, 190.0759991352828, 4.411631711867869), ('Fe(p111)', 202.19917760377567, 190.6138498657167, 11.585327738058965), ('Pt(p111)', 170.48668906125465, 190.3959849084973, 19.909295847242646), ('Pt(p111)', 188.7414403370636, 191.19250288362676, 2.4510625465631506), ('Fe(p111)', 171.1801556746565, 190.2967471766466, 19.116591501990086), ('Fe(p111)', 205.433660904413, 190.4010082764902, 15.0326526279228), ('Pt(p111)', 210.46439255037635, 189.8869225356463, 20.57747001473004), ('Pt(p111)', 182.64412763882197, 190.2682788016764, 7.624151162854417), ('Fe(p111)', 186.59810994557216, 190.3220247674556, 3.723914821883426), ('Pt(p111)', 167.05681643326764, 189.53772148467505, 22.480905051407404), ('Fe(p111)', 185.17475288668913, 191.04975348558685, 5.875000598897714), ('Fe(p111)', 181.53308544301856, 191.4367805150754, 9.903695072056848), ('Pt(p111)', 162.02179774491597, 189.2730875168452, 27.251289771929237), ('Pt(p111)', 180.80794191008846, 189.60821784669, 8.800275936601537), ('Pt(p111)', 184.68626627423996, 191.06647535490305, 6.380209080663093), ('Pb(p111)', -4.105486894020771, 11.139777069972734, 15.245263963993505), ('Sn(p111)', 20.76369270252981, 8.35822322586543, 12.40546947666438), ('Sn(p111)', 35.25994525277105, 9.484950283141234, 25.774994969629812), ('Sn(p111)', 20.914165062581475, 15.026508803902477, 5.887656258678998), ('In(p111)', 16.635348720226375, 12.392110282678438, 4.243238437547937), ('Sn(p111)', 13.52242557048099, 5.810247447298052, 7.712178123182938), ('In(p111)', 3.7428162219730297, 10.321095269498056, 6.578279047525026), ('In(p111)', -8.779770334834609, 12.240340874707876, 21.020111209542485), ('In(p111)', 27.109126605663235, 13.309051494595886, 13.800075111067349), ('Cd(p111)', 23.121158930253657, 10.765026675876197, 12.35613225437746), ('Cd(p111)', 10.86512320157874, 7.012162405930651, 3.852960795648089), ('Sn(p111)', 4.1443452667890455, 10.700428748135836, 6.556083481346791), ('Pb(p111)', 12.004526995632517, 10.530265783037954, 1.4742612125945627), ('Cd(p111)', 9.009749484327486, 13.293129987067214, 4.283380502739728), ('Cd(p111)', 2.028120601723046, 11.50833341514032, 9.480212813417275), ('Pb(p111)', 10.925435872989922, 7.856792680185652, 3.06864319280427), ('Cd(p111)', 3.4935312338601534, 18.72809414837473, 15.234562914514576), ('Sn(p111)', 15.242674230029394, 10.805999724757012, 4.436674505272382), ('In(p111)', 3.6377017435124515, 6.4297740305591295, 2.792072287046678), ('Pb(p111)', 1.8357619767298985, 10.051153722414716, 8.215391745684817), ('Pb(p111)', 3.268244363396704, 13.109334336495378, 9.841089973098674), ('Sn(p111)', 1.678417564645045, 5.568903875862629, 3.8904863112175843)]
